#! /opt/homebrew/Cellar/icarus-verilog/12.0/bin/vvp
:ivl_version "12.0 (stable)";
:ivl_delay_selection "TYPICAL";
:vpi_time_precision + 0;
:vpi_module "/opt/homebrew/Cellar/icarus-verilog/12.0/lib/ivl/system.vpi";
:vpi_module "/opt/homebrew/Cellar/icarus-verilog/12.0/lib/ivl/vhdl_sys.vpi";
:vpi_module "/opt/homebrew/Cellar/icarus-verilog/12.0/lib/ivl/vhdl_textio.vpi";
:vpi_module "/opt/homebrew/Cellar/icarus-verilog/12.0/lib/ivl/v2005_math.vpi";
:vpi_module "/opt/homebrew/Cellar/icarus-verilog/12.0/lib/ivl/va_math.vpi";
S_0x15c909730 .scope module, "decoder" "decoder" 2 10;
 .timescale 0 0;
    .port_info 0 /OUTPUT 5 "reg_d";
    .port_info 1 /OUTPUT 5 "reg_j";
    .port_info 2 /OUTPUT 5 "reg_k";
    .port_info 3 /OUTPUT 8 "op";
    .port_info 4 /OUTPUT 3 "op_type";
    .port_info 5 /OUTPUT 26 "imm";
    .port_info 6 /OUTPUT 3 "imm_sz";
    .port_info 7 /OUTPUT 15 "bns_code";
    .port_info 8 /OUTPUT 5 "shift_imm";
    .port_info 9 /OUTPUT 20 "u12imm";
    .port_info 10 /OUTPUT 1 "flag_unsigned";
    .port_info 11 /OUTPUT 3 "access_sz";
    .port_info 12 /OUTPUT 1 "is_branch";
    .port_info 13 /OUTPUT 14 "csr";
    .port_info 14 /OUTPUT 1 "reg_j_ren";
    .port_info 15 /OUTPUT 1 "reg_k_ren";
    .port_info 16 /OUTPUT 1 "reg_d_ren";
    .port_info 17 /INPUT 32 "inst";
v0x15c91ac60_0 .var "access_sz", 2 0;
v0x15c91ad10_0 .var "bns_code", 14 0;
v0x15c91adc0_0 .var "csr", 13 0;
v0x15c91ae80_0 .var "flag_unsigned", 0 0;
v0x15c91af20_0 .var "imm", 25 0;
v0x15c91b010_0 .var "imm_sz", 2 0;
o0x160040010 .functor BUFZ 32, C4<zzzzzzzzzzzzzzzzzzzzzzzzzzzzzzzz>; HiZ drive
v0x15c91b0c0_0 .net "inst", 31 0, o0x160040010;  0 drivers
v0x15c91b160_0 .var "is_branch", 0 0;
v0x15c91b200_0 .var "op", 7 0;
v0x15c91b310_0 .net "op_2ri12", 7 0, v0x15c919960_0;  1 drivers
v0x15c91b3d0_0 .net "op_3r", 7 0, v0x15c919d00_0;  1 drivers
v0x15c91b460_0 .net "op_atomic", 7 0, v0x15c91a0c0_0;  1 drivers
v0x15c91b4f0_0 .net "op_bj", 7 0, v0x15c91a420_0;  1 drivers
v0x15c91b5a0_0 .net "op_csr", 7 0, v0x15c91a860_0;  1 drivers
v0x15c91b650_0 .var "op_type", 2 0;
v0x15c91b6f0_0 .net "op_u12i", 7 0, v0x15c91ab80_0;  1 drivers
v0x15c91b7b0_0 .var "reg_d", 4 0;
v0x15c91b950_0 .var "reg_d_ren", 0 0;
v0x15c91b9f0_0 .var "reg_j", 4 0;
v0x15c91baa0_0 .var "reg_j_ren", 0 0;
v0x15c91bb40_0 .var "reg_k", 4 0;
v0x15c91bbf0_0 .var "reg_k_ren", 0 0;
v0x15c91bc90_0 .var "shift_imm", 4 0;
v0x15c91bd40_0 .var "u12imm", 19 0;
E_0x15c908f50 .event anyedge, v0x15c91b650_0, v0x15c91b200_0;
E_0x15c906c70 .event anyedge, v0x15c91b200_0, v0x15c91b650_0;
E_0x15c907ca0/0 .event anyedge, v0x15c91b650_0, v0x15c919d00_0, v0x15c919960_0, v0x15c91a420_0;
E_0x15c907ca0/1 .event anyedge, v0x15c91a0c0_0, v0x15c91a860_0, v0x15c91ab80_0;
E_0x15c907ca0 .event/or E_0x15c907ca0/0, E_0x15c907ca0/1;
E_0x15c9064a0/0 .event anyedge, v0x15c919960_0, v0x15c919d00_0, v0x15c91a420_0, v0x15c91a0c0_0;
E_0x15c9064a0/1 .event anyedge, v0x15c91a860_0, v0x15c91ab80_0;
E_0x15c9064a0 .event/or E_0x15c9064a0/0, E_0x15c9064a0/1;
S_0x15c909a50 .scope module, "U_decoder_2ri12" "decoder_2ri12" 2 88, 3 2 0, S_0x15c909730;
 .timescale 0 0;
    .port_info 0 /OUTPUT 8 "op";
    .port_info 1 /INPUT 32 "inst";
v0x15c908fc0_0 .net "inst", 31 0, o0x160040010;  alias, 0 drivers
v0x15c919960_0 .var "op", 7 0;
E_0x15c906e30 .event anyedge, v0x15c908fc0_0;
S_0x15c919a40 .scope module, "U_decoder_3r" "decoder_3r" 2 83, 4 2 0, S_0x15c909730;
 .timescale 0 0;
    .port_info 0 /OUTPUT 8 "op";
    .port_info 1 /INPUT 32 "inst";
v0x15c919c30_0 .net "inst", 31 0, o0x160040010;  alias, 0 drivers
v0x15c919d00_0 .var "op", 7 0;
S_0x15c919dd0 .scope module, "U_decoder_atomic" "decoder_atomic" 2 98, 5 2 0, S_0x15c909730;
 .timescale 0 0;
    .port_info 0 /OUTPUT 8 "op";
    .port_info 1 /INPUT 32 "inst";
v0x15c919fe0_0 .net "inst", 31 0, o0x160040010;  alias, 0 drivers
v0x15c91a0c0_0 .var "op", 7 0;
S_0x15c91a180 .scope module, "U_decoder_bj" "decoder_bj" 2 93, 6 2 0, S_0x15c909730;
 .timescale 0 0;
    .port_info 0 /OUTPUT 8 "op";
    .port_info 1 /INPUT 32 "inst";
v0x15c91a370_0 .net "inst", 31 0, o0x160040010;  alias, 0 drivers
v0x15c91a420_0 .var "op", 7 0;
S_0x15c91a500 .scope module, "U_decoder_csr" "decoder_csr" 2 103, 7 2 0, S_0x15c909730;
 .timescale 0 0;
    .port_info 0 /OUTPUT 8 "op";
    .port_info 1 /INPUT 32 "inst";
v0x15c91a730_0 .net "inst", 31 0, o0x160040010;  alias, 0 drivers
v0x15c91a860_0 .var "op", 7 0;
S_0x15c91a8f0 .scope module, "U_decoder_u12i" "decoder_u12i" 2 108, 8 2 0, S_0x15c909730;
 .timescale 0 0;
    .port_info 0 /OUTPUT 8 "op";
    .port_info 1 /INPUT 32 "inst";
v0x15c91aae0_0 .net "inst", 31 0, o0x160040010;  alias, 0 drivers
v0x15c91ab80_0 .var "op", 7 0;
    .scope S_0x15c919a40;
T_0 ;
    %wait E_0x15c906e30;
    %load/vec4 v0x15c919c30_0;
    %parti/s 9, 23, 6;
    %cmpi/ne 0, 0, 9;
    %jmp/0xz  T_0.0, 4;
    %pushi/vec4 255, 0, 8;
    %store/vec4 v0x15c919d00_0, 0, 8;
    %jmp T_0.1;
T_0.0 ;
    %load/vec4 v0x15c919c30_0;
    %parti/s 8, 15, 5;
    %dup/vec4;
    %pushi/vec4 32, 0, 8;
    %cmp/u;
    %jmp/1 T_0.2, 6;
    %dup/vec4;
    %pushi/vec4 34, 0, 8;
    %cmp/u;
    %jmp/1 T_0.3, 6;
    %dup/vec4;
    %pushi/vec4 36, 0, 8;
    %cmp/u;
    %jmp/1 T_0.4, 6;
    %dup/vec4;
    %pushi/vec4 37, 0, 8;
    %cmp/u;
    %jmp/1 T_0.5, 6;
    %dup/vec4;
    %pushi/vec4 40, 0, 8;
    %cmp/u;
    %jmp/1 T_0.6, 6;
    %dup/vec4;
    %pushi/vec4 41, 0, 8;
    %cmp/u;
    %jmp/1 T_0.7, 6;
    %dup/vec4;
    %pushi/vec4 42, 0, 8;
    %cmp/u;
    %jmp/1 T_0.8, 6;
    %dup/vec4;
    %pushi/vec4 43, 0, 8;
    %cmp/u;
    %jmp/1 T_0.9, 6;
    %dup/vec4;
    %pushi/vec4 46, 0, 8;
    %cmp/u;
    %jmp/1 T_0.10, 6;
    %dup/vec4;
    %pushi/vec4 47, 0, 8;
    %cmp/u;
    %jmp/1 T_0.11, 6;
    %dup/vec4;
    %pushi/vec4 48, 0, 8;
    %cmp/u;
    %jmp/1 T_0.12, 6;
    %dup/vec4;
    %pushi/vec4 56, 0, 8;
    %cmp/u;
    %jmp/1 T_0.13, 6;
    %dup/vec4;
    %pushi/vec4 57, 0, 8;
    %cmp/u;
    %jmp/1 T_0.14, 6;
    %dup/vec4;
    %pushi/vec4 58, 0, 8;
    %cmp/u;
    %jmp/1 T_0.15, 6;
    %dup/vec4;
    %pushi/vec4 64, 0, 8;
    %cmp/u;
    %jmp/1 T_0.16, 6;
    %dup/vec4;
    %pushi/vec4 65, 0, 8;
    %cmp/u;
    %jmp/1 T_0.17, 6;
    %dup/vec4;
    %pushi/vec4 66, 0, 8;
    %cmp/u;
    %jmp/1 T_0.18, 6;
    %dup/vec4;
    %pushi/vec4 67, 0, 8;
    %cmp/u;
    %jmp/1 T_0.19, 6;
    %dup/vec4;
    %pushi/vec4 84, 0, 8;
    %cmp/u;
    %jmp/1 T_0.20, 6;
    %dup/vec4;
    %pushi/vec4 86, 0, 8;
    %cmp/u;
    %jmp/1 T_0.21, 6;
    %dup/vec4;
    %pushi/vec4 129, 0, 8;
    %cmp/u;
    %jmp/1 T_0.22, 6;
    %dup/vec4;
    %pushi/vec4 137, 0, 8;
    %cmp/u;
    %jmp/1 T_0.23, 6;
    %dup/vec4;
    %pushi/vec4 145, 0, 8;
    %cmp/u;
    %jmp/1 T_0.24, 6;
    %pushi/vec4 255, 0, 8;
    %store/vec4 v0x15c919d00_0, 0, 8;
    %jmp T_0.26;
T_0.2 ;
    %pushi/vec4 0, 0, 8;
    %store/vec4 v0x15c919d00_0, 0, 8;
    %jmp T_0.26;
T_0.3 ;
    %pushi/vec4 1, 0, 8;
    %store/vec4 v0x15c919d00_0, 0, 8;
    %jmp T_0.26;
T_0.4 ;
    %pushi/vec4 2, 0, 8;
    %store/vec4 v0x15c919d00_0, 0, 8;
    %jmp T_0.26;
T_0.5 ;
    %pushi/vec4 3, 0, 8;
    %store/vec4 v0x15c919d00_0, 0, 8;
    %jmp T_0.26;
T_0.6 ;
    %pushi/vec4 4, 0, 8;
    %store/vec4 v0x15c919d00_0, 0, 8;
    %jmp T_0.26;
T_0.7 ;
    %pushi/vec4 5, 0, 8;
    %store/vec4 v0x15c919d00_0, 0, 8;
    %jmp T_0.26;
T_0.8 ;
    %pushi/vec4 6, 0, 8;
    %store/vec4 v0x15c919d00_0, 0, 8;
    %jmp T_0.26;
T_0.9 ;
    %pushi/vec4 7, 0, 8;
    %store/vec4 v0x15c919d00_0, 0, 8;
    %jmp T_0.26;
T_0.10 ;
    %pushi/vec4 8, 0, 8;
    %store/vec4 v0x15c919d00_0, 0, 8;
    %jmp T_0.26;
T_0.11 ;
    %pushi/vec4 9, 0, 8;
    %store/vec4 v0x15c919d00_0, 0, 8;
    %jmp T_0.26;
T_0.12 ;
    %pushi/vec4 10, 0, 8;
    %store/vec4 v0x15c919d00_0, 0, 8;
    %jmp T_0.26;
T_0.13 ;
    %pushi/vec4 11, 0, 8;
    %store/vec4 v0x15c919d00_0, 0, 8;
    %jmp T_0.26;
T_0.14 ;
    %pushi/vec4 12, 0, 8;
    %store/vec4 v0x15c919d00_0, 0, 8;
    %jmp T_0.26;
T_0.15 ;
    %pushi/vec4 13, 0, 8;
    %store/vec4 v0x15c919d00_0, 0, 8;
    %jmp T_0.26;
T_0.16 ;
    %pushi/vec4 14, 0, 8;
    %store/vec4 v0x15c919d00_0, 0, 8;
    %jmp T_0.26;
T_0.17 ;
    %pushi/vec4 15, 0, 8;
    %store/vec4 v0x15c919d00_0, 0, 8;
    %jmp T_0.26;
T_0.18 ;
    %pushi/vec4 16, 0, 8;
    %store/vec4 v0x15c919d00_0, 0, 8;
    %jmp T_0.26;
T_0.19 ;
    %pushi/vec4 17, 0, 8;
    %store/vec4 v0x15c919d00_0, 0, 8;
    %jmp T_0.26;
T_0.20 ;
    %pushi/vec4 18, 0, 8;
    %store/vec4 v0x15c919d00_0, 0, 8;
    %jmp T_0.26;
T_0.21 ;
    %pushi/vec4 19, 0, 8;
    %store/vec4 v0x15c919d00_0, 0, 8;
    %jmp T_0.26;
T_0.22 ;
    %pushi/vec4 20, 0, 8;
    %store/vec4 v0x15c919d00_0, 0, 8;
    %jmp T_0.26;
T_0.23 ;
    %pushi/vec4 21, 0, 8;
    %store/vec4 v0x15c919d00_0, 0, 8;
    %jmp T_0.26;
T_0.24 ;
    %pushi/vec4 22, 0, 8;
    %store/vec4 v0x15c919d00_0, 0, 8;
    %jmp T_0.26;
T_0.26 ;
    %pop/vec4 1;
T_0.1 ;
    %jmp T_0;
    .thread T_0, $push;
    .scope S_0x15c909a50;
T_1 ;
    %wait E_0x15c906e30;
    %load/vec4 v0x15c908fc0_0;
    %parti/s 10, 22, 6;
    %dup/vec4;
    %pushi/vec4 8, 0, 10;
    %cmp/z;
    %jmp/1 T_1.0, 4;
    %dup/vec4;
    %pushi/vec4 9, 0, 10;
    %cmp/z;
    %jmp/1 T_1.1, 4;
    %dup/vec4;
    %pushi/vec4 10, 0, 10;
    %cmp/z;
    %jmp/1 T_1.2, 4;
    %dup/vec4;
    %pushi/vec4 13, 0, 10;
    %cmp/z;
    %jmp/1 T_1.3, 4;
    %dup/vec4;
    %pushi/vec4 14, 0, 10;
    %cmp/z;
    %jmp/1 T_1.4, 4;
    %dup/vec4;
    %pushi/vec4 15, 0, 10;
    %cmp/z;
    %jmp/1 T_1.5, 4;
    %dup/vec4;
    %pushi/vec4 24, 0, 10;
    %cmp/z;
    %jmp/1 T_1.6, 4;
    %dup/vec4;
    %pushi/vec4 160, 3, 10;
    %cmp/z;
    %jmp/1 T_1.7, 4;
    %dup/vec4;
    %pushi/vec4 164, 3, 10;
    %cmp/z;
    %jmp/1 T_1.8, 4;
    %dup/vec4;
    %pushi/vec4 168, 3, 10;
    %cmp/z;
    %jmp/1 T_1.9, 4;
    %pushi/vec4 255, 0, 8;
    %store/vec4 v0x15c919960_0, 0, 8;
    %jmp T_1.11;
T_1.0 ;
    %pushi/vec4 23, 0, 8;
    %store/vec4 v0x15c919960_0, 0, 8;
    %jmp T_1.11;
T_1.1 ;
    %pushi/vec4 24, 0, 8;
    %store/vec4 v0x15c919960_0, 0, 8;
    %jmp T_1.11;
T_1.2 ;
    %pushi/vec4 25, 0, 8;
    %store/vec4 v0x15c919960_0, 0, 8;
    %jmp T_1.11;
T_1.3 ;
    %pushi/vec4 26, 0, 8;
    %store/vec4 v0x15c919960_0, 0, 8;
    %jmp T_1.11;
T_1.4 ;
    %pushi/vec4 27, 0, 8;
    %store/vec4 v0x15c919960_0, 0, 8;
    %jmp T_1.11;
T_1.5 ;
    %pushi/vec4 28, 0, 8;
    %store/vec4 v0x15c919960_0, 0, 8;
    %jmp T_1.11;
T_1.6 ;
    %pushi/vec4 32, 0, 8;
    %store/vec4 v0x15c919960_0, 0, 8;
    %jmp T_1.11;
T_1.7 ;
    %pushi/vec4 35, 0, 8;
    %store/vec4 v0x15c919960_0, 0, 8;
    %jmp T_1.11;
T_1.8 ;
    %pushi/vec4 36, 0, 8;
    %store/vec4 v0x15c919960_0, 0, 8;
    %jmp T_1.11;
T_1.9 ;
    %pushi/vec4 37, 0, 8;
    %store/vec4 v0x15c919960_0, 0, 8;
    %jmp T_1.11;
T_1.11 ;
    %pop/vec4 1;
    %jmp T_1;
    .thread T_1, $push;
    .scope S_0x15c91a180;
T_2 ;
    %wait E_0x15c906e30;
    %load/vec4 v0x15c91a370_0;
    %parti/s 6, 26, 6;
    %dup/vec4;
    %pushi/vec4 19, 0, 6;
    %cmp/u;
    %jmp/1 T_2.0, 6;
    %dup/vec4;
    %pushi/vec4 20, 0, 6;
    %cmp/u;
    %jmp/1 T_2.1, 6;
    %dup/vec4;
    %pushi/vec4 21, 0, 6;
    %cmp/u;
    %jmp/1 T_2.2, 6;
    %dup/vec4;
    %pushi/vec4 22, 0, 6;
    %cmp/u;
    %jmp/1 T_2.3, 6;
    %dup/vec4;
    %pushi/vec4 24, 0, 6;
    %cmp/u;
    %jmp/1 T_2.4, 6;
    %dup/vec4;
    %pushi/vec4 25, 0, 6;
    %cmp/u;
    %jmp/1 T_2.5, 6;
    %dup/vec4;
    %pushi/vec4 26, 0, 6;
    %cmp/u;
    %jmp/1 T_2.6, 6;
    %dup/vec4;
    %pushi/vec4 27, 0, 6;
    %cmp/u;
    %jmp/1 T_2.7, 6;
    %pushi/vec4 255, 0, 8;
    %store/vec4 v0x15c91a420_0, 0, 8;
    %jmp T_2.9;
T_2.0 ;
    %pushi/vec4 38, 0, 8;
    %store/vec4 v0x15c91a420_0, 0, 8;
    %jmp T_2.9;
T_2.1 ;
    %pushi/vec4 39, 0, 8;
    %store/vec4 v0x15c91a420_0, 0, 8;
    %jmp T_2.9;
T_2.2 ;
    %pushi/vec4 40, 0, 8;
    %store/vec4 v0x15c91a420_0, 0, 8;
    %jmp T_2.9;
T_2.3 ;
    %pushi/vec4 41, 0, 8;
    %store/vec4 v0x15c91a420_0, 0, 8;
    %jmp T_2.9;
T_2.4 ;
    %pushi/vec4 42, 0, 8;
    %store/vec4 v0x15c91a420_0, 0, 8;
    %jmp T_2.9;
T_2.5 ;
    %pushi/vec4 43, 0, 8;
    %store/vec4 v0x15c91a420_0, 0, 8;
    %jmp T_2.9;
T_2.6 ;
    %pushi/vec4 44, 0, 8;
    %store/vec4 v0x15c91a420_0, 0, 8;
    %jmp T_2.9;
T_2.7 ;
    %pushi/vec4 45, 0, 8;
    %store/vec4 v0x15c91a420_0, 0, 8;
    %jmp T_2.9;
T_2.9 ;
    %pop/vec4 1;
    %jmp T_2;
    .thread T_2, $push;
    .scope S_0x15c919dd0;
T_3 ;
    %wait E_0x15c906e30;
    %load/vec4 v0x15c919fe0_0;
    %parti/s 8, 24, 6;
    %dup/vec4;
    %pushi/vec4 32, 0, 8;
    %cmp/u;
    %jmp/1 T_3.0, 6;
    %dup/vec4;
    %pushi/vec4 33, 0, 8;
    %cmp/u;
    %jmp/1 T_3.1, 6;
    %pushi/vec4 255, 0, 8;
    %store/vec4 v0x15c91a0c0_0, 0, 8;
    %jmp T_3.3;
T_3.0 ;
    %pushi/vec4 46, 0, 8;
    %store/vec4 v0x15c91a0c0_0, 0, 8;
    %jmp T_3.3;
T_3.1 ;
    %pushi/vec4 47, 0, 8;
    %store/vec4 v0x15c91a0c0_0, 0, 8;
    %jmp T_3.3;
T_3.3 ;
    %pop/vec4 1;
    %jmp T_3;
    .thread T_3, $push;
    .scope S_0x15c91a500;
T_4 ;
    %wait E_0x15c906e30;
    %load/vec4 v0x15c91a730_0;
    %parti/s 8, 24, 6;
    %cmpi/ne 4, 0, 8;
    %jmp/0xz  T_4.0, 4;
    %pushi/vec4 255, 0, 8;
    %store/vec4 v0x15c91a860_0, 0, 8;
    %jmp T_4.1;
T_4.0 ;
    %load/vec4 v0x15c91a730_0;
    %parti/s 5, 5, 4;
    %dup/vec4;
    %pushi/vec4 0, 0, 5;
    %cmp/u;
    %jmp/1 T_4.2, 6;
    %dup/vec4;
    %pushi/vec4 1, 0, 5;
    %cmp/u;
    %jmp/1 T_4.3, 6;
    %pushi/vec4 31, 0, 8;
    %store/vec4 v0x15c91a860_0, 0, 8;
    %jmp T_4.5;
T_4.2 ;
    %pushi/vec4 29, 0, 8;
    %store/vec4 v0x15c91a860_0, 0, 8;
    %jmp T_4.5;
T_4.3 ;
    %pushi/vec4 30, 0, 8;
    %store/vec4 v0x15c91a860_0, 0, 8;
    %jmp T_4.5;
T_4.5 ;
    %pop/vec4 1;
T_4.1 ;
    %jmp T_4;
    .thread T_4, $push;
    .scope S_0x15c91a8f0;
T_5 ;
    %wait E_0x15c906e30;
    %load/vec4 v0x15c91aae0_0;
    %parti/s 7, 25, 6;
    %dup/vec4;
    %pushi/vec4 10, 0, 7;
    %cmp/u;
    %jmp/1 T_5.0, 6;
    %dup/vec4;
    %pushi/vec4 14, 0, 7;
    %cmp/u;
    %jmp/1 T_5.1, 6;
    %pushi/vec4 255, 0, 8;
    %store/vec4 v0x15c91ab80_0, 0, 8;
    %jmp T_5.3;
T_5.0 ;
    %pushi/vec4 33, 0, 8;
    %store/vec4 v0x15c91ab80_0, 0, 8;
    %jmp T_5.3;
T_5.1 ;
    %pushi/vec4 34, 0, 8;
    %store/vec4 v0x15c91ab80_0, 0, 8;
    %jmp T_5.3;
T_5.3 ;
    %pop/vec4 1;
    %jmp T_5;
    .thread T_5, $push;
    .scope S_0x15c909730;
T_6 ;
    %wait E_0x15c906e30;
    %load/vec4 v0x15c91b0c0_0;
    %parti/s 5, 0, 2;
    %assign/vec4 v0x15c91b7b0_0, 0;
    %load/vec4 v0x15c91b0c0_0;
    %parti/s 5, 5, 4;
    %assign/vec4 v0x15c91b9f0_0, 0;
    %load/vec4 v0x15c91b0c0_0;
    %parti/s 5, 10, 5;
    %assign/vec4 v0x15c91bb40_0, 0;
    %jmp T_6;
    .thread T_6, $push;
    .scope S_0x15c909730;
T_7 ;
    %wait E_0x15c906e30;
    %load/vec4 v0x15c91b0c0_0;
    %parti/s 10, 0, 2;
    %load/vec4 v0x15c91b0c0_0;
    %parti/s 16, 10, 5;
    %concat/vec4; draw_concat_vec4
    %assign/vec4 v0x15c91af20_0, 0;
    %load/vec4 v0x15c91b0c0_0;
    %parti/s 15, 0, 2;
    %assign/vec4 v0x15c91ad10_0, 0;
    %load/vec4 v0x15c91b0c0_0;
    %parti/s 5, 10, 5;
    %assign/vec4 v0x15c91bc90_0, 0;
    %load/vec4 v0x15c91b0c0_0;
    %parti/s 20, 5, 4;
    %assign/vec4 v0x15c91bd40_0, 0;
    %jmp T_7;
    .thread T_7, $push;
    .scope S_0x15c909730;
T_8 ;
    %wait E_0x15c906e30;
    %load/vec4 v0x15c91b0c0_0;
    %parti/s 6, 26, 6;
    %cmpi/e 20, 0, 6;
    %jmp/1 T_8.6, 4;
    %flag_mov 8, 4;
    %load/vec4 v0x15c91b0c0_0;
    %parti/s 6, 26, 6;
    %cmpi/e 21, 0, 6;
    %flag_or 4, 8;
T_8.6;
    %jmp/1 T_8.5, 4;
    %flag_mov 8, 4;
    %load/vec4 v0x15c91b0c0_0;
    %parti/s 6, 26, 6;
    %cmpi/e 22, 0, 6;
    %flag_or 4, 8;
T_8.5;
    %jmp/1 T_8.4, 4;
    %flag_mov 8, 4;
    %load/vec4 v0x15c91b0c0_0;
    %parti/s 6, 26, 6;
    %cmpi/e 23, 0, 6;
    %flag_or 4, 8;
T_8.4;
    %jmp/1 T_8.3, 4;
    %flag_mov 8, 4;
    %load/vec4 v0x15c91b0c0_0;
    %parti/s 6, 26, 6;
    %cmpi/e 24, 0, 6;
    %flag_or 4, 8;
T_8.3;
    %jmp/1 T_8.2, 4;
    %flag_mov 8, 4;
    %load/vec4 v0x15c91b0c0_0;
    %parti/s 6, 26, 6;
    %cmpi/e 25, 0, 6;
    %flag_or 4, 8;
T_8.2;
    %jmp/1 T_8.1, 4;
    %flag_mov 8, 4;
    %load/vec4 v0x15c91b0c0_0;
    %parti/s 6, 26, 6;
    %cmpi/e 26, 0, 6;
    %flag_or 4, 8;
T_8.1;
    %flag_get/vec4 4;
    %jmp/1 T_8.0, 4;
    %load/vec4 v0x15c91b0c0_0;
    %parti/s 6, 26, 6;
    %pushi/vec4 27, 0, 6;
    %cmp/e;
    %flag_get/vec4 4;
    %or;
T_8.0;
    %assign/vec4 v0x15c91b160_0, 0;
    %jmp T_8;
    .thread T_8, $push;
    .scope S_0x15c909730;
T_9 ;
    %wait E_0x15c9064a0;
    %load/vec4 v0x15c91b310_0;
    %cmpi/ne 255, 0, 8;
    %jmp/0xz  T_9.0, 4;
    %pushi/vec4 1, 0, 3;
    %store/vec4 v0x15c91b650_0, 0, 3;
    %jmp T_9.1;
T_9.0 ;
    %load/vec4 v0x15c91b3d0_0;
    %cmpi/ne 255, 0, 8;
    %jmp/0xz  T_9.2, 4;
    %pushi/vec4 0, 0, 3;
    %store/vec4 v0x15c91b650_0, 0, 3;
    %jmp T_9.3;
T_9.2 ;
    %load/vec4 v0x15c91b4f0_0;
    %cmpi/ne 255, 0, 8;
    %jmp/0xz  T_9.4, 4;
    %pushi/vec4 2, 0, 3;
    %store/vec4 v0x15c91b650_0, 0, 3;
    %jmp T_9.5;
T_9.4 ;
    %load/vec4 v0x15c91b460_0;
    %cmpi/ne 255, 0, 8;
    %jmp/0xz  T_9.6, 4;
    %pushi/vec4 3, 0, 3;
    %store/vec4 v0x15c91b650_0, 0, 3;
    %jmp T_9.7;
T_9.6 ;
    %load/vec4 v0x15c91b5a0_0;
    %cmpi/ne 255, 0, 8;
    %jmp/0xz  T_9.8, 4;
    %pushi/vec4 4, 0, 3;
    %store/vec4 v0x15c91b650_0, 0, 3;
    %jmp T_9.9;
T_9.8 ;
    %load/vec4 v0x15c91b6f0_0;
    %cmpi/ne 255, 0, 8;
    %jmp/0xz  T_9.10, 4;
    %pushi/vec4 5, 0, 3;
    %store/vec4 v0x15c91b650_0, 0, 3;
    %jmp T_9.11;
T_9.10 ;
    %pushi/vec4 7, 0, 3;
    %store/vec4 v0x15c91b650_0, 0, 3;
T_9.11 ;
T_9.9 ;
T_9.7 ;
T_9.5 ;
T_9.3 ;
T_9.1 ;
    %jmp T_9;
    .thread T_9, $push;
    .scope S_0x15c909730;
T_10 ;
    %wait E_0x15c907ca0;
    %load/vec4 v0x15c91b650_0;
    %dup/vec4;
    %pushi/vec4 0, 0, 3;
    %cmp/u;
    %jmp/1 T_10.0, 6;
    %dup/vec4;
    %pushi/vec4 1, 0, 3;
    %cmp/u;
    %jmp/1 T_10.1, 6;
    %dup/vec4;
    %pushi/vec4 2, 0, 3;
    %cmp/u;
    %jmp/1 T_10.2, 6;
    %dup/vec4;
    %pushi/vec4 3, 0, 3;
    %cmp/u;
    %jmp/1 T_10.3, 6;
    %dup/vec4;
    %pushi/vec4 4, 0, 3;
    %cmp/u;
    %jmp/1 T_10.4, 6;
    %dup/vec4;
    %pushi/vec4 5, 0, 3;
    %cmp/u;
    %jmp/1 T_10.5, 6;
    %pushi/vec4 255, 0, 8;
    %store/vec4 v0x15c91b200_0, 0, 8;
    %jmp T_10.7;
T_10.0 ;
    %load/vec4 v0x15c91b3d0_0;
    %store/vec4 v0x15c91b200_0, 0, 8;
    %jmp T_10.7;
T_10.1 ;
    %load/vec4 v0x15c91b310_0;
    %store/vec4 v0x15c91b200_0, 0, 8;
    %jmp T_10.7;
T_10.2 ;
    %load/vec4 v0x15c91b4f0_0;
    %store/vec4 v0x15c91b200_0, 0, 8;
    %jmp T_10.7;
T_10.3 ;
    %load/vec4 v0x15c91b460_0;
    %store/vec4 v0x15c91b200_0, 0, 8;
    %jmp T_10.7;
T_10.4 ;
    %load/vec4 v0x15c91b5a0_0;
    %store/vec4 v0x15c91b200_0, 0, 8;
    %jmp T_10.7;
T_10.5 ;
    %load/vec4 v0x15c91b6f0_0;
    %store/vec4 v0x15c91b200_0, 0, 8;
    %jmp T_10.7;
T_10.7 ;
    %pop/vec4 1;
    %jmp T_10;
    .thread T_10, $push;
    .scope S_0x15c909730;
T_11 ;
    %wait E_0x15c906e30;
    %load/vec4 v0x15c91b0c0_0;
    %parti/s 2, 22, 6;
    %pad/u 3;
    %store/vec4 v0x15c91ac60_0, 0, 3;
    %jmp T_11;
    .thread T_11, $push;
    .scope S_0x15c909730;
T_12 ;
    %wait E_0x15c906e30;
    %load/vec4 v0x15c91b0c0_0;
    %parti/s 14, 10, 5;
    %store/vec4 v0x15c91adc0_0, 0, 14;
    %jmp T_12;
    .thread T_12, $push;
    .scope S_0x15c909730;
T_13 ;
    %wait E_0x15c906e30;
    %load/vec4 v0x15c91b0c0_0;
    %parti/s 10, 22, 6;
    %cmpi/e 13, 0, 10;
    %jmp/1 T_13.3, 4;
    %flag_mov 8, 4;
    %load/vec4 v0x15c91b0c0_0;
    %parti/s 10, 22, 6;
    %cmpi/e 14, 0, 10;
    %flag_or 4, 8;
T_13.3;
    %jmp/1 T_13.2, 4;
    %flag_mov 8, 4;
    %load/vec4 v0x15c91b0c0_0;
    %parti/s 10, 22, 6;
    %cmpi/e 15, 0, 10;
    %flag_or 4, 8;
T_13.2;
    %flag_mov 8, 4;
    %jmp/0 T_13.0, 8;
    %pushi/vec4 1, 0, 2;
    %jmp/1 T_13.1, 8;
T_13.0 ; End of true expr.
    %pushi/vec4 0, 0, 2;
    %jmp/0 T_13.1, 8;
 ; End of false expr.
    %blend;
T_13.1;
    %pad/s 1;
    %store/vec4 v0x15c91ae80_0, 0, 1;
    %jmp T_13;
    .thread T_13, $push;
    .scope S_0x15c909730;
T_14 ;
    %wait E_0x15c906e30;
    %load/vec4 v0x15c91b0c0_0;
    %parti/s 7, 25, 6;
    %cmpi/e 1, 0, 7;
    %flag_mov 8, 4;
    %jmp/0 T_14.0, 8;
    %pushi/vec4 1, 0, 3;
    %jmp/1 T_14.1, 8;
T_14.0 ; End of true expr.
    %load/vec4 v0x15c91b0c0_0;
    %parti/s 7, 25, 6;
    %cmpi/e 3, 0, 7;
    %flag_mov 9, 4;
    %jmp/0 T_14.2, 9;
    %pushi/vec4 1, 0, 3;
    %jmp/1 T_14.3, 9;
T_14.2 ; End of true expr.
    %load/vec4 v0x15c91b0c0_0;
    %parti/s 6, 26, 6;
    %cmpi/e 10, 0, 6;
    %flag_mov 10, 4;
    %jmp/0 T_14.4, 10;
    %pushi/vec4 1, 0, 3;
    %jmp/1 T_14.5, 10;
T_14.4 ; End of true expr.
    %load/vec4 v0x15c91b0c0_0;
    %parti/s 6, 26, 6;
    %cmpi/e 8, 0, 6;
    %flag_mov 11, 4;
    %jmp/0 T_14.6, 11;
    %pushi/vec4 2, 0, 3;
    %jmp/1 T_14.7, 11;
T_14.6 ; End of true expr.
    %load/vec4 v0x15c91b0c0_0;
    %parti/s 5, 27, 6;
    %cmpi/e 10, 0, 5;
    %flag_mov 12, 4;
    %jmp/0 T_14.8, 12;
    %pushi/vec4 3, 0, 3;
    %jmp/1 T_14.9, 12;
T_14.8 ; End of true expr.
    %load/vec4 v0x15c91b0c0_0;
    %parti/s 2, 30, 6;
    %cmpi/e 1, 0, 2;
    %flag_mov 13, 4;
    %jmp/0 T_14.10, 13;
    %pushi/vec4 5, 0, 3;
    %jmp/1 T_14.11, 13;
T_14.10 ; End of true expr.
    %pushi/vec4 7, 0, 3;
    %jmp/0 T_14.11, 13;
 ; End of false expr.
    %blend;
T_14.11;
    %jmp/0 T_14.9, 12;
 ; End of false expr.
    %blend;
T_14.9;
    %jmp/0 T_14.7, 11;
 ; End of false expr.
    %blend;
T_14.7;
    %jmp/0 T_14.5, 10;
 ; End of false expr.
    %blend;
T_14.5;
    %jmp/0 T_14.3, 9;
 ; End of false expr.
    %blend;
T_14.3;
    %jmp/0 T_14.1, 8;
 ; End of false expr.
    %blend;
T_14.1;
    %assign/vec4 v0x15c91b010_0, 0;
    %jmp T_14;
    .thread T_14, $push;
    .scope S_0x15c909730;
T_15 ;
    %wait E_0x15c906c70;
    %load/vec4 v0x15c91b200_0;
    %cmpi/ne 18, 0, 8;
    %flag_get/vec4 4;
    %jmp/0 T_15.5, 4;
    %load/vec4 v0x15c91b200_0;
    %pushi/vec4 19, 0, 8;
    %cmp/ne;
    %flag_get/vec4 4;
    %and;
T_15.5;
    %flag_set/vec4 12;
    %flag_get/vec4 12;
    %jmp/0 T_15.4, 12;
    %load/vec4 v0x15c91b200_0;
    %pushi/vec4 29, 0, 8;
    %cmp/ne;
    %flag_get/vec4 4;
    %and;
T_15.4;
    %flag_set/vec4 11;
    %flag_get/vec4 11;
    %jmp/0 T_15.3, 11;
    %load/vec4 v0x15c91b200_0;
    %pushi/vec4 30, 0, 8;
    %cmp/ne;
    %flag_get/vec4 4;
    %and;
T_15.3;
    %flag_set/vec4 10;
    %flag_get/vec4 10;
    %jmp/0 T_15.2, 10;
    %load/vec4 v0x15c91b200_0;
    %pushi/vec4 39, 0, 8;
    %cmp/ne;
    %flag_get/vec4 4;
    %and;
T_15.2;
    %flag_set/vec4 9;
    %flag_get/vec4 9;
    %jmp/0 T_15.1, 9;
    %load/vec4 v0x15c91b200_0;
    %pushi/vec4 40, 0, 8;
    %cmp/ne;
    %flag_get/vec4 4;
    %and;
T_15.1;
    %flag_set/vec4 8;
    %flag_get/vec4 8;
    %jmp/0 T_15.0, 8;
    %load/vec4 v0x15c91b650_0;
    %pushi/vec4 5, 0, 3;
    %cmp/ne;
    %flag_get/vec4 4;
    %and;
T_15.0;
    %store/vec4 v0x15c91baa0_0, 0, 1;
    %jmp T_15;
    .thread T_15, $push;
    .scope S_0x15c909730;
T_16 ;
    %wait E_0x15c908f50;
    %load/vec4 v0x15c91b650_0;
    %cmpi/e 0, 0, 3;
    %flag_get/vec4 4;
    %jmp/0 T_16.1, 4;
    %load/vec4 v0x15c91b200_0;
    %pushi/vec4 18, 0, 8;
    %cmp/ne;
    %flag_get/vec4 4;
    %and;
T_16.1;
    %flag_set/vec4 8;
    %flag_get/vec4 8;
    %jmp/0 T_16.0, 8;
    %load/vec4 v0x15c91b200_0;
    %pushi/vec4 19, 0, 8;
    %cmp/ne;
    %flag_get/vec4 4;
    %and;
T_16.0;
    %store/vec4 v0x15c91bbf0_0, 0, 1;
    %jmp T_16;
    .thread T_16, $push;
    .scope S_0x15c909730;
T_17 ;
    %wait E_0x15c908f50;
    %load/vec4 v0x15c91b650_0;
    %cmpi/e 4, 0, 3;
    %flag_get/vec4 4;
    %jmp/0 T_17.1, 4;
    %load/vec4 v0x15c91b200_0;
    %pushi/vec4 29, 0, 8;
    %cmp/ne;
    %flag_get/vec4 4;
    %and;
T_17.1;
    %flag_set/vec4 8;
    %flag_get/vec4 8;
    %jmp/1 T_17.0, 8;
    %load/vec4 v0x15c91b650_0;
    %cmpi/e 2, 0, 3;
    %flag_get/vec4 4;
    %jmp/0 T_17.4, 4;
    %load/vec4 v0x15c91b200_0;
    %pushi/vec4 38, 0, 8;
    %cmp/ne;
    %flag_get/vec4 4;
    %and;
T_17.4;
    %flag_set/vec4 9;
    %flag_get/vec4 9;
    %jmp/0 T_17.3, 9;
    %load/vec4 v0x15c91b200_0;
    %pushi/vec4 39, 0, 8;
    %cmp/ne;
    %flag_get/vec4 4;
    %and;
T_17.3;
    %flag_set/vec4 8;
    %flag_get/vec4 8;
    %jmp/0 T_17.2, 8;
    %load/vec4 v0x15c91b200_0;
    %pushi/vec4 40, 0, 8;
    %cmp/ne;
    %flag_get/vec4 4;
    %and;
T_17.2;
    %or;
T_17.0;
    %store/vec4 v0x15c91b950_0, 0, 1;
    %jmp T_17;
    .thread T_17, $push;
# The file index is used to find the file name in the following table.
:file_names 9;
    "N/A";
    "<interactive>";
    "/Users/fanyuchen/Desktop/la/cpu/stage_id/decoder.v";
    "/Users/fanyuchen/Desktop/la/cpu/stage_id/decoder_2ri12.v";
    "/Users/fanyuchen/Desktop/la/cpu/stage_id/decoder_3r.v";
    "/Users/fanyuchen/Desktop/la/cpu/stage_id/decoder_atomic.v";
    "/Users/fanyuchen/Desktop/la/cpu/stage_id/decoder_bj.v";
    "/Users/fanyuchen/Desktop/la/cpu/stage_id/decoder_csr.v";
    "/Users/fanyuchen/Desktop/la/cpu/stage_id/decoder_u12i.v";
