#! /opt/homebrew/Cellar/icarus-verilog/12.0/bin/vvp
:ivl_version "12.0 (stable)";
:ivl_delay_selection "TYPICAL";
:vpi_time_precision + 0;
:vpi_module "/opt/homebrew/Cellar/icarus-verilog/12.0/lib/ivl/system.vpi";
:vpi_module "/opt/homebrew/Cellar/icarus-verilog/12.0/lib/ivl/vhdl_sys.vpi";
:vpi_module "/opt/homebrew/Cellar/icarus-verilog/12.0/lib/ivl/vhdl_textio.vpi";
:vpi_module "/opt/homebrew/Cellar/icarus-verilog/12.0/lib/ivl/v2005_math.vpi";
:vpi_module "/opt/homebrew/Cellar/icarus-verilog/12.0/lib/ivl/va_math.vpi";
S_0x13bfcc950 .scope module, "core" "core" 2 20;
 .timescale 0 0;
    .port_info 0 /INPUT 1 "clk";
    .port_info 1 /INPUT 1 "rst_n";
P_0x13bf5b350 .param/l "WITH_CACHE" 0 2 27, +C4<00000000000000000000000000000000>;
P_0x13bf5b390 .param/l "WITH_TLB" 0 2 28, +C4<00000000000000000000000000000000>;
o0x1300407c0 .functor BUFZ 1, C4<z>; HiZ drive
v0x13bff3360_0 .net "clk", 0 0, o0x1300407c0;  0 drivers
v0x13bff3400_0 .net "ex_alu_in2", 31 0, v0x13bfe2bc0_0;  1 drivers
v0x13bff34a0_0 .net "ex_alu_out", 31 0, v0x13bf65030_0;  1 drivers
v0x13bff3570_0 .net "ex_alu_zero", 0 0, v0x13bf650c0_0;  1 drivers
v0x13bff3600_0 .net "ex_branch", 0 0, v0x13bfe4170_0;  1 drivers
v0x13bff36d0_0 .net "ex_exe_out", 31 0, v0x13bfe8900_0;  1 drivers
o0x130043100 .functor BUFZ 1, C4<z>; HiZ drive
v0x13bff37a0_0 .net "ex_mm1_flush", 0 0, o0x130043100;  0 drivers
o0x1300431c0 .functor BUFZ 1, C4<z>; HiZ drive
v0x13bff3830_0 .net "ex_mm1_wen", 0 0, o0x1300431c0;  0 drivers
v0x13bff38e0_0 .net "ex_mm_access_sz", 2 0, v0x13bfe8990_0;  1 drivers
v0x13bff39f0_0 .net "ex_mm_addr", 31 0, v0x13bfe8a80_0;  1 drivers
v0x13bff3ac0_0 .net "ex_mm_re", 0 0, v0x13bfe8b30_0;  1 drivers
v0x13bff3b90_0 .net "ex_mm_wdata", 31 0, v0x13bfe8bd0_0;  1 drivers
v0x13bff3c60_0 .net "ex_mm_we", 0 0, v0x13bfe8c80_0;  1 drivers
v0x13bff3d30_0 .net "ex_pc_branch", 31 0, v0x13bfec310_0;  1 drivers
v0x13bff3dc0_0 .net "id_access_sz", 2 0, v0x13bfe7250_0;  1 drivers
v0x13bff3e90_0 .net "id_bns_code", 14 0, v0x13bfe7300_0;  1 drivers
v0x13bff3f60_0 .net "id_csr", 13 0, v0x13bfe73b0_0;  1 drivers
o0x1300434c0 .functor BUFZ 1, C4<z>; HiZ drive
v0x13bff4130_0 .net "id_ex_flush", 0 0, o0x1300434c0;  0 drivers
o0x1300435e0 .functor BUFZ 1, C4<z>; HiZ drive
v0x13bff41c0_0 .net "id_ex_wen", 0 0, o0x1300435e0;  0 drivers
v0x13bff4250_0 .net "id_flag_unsigned", 0 0, v0x13bfe7470_0;  1 drivers
v0x13bff42e0_0 .net "id_imm", 25 0, v0x13bfe7510_0;  1 drivers
v0x13bff4370_0 .net "id_imm_sz", 2 0, v0x13bfe7600_0;  1 drivers
v0x13bff4440_0 .net "id_is_branch", 0 0, v0x13bfe7750_0;  1 drivers
v0x13bff44d0_0 .net "id_op", 7 0, v0x13bfe77f0_0;  1 drivers
v0x13bff45a0_0 .net "id_op_type", 2 0, v0x13bfe7c40_0;  1 drivers
v0x13bff4670_0 .net "id_rd_from_gr", 31 0, v0x13bfe9bd0_0;  1 drivers
v0x13bff4740_0 .net "id_reg_d", 4 0, v0x13bfe7da0_0;  1 drivers
v0x13bff47d0_0 .net "id_reg_j", 4 0, v0x13bfe7f40_0;  1 drivers
v0x13bff4860_0 .net "id_reg_k", 4 0, v0x13bfe7ff0_0;  1 drivers
v0x13bff48f0_0 .net "id_rj_from_gr", 31 0, v0x13bfe9a90_0;  1 drivers
v0x13bff49c0_0 .net "id_rk_from_gr", 31 0, v0x13bfe9b20_0;  1 drivers
v0x13bff4a90_0 .net "id_shift_imm", 4 0, v0x13bfe80a0_0;  1 drivers
v0x13bff4b60_0 .net "id_u12imm", 19 0, v0x13bfe8150_0;  1 drivers
o0x130043a30 .functor BUFZ 1, C4<z>; HiZ drive
v0x13bff4030_0 .net "if1_if2_flush", 0 0, o0x130043a30;  0 drivers
o0x130043a90 .functor BUFZ 1, C4<z>; HiZ drive
v0x13bff4df0_0 .net "if1_if2_wen", 0 0, o0x130043a90;  0 drivers
v0x13bff4e80_0 .net "if1_pc", 31 0, v0x13bfebc00_0;  1 drivers
v0x13bff4f10_0 .net "if2_branch_address", 31 0, v0x13bfe3bd0_0;  1 drivers
v0x13bff4fe0_0 .net "if2_branch_taken", 0 0, v0x13bfe3640_0;  1 drivers
v0x13bff50b0_0 .net "if2_icache_hit", 0 0, v0x13bfeabf0_0;  1 drivers
o0x130043bb0 .functor BUFZ 1, C4<z>; HiZ drive
v0x13bff5180_0 .net "if2_id_flush", 0 0, o0x130043bb0;  0 drivers
o0x130043c40 .functor BUFZ 1, C4<z>; HiZ drive
v0x13bff5210_0 .net "if2_id_wen", 0 0, o0x130043c40;  0 drivers
v0x13bff52a0_0 .net "if2_inst", 31 0, v0x13bfeaef0_0;  1 drivers
o0x130043df0 .functor BUFZ 1, C4<z>; HiZ drive
v0x13bff5330_0 .net "mm1_mm2_flush", 0 0, o0x130043df0;  0 drivers
o0x130043ee0 .functor BUFZ 1, C4<z>; HiZ drive
v0x13bff53c0_0 .net "mm1_mm2_wen", 0 0, o0x130043ee0;  0 drivers
v0x13bff5450_0 .net "mm2_hit", 0 0, v0x13bfe4ee0_0;  1 drivers
v0x13bff54e0_0 .net "mm2_rdata", 31 0, v0x13bfe51f0_0;  1 drivers
o0x1300440c0 .functor BUFZ 1, C4<z>; HiZ drive
v0x13bff5570_0 .net "mm2_wb_flush", 0 0, o0x1300440c0;  0 drivers
o0x130044120 .functor BUFZ 1, C4<z>; HiZ drive
v0x13bff5600_0 .net "mm2_wb_wen", 0 0, o0x130044120;  0 drivers
o0x1300408b0 .functor BUFZ 1, C4<z>; HiZ drive
v0x13bff5690_0 .net "rst_n", 0 0, o0x1300408b0;  0 drivers
v0x13bff5720_0 .net "wb_gr_waddr", 4 0, v0x13bfec960_0;  1 drivers
v0x13bff57f0_0 .net "wb_gr_wdata", 31 0, v0x13bfeca20_0;  1 drivers
v0x13bff58c0_0 .net "wb_gr_we", 0 0, v0x13bfecaf0_0;  1 drivers
S_0x13bf71b00 .scope module, "U_alu" "alu" 2 207, 3 3 0, S_0x13bfcc950;
 .timescale 0 0;
    .port_info 0 /OUTPUT 32 "alu_out";
    .port_info 1 /OUTPUT 1 "alu_zero";
    .port_info 2 /INPUT 32 "alu_in1";
    .port_info 3 /INPUT 32 "alu_in2";
    .port_info 4 /INPUT 8 "alu_op";
L_0x13bff5ef0 .functor AND 32, v0x13bff00a0_0, v0x13bfe2bc0_0, C4<11111111111111111111111111111111>, C4<11111111111111111111111111111111>;
L_0x13bff5f60 .functor OR 32, v0x13bff00a0_0, v0x13bfe2bc0_0, C4<00000000000000000000000000000000>, C4<00000000000000000000000000000000>;
L_0x13bff60d0 .functor XOR 32, v0x13bff00a0_0, v0x13bfe2bc0_0, C4<00000000000000000000000000000000>, C4<00000000000000000000000000000000>;
v0x13bfdfee0_0 .net *"_ivl_15", 4 0, L_0x13bff6280;  1 drivers
v0x13bf44c10_0 .net *"_ivl_19", 4 0, L_0x13bff63c0;  1 drivers
v0x13bf44cb0_0 .net *"_ivl_23", 4 0, L_0x13bff6540;  1 drivers
v0x13bf44d60_0 .net "add_out", 31 0, L_0x13bff5cd0;  1 drivers
v0x13bf44e10_0 .net "alu_in1", 31 0, v0x13bff00a0_0;  1 drivers
v0x13bf75e60_0 .net/s "alu_in1_s", 0 0, L_0x13bff5af0;  1 drivers
v0x13bf75f00_0 .net "alu_in2", 31 0, v0x13bfe2bc0_0;  alias, 1 drivers
v0x13bf75fb0_0 .net/s "alu_in2_s", 0 0, L_0x13bff5c10;  1 drivers
v0x13bf76050_0 .net "alu_op", 7 0, v0x13bfefa60_0;  1 drivers
v0x13bf65030_0 .var "alu_out", 31 0;
v0x13bf650c0_0 .var "alu_zero", 0 0;
v0x13bf65150_0 .net "and_out", 31 0, L_0x13bff5ef0;  1 drivers
v0x13bf651f0_0 .net "lt_out", 0 0, L_0x13bff66d0;  1 drivers
v0x13bfe2300_0 .net "ltu_out", 0 0, L_0x13bff6850;  1 drivers
v0x13bfe2390_0 .net "or_out", 31 0, L_0x13bff5f60;  1 drivers
v0x13bfe2420_0 .net "sll_out", 31 0, L_0x13bff6320;  1 drivers
v0x13bfe24d0_0 .net "sra_out", 31 0, L_0x13bff6630;  1 drivers
v0x13bfe2660_0 .net "srl_out", 31 0, L_0x13bff6460;  1 drivers
v0x13bfe26f0_0 .net "sub_out", 31 0, L_0x13bff5e50;  1 drivers
v0x13bfe27a0_0 .net "xor_out", 31 0, L_0x13bff60d0;  1 drivers
E_0x13bf20430 .event anyedge, v0x13bf65030_0;
E_0x13bf42450/0 .event anyedge, v0x13bf76050_0, v0x13bf44d60_0, v0x13bfe26f0_0, v0x13bf65150_0;
E_0x13bf42450/1 .event anyedge, v0x13bfe2390_0, v0x13bfe27a0_0, v0x13bfe2420_0, v0x13bfe2660_0;
E_0x13bf42450/2 .event anyedge, v0x13bfe24d0_0, v0x13bf651f0_0, v0x13bfe2300_0;
E_0x13bf42450 .event/or E_0x13bf42450/0, E_0x13bf42450/1, E_0x13bf42450/2;
L_0x13bff5af0 .part v0x13bff00a0_0, 0, 1;
L_0x13bff5c10 .part v0x13bfe2bc0_0, 0, 1;
L_0x13bff5cd0 .arith/sum 32, v0x13bff00a0_0, v0x13bfe2bc0_0;
L_0x13bff5e50 .arith/sub 32, v0x13bff00a0_0, v0x13bfe2bc0_0;
L_0x13bff6280 .part v0x13bfe2bc0_0, 0, 5;
L_0x13bff6320 .shift/l 32, v0x13bff00a0_0, L_0x13bff6280;
L_0x13bff63c0 .part v0x13bfe2bc0_0, 0, 5;
L_0x13bff6460 .shift/r 32, v0x13bff00a0_0, L_0x13bff63c0;
L_0x13bff6540 .part v0x13bfe2bc0_0, 0, 5;
L_0x13bff6630 .shift/r 32, v0x13bff00a0_0, L_0x13bff6540;
L_0x13bff66d0 .cmp/gt.s 1, L_0x13bff5c10, L_0x13bff5af0;
L_0x13bff6850 .cmp/gt 32, v0x13bfe2bc0_0, v0x13bff00a0_0;
S_0x13bfe28d0 .scope module, "U_alu_in2_mux" "alu_in2_mux" 2 197, 4 3 0, S_0x13bfcc950;
 .timescale 0 0;
    .port_info 0 /OUTPUT 32 "alu_in2";
    .port_info 1 /INPUT 8 "op";
    .port_info 2 /INPUT 3 "op_type";
    .port_info 3 /INPUT 32 "rk_from_gr";
    .port_info 4 /INPUT 26 "imm_unext";
    .port_info 5 /INPUT 3 "imm_sz";
    .port_info 6 /INPUT 5 "shift_imm";
    .port_info 7 /INPUT 1 "flag_unsigned";
v0x13bfe2bc0_0 .var "alu_in2", 31 0;
v0x13bfe2c90_0 .net "flag_unsigned", 0 0, v0x13bfee9f0_0;  1 drivers
v0x13bfe2d20_0 .var "imm_ext", 31 0;
v0x13bfe2de0_0 .net "imm_sz", 2 0, v0x13bfef940_0;  1 drivers
v0x13bfe2e90_0 .net "imm_unext", 25 0, v0x13bfef870_0;  1 drivers
v0x13bfe2f80_0 .net "op", 7 0, v0x13bfefa60_0;  alias, 1 drivers
v0x13bfe3020_0 .net "op_type", 2 0, v0x13bfefb00_0;  1 drivers
v0x13bfe30c0_0 .net "rk_from_gr", 31 0, v0x13bff0130_0;  1 drivers
v0x13bfe3170_0 .net "shift_imm", 4 0, v0x13bff0250_0;  1 drivers
E_0x13bfe2b40/0 .event anyedge, v0x13bfe3020_0, v0x13bf76050_0, v0x13bfe30c0_0, v0x13bfe3170_0;
E_0x13bfe2b40/1 .event anyedge, v0x13bfe2d20_0;
E_0x13bfe2b40 .event/or E_0x13bfe2b40/0, E_0x13bfe2b40/1;
E_0x13bfe2b80 .event anyedge, v0x13bfe2de0_0, v0x13bfe2e90_0, v0x13bfe2c90_0;
S_0x13bfe3320 .scope module, "U_bp" "bp" 2 121, 5 3 0, S_0x13bfcc950;
 .timescale 0 0;
    .port_info 0 /OUTPUT 1 "branch";
    .port_info 1 /OUTPUT 32 "target";
    .port_info 2 /INPUT 1 "clk";
    .port_info 3 /INPUT 1 "rst_n";
    .port_info 4 /INPUT 6 "pc_low";
    .port_info 5 /INPUT 1 "we";
    .port_info 6 /INPUT 1 "hitted";
    .port_info 7 /INPUT 32 "wtarget";
    .port_info 8 /INPUT 6 "hit_addr";
v0x13bfe3640_0 .var "branch", 0 0;
v0x13bfe36f0 .array "btb", 63 0, 34 0;
v0x13bfe3790_0 .net "clk", 0 0, o0x1300407c0;  alias, 0 drivers
o0x1300407f0 .functor BUFZ 6, C4<zzzzzz>; HiZ drive
v0x13bfe3840_0 .net "hit_addr", 5 0, o0x1300407f0;  0 drivers
o0x130040820 .functor BUFZ 1, C4<z>; HiZ drive
v0x13bfe38f0_0 .net "hitted", 0 0, o0x130040820;  0 drivers
v0x13bfe39d0_0 .var/i "i", 31 0;
v0x13bfe3a80_0 .net "pc_low", 5 0, L_0x13bff59f0;  1 drivers
v0x13bfe3b30_0 .net "rst_n", 0 0, o0x1300408b0;  alias, 0 drivers
v0x13bfe3bd0_0 .var "target", 31 0;
o0x130040910 .functor BUFZ 1, C4<z>; HiZ drive
v0x13bfe3ce0_0 .net "we", 0 0, o0x130040910;  0 drivers
o0x130040940 .functor BUFZ 32, C4<zzzzzzzzzzzzzzzzzzzzzzzzzzzzzzzz>; HiZ drive
v0x13bfe3d80_0 .net "wtarget", 31 0, o0x130040940;  0 drivers
E_0x13bfe2a40 .event posedge, v0x13bfe3790_0;
S_0x13bfe3f10 .scope module, "U_branch" "branch" 2 214, 6 2 0, S_0x13bfcc950;
 .timescale 0 0;
    .port_info 0 /OUTPUT 1 "branch";
    .port_info 1 /INPUT 8 "op";
    .port_info 2 /INPUT 3 "op_type";
    .port_info 3 /INPUT 32 "rj";
    .port_info 4 /INPUT 32 "rd";
v0x13bfe4170_0 .var "branch", 0 0;
v0x13bfe4220_0 .net "op", 7 0, v0x13bfefa60_0;  alias, 1 drivers
v0x13bfe4300_0 .net "op_type", 2 0, v0x13bfefb00_0;  alias, 1 drivers
v0x13bfe43b0_0 .net "rd", 31 0, v0x13bfefcd0_0;  1 drivers
o0x130040b80 .functor BUFZ 32, C4<zzzzzzzzzzzzzzzzzzzzzzzzzzzzzzzz>; HiZ drive
v0x13bfe4450_0 .net/s "rd_s", 31 0, o0x130040b80;  0 drivers
v0x13bfe4540_0 .net "rj", 31 0, v0x13bff00a0_0;  alias, 1 drivers
o0x130040bb0 .functor BUFZ 32, C4<zzzzzzzzzzzzzzzzzzzzzzzzzzzzzzzz>; HiZ drive
v0x13bfe45e0_0 .net/s "rj_s", 31 0, o0x130040bb0;  0 drivers
E_0x13bfe4100/0 .event anyedge, v0x13bfe3020_0, v0x13bf76050_0, v0x13bfe45e0_0, v0x13bfe4450_0;
E_0x13bfe4100/1 .event anyedge, v0x13bf44e10_0, v0x13bfe43b0_0;
E_0x13bfe4100 .event/or E_0x13bfe4100/0, E_0x13bfe4100/1;
S_0x13bfe4700 .scope module, "U_dcache" "dcache" 2 256, 7 3 0, S_0x13bfcc950;
 .timescale 0 0;
    .port_info 0 /OUTPUT 32 "rdata";
    .port_info 1 /OUTPUT 1 "hit";
    .port_info 2 /INPUT 1 "clk";
    .port_info 3 /INPUT 1 "rst_n";
    .port_info 4 /INPUT 1 "re";
    .port_info 5 /INPUT 32 "raddr";
    .port_info 6 /INPUT 1 "we";
    .port_info 7 /INPUT 32 "waddr";
    .port_info 8 /INPUT 32 "wdata";
    .port_info 9 /INPUT 3 "wsz";
v0x13bfe4a40_0 .var "buffer_hit", 0 0;
v0x13bfe4ad0_0 .var "buffer_rdata", 31 0;
v0x13bfe4b60_0 .var "buffer_waddr", 31 0;
v0x13bfe4c10_0 .var "buffer_wdata", 31 0;
v0x13bfe4cc0_0 .var "buffer_we", 0 0;
v0x13bfe4da0_0 .var "buffer_wsz", 2 0;
v0x13bfe4e50_0 .net "clk", 0 0, o0x1300407c0;  alias, 0 drivers
v0x13bfe4ee0_0 .var "hit", 0 0;
v0x13bfe4f70_0 .var/i "i", 31 0;
v0x13bfe50a0 .array "mem", 8191 0, 7 0;
v0x13bfe5140_0 .net "raddr", 31 0, v0x13bfedb90_0;  1 drivers
v0x13bfe51f0_0 .var "rdata", 31 0;
v0x13bfe52a0_0 .net "re", 0 0, v0x13bfedc20_0;  1 drivers
v0x13bfe5340_0 .net "rst_n", 0 0, o0x1300408b0;  alias, 0 drivers
v0x13bfe53f0_0 .net "waddr", 31 0, v0x13bfedb90_0;  alias, 1 drivers
v0x13bfe5480_0 .net "wdata", 31 0, v0x13bfedcb0_0;  1 drivers
v0x13bfe5510_0 .net "we", 0 0, v0x13bfedd60_0;  1 drivers
v0x13bfe56a0_0 .net "wsz", 2 0, v0x13bfedad0_0;  1 drivers
S_0x13bfe5840 .scope module, "U_decoder" "decoder" 2 156, 8 10 0, S_0x13bfcc950;
 .timescale 0 0;
    .port_info 0 /OUTPUT 5 "reg_d";
    .port_info 1 /OUTPUT 5 "reg_j";
    .port_info 2 /OUTPUT 5 "reg_k";
    .port_info 3 /OUTPUT 8 "op";
    .port_info 4 /OUTPUT 3 "op_type";
    .port_info 5 /OUTPUT 26 "imm";
    .port_info 6 /OUTPUT 3 "imm_sz";
    .port_info 7 /OUTPUT 15 "bns_code";
    .port_info 8 /OUTPUT 5 "shift_imm";
    .port_info 9 /OUTPUT 20 "u12imm";
    .port_info 10 /OUTPUT 1 "flag_unsigned";
    .port_info 11 /OUTPUT 3 "access_sz";
    .port_info 12 /OUTPUT 1 "is_branch";
    .port_info 13 /OUTPUT 14 "csr";
    .port_info 14 /INPUT 32 "inst";
v0x13bfe7250_0 .var "access_sz", 2 0;
v0x13bfe7300_0 .var "bns_code", 14 0;
v0x13bfe73b0_0 .var "csr", 13 0;
v0x13bfe7470_0 .var "flag_unsigned", 0 0;
v0x13bfe7510_0 .var "imm", 25 0;
v0x13bfe7600_0 .var "imm_sz", 2 0;
v0x13bfe76b0_0 .net "inst", 31 0, v0x13bfeaef0_0;  alias, 1 drivers
v0x13bfe7750_0 .var "is_branch", 0 0;
v0x13bfe77f0_0 .var "op", 7 0;
v0x13bfe7900_0 .net "op_2ri12", 7 0, v0x13bfe5f50_0;  1 drivers
v0x13bfe79c0_0 .net "op_3r", 7 0, v0x13bfe62f0_0;  1 drivers
v0x13bfe7a50_0 .net "op_atomic", 7 0, v0x13bfe66b0_0;  1 drivers
v0x13bfe7ae0_0 .net "op_bj", 7 0, v0x13bfe6a10_0;  1 drivers
v0x13bfe7b90_0 .net "op_csr", 7 0, v0x13bfe6e50_0;  1 drivers
v0x13bfe7c40_0 .var "op_type", 2 0;
v0x13bfe7ce0_0 .net "op_u12i", 7 0, v0x13bfe7170_0;  1 drivers
v0x13bfe7da0_0 .var "reg_d", 4 0;
v0x13bfe7f40_0 .var "reg_j", 4 0;
v0x13bfe7ff0_0 .var "reg_k", 4 0;
v0x13bfe80a0_0 .var "shift_imm", 4 0;
v0x13bfe8150_0 .var "u12imm", 19 0;
E_0x13bfe5b20/0 .event anyedge, v0x13bfe7c40_0, v0x13bfe62f0_0, v0x13bfe5f50_0, v0x13bfe6a10_0;
E_0x13bfe5b20/1 .event anyedge, v0x13bfe66b0_0, v0x13bfe6e50_0, v0x13bfe7170_0;
E_0x13bfe5b20 .event/or E_0x13bfe5b20/0, E_0x13bfe5b20/1;
E_0x13bfe5bb0/0 .event anyedge, v0x13bfe5f50_0, v0x13bfe62f0_0, v0x13bfe6a10_0, v0x13bfe66b0_0;
E_0x13bfe5bb0/1 .event anyedge, v0x13bfe6e50_0, v0x13bfe7170_0;
E_0x13bfe5bb0 .event/or E_0x13bfe5bb0/0, E_0x13bfe5bb0/1;
S_0x13bfe5c20 .scope module, "U_decoder_2ri12" "decoder_2ri12" 8 82, 9 2 0, S_0x13bfe5840;
 .timescale 0 0;
    .port_info 0 /OUTPUT 8 "op";
    .port_info 1 /INPUT 32 "inst";
v0x13bfe5e90_0 .net "inst", 31 0, v0x13bfeaef0_0;  alias, 1 drivers
v0x13bfe5f50_0 .var "op", 7 0;
E_0x13bfe5e30 .event anyedge, v0x13bfe5e90_0;
S_0x13bfe6030 .scope module, "U_decoder_3r" "decoder_3r" 8 77, 10 2 0, S_0x13bfe5840;
 .timescale 0 0;
    .port_info 0 /OUTPUT 8 "op";
    .port_info 1 /INPUT 32 "inst";
v0x13bfe6220_0 .net "inst", 31 0, v0x13bfeaef0_0;  alias, 1 drivers
v0x13bfe62f0_0 .var "op", 7 0;
S_0x13bfe63c0 .scope module, "U_decoder_atomic" "decoder_atomic" 8 92, 11 2 0, S_0x13bfe5840;
 .timescale 0 0;
    .port_info 0 /OUTPUT 8 "op";
    .port_info 1 /INPUT 32 "inst";
v0x13bfe65d0_0 .net "inst", 31 0, v0x13bfeaef0_0;  alias, 1 drivers
v0x13bfe66b0_0 .var "op", 7 0;
S_0x13bfe6770 .scope module, "U_decoder_bj" "decoder_bj" 8 87, 12 2 0, S_0x13bfe5840;
 .timescale 0 0;
    .port_info 0 /OUTPUT 8 "op";
    .port_info 1 /INPUT 32 "inst";
v0x13bfe6960_0 .net "inst", 31 0, v0x13bfeaef0_0;  alias, 1 drivers
v0x13bfe6a10_0 .var "op", 7 0;
S_0x13bfe6af0 .scope module, "U_decoder_csr" "decoder_csr" 8 97, 13 2 0, S_0x13bfe5840;
 .timescale 0 0;
    .port_info 0 /OUTPUT 8 "op";
    .port_info 1 /INPUT 32 "inst";
v0x13bfe6d20_0 .net "inst", 31 0, v0x13bfeaef0_0;  alias, 1 drivers
v0x13bfe6e50_0 .var "op", 7 0;
S_0x13bfe6ee0 .scope module, "U_decoder_u12i" "decoder_u12i" 8 102, 14 2 0, S_0x13bfe5840;
 .timescale 0 0;
    .port_info 0 /OUTPUT 8 "op";
    .port_info 1 /INPUT 32 "inst";
v0x13bfe70d0_0 .net "inst", 31 0, v0x13bfeaef0_0;  alias, 1 drivers
v0x13bfe7170_0 .var "op", 7 0;
S_0x13bfe82f0 .scope module, "U_ex_ctrl" "ex_ctrl" 2 228, 15 3 0, S_0x13bfcc950;
 .timescale 0 0;
    .port_info 0 /OUTPUT 3 "mm_access_sz";
    .port_info 1 /OUTPUT 1 "mm_re";
    .port_info 2 /OUTPUT 1 "mm_we";
    .port_info 3 /OUTPUT 32 "mm_addr";
    .port_info 4 /OUTPUT 32 "mm_wdata";
    .port_info 5 /OUTPUT 32 "exe_out";
    .port_info 6 /INPUT 8 "op";
    .port_info 7 /INPUT 3 "op_type";
    .port_info 8 /INPUT 32 "alu_out";
    .port_info 9 /INPUT 3 "ex_access_sz";
    .port_info 10 /INPUT 32 "ex_rd_from_gr";
v0x13bfe8730_0 .net "alu_out", 31 0, v0x13bf65030_0;  alias, 1 drivers
v0x13bfe87c0_0 .net "ex_access_sz", 2 0, v0x13bfee770_0;  1 drivers
v0x13bfe8850_0 .net "ex_rd_from_gr", 31 0, v0x13bfefcd0_0;  alias, 1 drivers
v0x13bfe8900_0 .var "exe_out", 31 0;
v0x13bfe8990_0 .var "mm_access_sz", 2 0;
v0x13bfe8a80_0 .var "mm_addr", 31 0;
v0x13bfe8b30_0 .var "mm_re", 0 0;
v0x13bfe8bd0_0 .var "mm_wdata", 31 0;
v0x13bfe8c80_0 .var "mm_we", 0 0;
v0x13bfe8d90_0 .net "op", 7 0, v0x13bfefa60_0;  alias, 1 drivers
v0x13bfe8e20_0 .net "op_type", 2 0, v0x13bfefb00_0;  alias, 1 drivers
E_0x13bfe8620 .event anyedge, v0x13bfe43b0_0;
E_0x13bfe8680 .event anyedge, v0x13bf76050_0;
E_0x13bfe86d0 .event anyedge, v0x13bfe87c0_0;
S_0x13bfe8fd0 .scope module, "U_gr" "gr" 2 143, 16 1 0, S_0x13bfcc950;
 .timescale 0 0;
    .port_info 0 /OUTPUT 32 "rdata1";
    .port_info 1 /OUTPUT 32 "rdata2";
    .port_info 2 /OUTPUT 32 "rdata3";
    .port_info 3 /INPUT 1 "clk";
    .port_info 4 /INPUT 1 "rst_n";
    .port_info 5 /INPUT 1 "we";
    .port_info 6 /INPUT 5 "waddr";
    .port_info 7 /INPUT 32 "wdata";
    .port_info 8 /INPUT 5 "raddr1";
    .port_info 9 /INPUT 5 "raddr2";
    .port_info 10 /INPUT 5 "raddr3";
v0x13bfe96c0_0 .net "clk", 0 0, o0x1300407c0;  alias, 0 drivers
v0x13bfe97a0_0 .var/i "i", 31 0;
v0x13bfe9840_0 .net "raddr1", 4 0, v0x13bfe7f40_0;  alias, 1 drivers
v0x13bfe9910_0 .net "raddr2", 4 0, v0x13bfe7ff0_0;  alias, 1 drivers
v0x13bfe99c0_0 .net "raddr3", 4 0, v0x13bfe7da0_0;  alias, 1 drivers
v0x13bfe9a90_0 .var "rdata1", 31 0;
v0x13bfe9b20_0 .var "rdata2", 31 0;
v0x13bfe9bd0_0 .var "rdata3", 31 0;
v0x13bfe9c80 .array "registers", 31 0, 31 0;
v0x13bfea0a0_0 .net "rst_n", 0 0, o0x1300408b0;  alias, 0 drivers
v0x13bfea130_0 .net "waddr", 4 0, v0x13bfec960_0;  alias, 1 drivers
v0x13bfea1e0_0 .net "wdata", 31 0, v0x13bfeca20_0;  alias, 1 drivers
v0x13bfea290_0 .net "we", 0 0, v0x13bfecaf0_0;  alias, 1 drivers
E_0x13bfe92a0/0 .event anyedge, v0x13bfe7da0_0, v0x13bfea130_0, v0x13bfea290_0, v0x13bfea1e0_0;
v0x13bfe9c80_0 .array/port v0x13bfe9c80, 0;
v0x13bfe9c80_1 .array/port v0x13bfe9c80, 1;
v0x13bfe9c80_2 .array/port v0x13bfe9c80, 2;
v0x13bfe9c80_3 .array/port v0x13bfe9c80, 3;
E_0x13bfe92a0/1 .event anyedge, v0x13bfe9c80_0, v0x13bfe9c80_1, v0x13bfe9c80_2, v0x13bfe9c80_3;
v0x13bfe9c80_4 .array/port v0x13bfe9c80, 4;
v0x13bfe9c80_5 .array/port v0x13bfe9c80, 5;
v0x13bfe9c80_6 .array/port v0x13bfe9c80, 6;
v0x13bfe9c80_7 .array/port v0x13bfe9c80, 7;
E_0x13bfe92a0/2 .event anyedge, v0x13bfe9c80_4, v0x13bfe9c80_5, v0x13bfe9c80_6, v0x13bfe9c80_7;
v0x13bfe9c80_8 .array/port v0x13bfe9c80, 8;
v0x13bfe9c80_9 .array/port v0x13bfe9c80, 9;
v0x13bfe9c80_10 .array/port v0x13bfe9c80, 10;
v0x13bfe9c80_11 .array/port v0x13bfe9c80, 11;
E_0x13bfe92a0/3 .event anyedge, v0x13bfe9c80_8, v0x13bfe9c80_9, v0x13bfe9c80_10, v0x13bfe9c80_11;
v0x13bfe9c80_12 .array/port v0x13bfe9c80, 12;
v0x13bfe9c80_13 .array/port v0x13bfe9c80, 13;
v0x13bfe9c80_14 .array/port v0x13bfe9c80, 14;
v0x13bfe9c80_15 .array/port v0x13bfe9c80, 15;
E_0x13bfe92a0/4 .event anyedge, v0x13bfe9c80_12, v0x13bfe9c80_13, v0x13bfe9c80_14, v0x13bfe9c80_15;
v0x13bfe9c80_16 .array/port v0x13bfe9c80, 16;
v0x13bfe9c80_17 .array/port v0x13bfe9c80, 17;
v0x13bfe9c80_18 .array/port v0x13bfe9c80, 18;
v0x13bfe9c80_19 .array/port v0x13bfe9c80, 19;
E_0x13bfe92a0/5 .event anyedge, v0x13bfe9c80_16, v0x13bfe9c80_17, v0x13bfe9c80_18, v0x13bfe9c80_19;
v0x13bfe9c80_20 .array/port v0x13bfe9c80, 20;
v0x13bfe9c80_21 .array/port v0x13bfe9c80, 21;
v0x13bfe9c80_22 .array/port v0x13bfe9c80, 22;
v0x13bfe9c80_23 .array/port v0x13bfe9c80, 23;
E_0x13bfe92a0/6 .event anyedge, v0x13bfe9c80_20, v0x13bfe9c80_21, v0x13bfe9c80_22, v0x13bfe9c80_23;
v0x13bfe9c80_24 .array/port v0x13bfe9c80, 24;
v0x13bfe9c80_25 .array/port v0x13bfe9c80, 25;
v0x13bfe9c80_26 .array/port v0x13bfe9c80, 26;
v0x13bfe9c80_27 .array/port v0x13bfe9c80, 27;
E_0x13bfe92a0/7 .event anyedge, v0x13bfe9c80_24, v0x13bfe9c80_25, v0x13bfe9c80_26, v0x13bfe9c80_27;
v0x13bfe9c80_28 .array/port v0x13bfe9c80, 28;
v0x13bfe9c80_29 .array/port v0x13bfe9c80, 29;
v0x13bfe9c80_30 .array/port v0x13bfe9c80, 30;
v0x13bfe9c80_31 .array/port v0x13bfe9c80, 31;
E_0x13bfe92a0/8 .event anyedge, v0x13bfe9c80_28, v0x13bfe9c80_29, v0x13bfe9c80_30, v0x13bfe9c80_31;
E_0x13bfe92a0 .event/or E_0x13bfe92a0/0, E_0x13bfe92a0/1, E_0x13bfe92a0/2, E_0x13bfe92a0/3, E_0x13bfe92a0/4, E_0x13bfe92a0/5, E_0x13bfe92a0/6, E_0x13bfe92a0/7, E_0x13bfe92a0/8;
E_0x13bfe9400/0 .event anyedge, v0x13bfe7ff0_0, v0x13bfea130_0, v0x13bfea290_0, v0x13bfea1e0_0;
E_0x13bfe9400/1 .event anyedge, v0x13bfe9c80_0, v0x13bfe9c80_1, v0x13bfe9c80_2, v0x13bfe9c80_3;
E_0x13bfe9400/2 .event anyedge, v0x13bfe9c80_4, v0x13bfe9c80_5, v0x13bfe9c80_6, v0x13bfe9c80_7;
E_0x13bfe9400/3 .event anyedge, v0x13bfe9c80_8, v0x13bfe9c80_9, v0x13bfe9c80_10, v0x13bfe9c80_11;
E_0x13bfe9400/4 .event anyedge, v0x13bfe9c80_12, v0x13bfe9c80_13, v0x13bfe9c80_14, v0x13bfe9c80_15;
E_0x13bfe9400/5 .event anyedge, v0x13bfe9c80_16, v0x13bfe9c80_17, v0x13bfe9c80_18, v0x13bfe9c80_19;
E_0x13bfe9400/6 .event anyedge, v0x13bfe9c80_20, v0x13bfe9c80_21, v0x13bfe9c80_22, v0x13bfe9c80_23;
E_0x13bfe9400/7 .event anyedge, v0x13bfe9c80_24, v0x13bfe9c80_25, v0x13bfe9c80_26, v0x13bfe9c80_27;
E_0x13bfe9400/8 .event anyedge, v0x13bfe9c80_28, v0x13bfe9c80_29, v0x13bfe9c80_30, v0x13bfe9c80_31;
E_0x13bfe9400 .event/or E_0x13bfe9400/0, E_0x13bfe9400/1, E_0x13bfe9400/2, E_0x13bfe9400/3, E_0x13bfe9400/4, E_0x13bfe9400/5, E_0x13bfe9400/6, E_0x13bfe9400/7, E_0x13bfe9400/8;
E_0x13bfe9560/0 .event anyedge, v0x13bfe7f40_0, v0x13bfea130_0, v0x13bfea290_0, v0x13bfea1e0_0;
E_0x13bfe9560/1 .event anyedge, v0x13bfe9c80_0, v0x13bfe9c80_1, v0x13bfe9c80_2, v0x13bfe9c80_3;
E_0x13bfe9560/2 .event anyedge, v0x13bfe9c80_4, v0x13bfe9c80_5, v0x13bfe9c80_6, v0x13bfe9c80_7;
E_0x13bfe9560/3 .event anyedge, v0x13bfe9c80_8, v0x13bfe9c80_9, v0x13bfe9c80_10, v0x13bfe9c80_11;
E_0x13bfe9560/4 .event anyedge, v0x13bfe9c80_12, v0x13bfe9c80_13, v0x13bfe9c80_14, v0x13bfe9c80_15;
E_0x13bfe9560/5 .event anyedge, v0x13bfe9c80_16, v0x13bfe9c80_17, v0x13bfe9c80_18, v0x13bfe9c80_19;
E_0x13bfe9560/6 .event anyedge, v0x13bfe9c80_20, v0x13bfe9c80_21, v0x13bfe9c80_22, v0x13bfe9c80_23;
E_0x13bfe9560/7 .event anyedge, v0x13bfe9c80_24, v0x13bfe9c80_25, v0x13bfe9c80_26, v0x13bfe9c80_27;
E_0x13bfe9560/8 .event anyedge, v0x13bfe9c80_28, v0x13bfe9c80_29, v0x13bfe9c80_30, v0x13bfe9c80_31;
E_0x13bfe9560 .event/or E_0x13bfe9560/0, E_0x13bfe9560/1, E_0x13bfe9560/2, E_0x13bfe9560/3, E_0x13bfe9560/4, E_0x13bfe9560/5, E_0x13bfe9560/6, E_0x13bfe9560/7, E_0x13bfe9560/8;
S_0x13bfea440 .scope module, "U_icache" "icache" 2 102, 17 3 0, S_0x13bfcc950;
 .timescale 0 0;
    .port_info 0 /OUTPUT 32 "rdata";
    .port_info 1 /OUTPUT 1 "hit";
    .port_info 2 /INPUT 1 "clk";
    .port_info 3 /INPUT 1 "rst_n";
    .port_info 4 /INPUT 1 "re";
    .port_info 5 /INPUT 32 "raddr";
    .port_info 6 /INPUT 1 "we";
    .port_info 7 /INPUT 32 "waddr";
    .port_info 8 /INPUT 32 "wdata";
    .port_info 9 /INPUT 3 "wsz";
v0x13bfea770_0 .var "buffer_hit", 0 0;
v0x13bfea800_0 .var "buffer_rdata", 31 0;
v0x13bfea890_0 .var "buffer_waddr", 31 0;
v0x13bfea920_0 .var "buffer_wdata", 31 0;
v0x13bfea9d0_0 .var "buffer_we", 0 0;
v0x13bfeaab0_0 .var "buffer_wsz", 2 0;
v0x13bfeab60_0 .net "clk", 0 0, o0x1300407c0;  alias, 0 drivers
v0x13bfeabf0_0 .var "hit", 0 0;
v0x13bfeac90_0 .var/i "i", 31 0;
v0x13bfeada0 .array "mem", 8191 0, 7 0;
v0x13bfeae40_0 .net "raddr", 31 0, v0x13bfebc00_0;  alias, 1 drivers
v0x13bfeaef0_0 .var "rdata", 31 0;
L_0x130078058 .functor BUFT 1, C4<1>, C4<0>, C4<0>, C4<0>;
v0x13bfeaf90_0 .net "re", 0 0, L_0x130078058;  1 drivers
v0x13bfeb030_0 .net "rst_n", 0 0, o0x1300408b0;  alias, 0 drivers
L_0x1300780e8 .functor BUFT 1, C4<00000000000000000000000000000000>, C4<0>, C4<0>, C4<0>;
v0x13bfeb0c0_0 .net "waddr", 31 0, L_0x1300780e8;  1 drivers
L_0x130078130 .functor BUFT 1, C4<00000000000000000000000000000000>, C4<0>, C4<0>, C4<0>;
v0x13bfeb170_0 .net "wdata", 31 0, L_0x130078130;  1 drivers
L_0x1300780a0 .functor BUFT 1, C4<0>, C4<0>, C4<0>, C4<0>;
v0x13bfeb220_0 .net "we", 0 0, L_0x1300780a0;  1 drivers
L_0x130078178 .functor BUFT 1, C4<000>, C4<0>, C4<0>, C4<0>;
v0x13bfeb3b0_0 .net "wsz", 2 0, L_0x130078178;  1 drivers
S_0x13bfeb520 .scope module, "U_pc" "pc" 2 92, 18 1 0, S_0x13bfcc950;
 .timescale 0 0;
    .port_info 0 /OUTPUT 32 "pc_reg";
    .port_info 1 /INPUT 1 "rst_n";
    .port_info 2 /INPUT 1 "clk";
    .port_info 3 /INPUT 1 "enable";
    .port_info 4 /INPUT 32 "branch_address";
    .port_info 5 /INPUT 1 "is_branch";
    .port_info 6 /NODIR 0 "";
P_0x13bfead20 .param/l "PC_INITIAL" 0 18 14, C4<00000000000000000000000000000000>;
v0x13bfeb890_0 .net "branch_address", 31 0, v0x13bfe3bd0_0;  alias, 1 drivers
v0x13bfeb960_0 .net "clk", 0 0, o0x1300407c0;  alias, 0 drivers
L_0x130078010 .functor BUFT 1, C4<1>, C4<0>, C4<0>, C4<0>;
v0x13bfeb9f0_0 .net "enable", 0 0, L_0x130078010;  1 drivers
v0x13bfebaa0_0 .net "is_branch", 0 0, v0x13bfe3640_0;  alias, 1 drivers
v0x13bfebb30_0 .var "pc_next", 31 0;
v0x13bfebc00_0 .var "pc_reg", 31 0;
v0x13bfebc90_0 .net "rst_n", 0 0, o0x1300408b0;  alias, 0 drivers
E_0x13bfeb810/0 .event anyedge, v0x13bfe3b30_0, v0x13bfeb9f0_0, v0x13bfe3640_0, v0x13bfe3bd0_0;
E_0x13bfeb810/1 .event anyedge, v0x13bfeae40_0;
E_0x13bfeb810 .event/or E_0x13bfeb810/0, E_0x13bfeb810/1;
S_0x13bfebe10 .scope module, "U_pc_branch" "pc_branch" 2 221, 19 2 0, S_0x13bfcc950;
 .timescale 0 0;
    .port_info 0 /OUTPUT 32 "pc_branch";
    .port_info 1 /INPUT 8 "op";
    .port_info 2 /INPUT 32 "rj";
    .port_info 3 /INPUT 32 "pc";
    .port_info 4 /INPUT 26 "offset";
v0x13bfec080_0 .net "offset", 25 0, v0x13bfef870_0;  alias, 1 drivers
v0x13bfec150_0 .net "op", 7 0, v0x13bfefa60_0;  alias, 1 drivers
v0x13bfec260_0 .net "pc", 31 0, v0x13bff1560_0;  1 drivers
v0x13bfec310_0 .var "pc_branch", 31 0;
v0x13bfec3a0_0 .net "rj", 31 0, v0x13bff00a0_0;  alias, 1 drivers
E_0x13bfe9a50 .event anyedge, v0x13bf76050_0, v0x13bf44e10_0, v0x13bfe2e90_0, v0x13bfec260_0;
S_0x13bfec510 .scope module, "U_regwrite" "regwrite" 2 290, 20 2 0, S_0x13bfcc950;
 .timescale 0 0;
    .port_info 0 /OUTPUT 1 "gr_we";
    .port_info 1 /OUTPUT 5 "gr_waddr";
    .port_info 2 /OUTPUT 32 "gr_wdata";
    .port_info 3 /INPUT 32 "exe_out";
    .port_info 4 /INPUT 5 "reg_d";
    .port_info 5 /INPUT 8 "op";
    .port_info 6 /INPUT 3 "op_type";
    .port_info 7 /INPUT 32 "rdata";
v0x13bfec8d0_0 .net "exe_out", 31 0, v0x13bff2980_0;  1 drivers
v0x13bfec960_0 .var "gr_waddr", 4 0;
v0x13bfeca20_0 .var "gr_wdata", 31 0;
v0x13bfecaf0_0 .var "gr_we", 0 0;
v0x13bfecba0_0 .net "op", 7 0, v0x13bff2e60_0;  1 drivers
v0x13bfecc70_0 .net "op_type", 2 0, v0x13bff2f90_0;  1 drivers
v0x13bfecd10_0 .net "rdata", 31 0, v0x13bfe51f0_0;  alias, 1 drivers
v0x13bfecdb0_0 .net "reg_d", 4 0, v0x13bff30b0_0;  1 drivers
E_0x13bfec7d0 .event anyedge, v0x13bfecdb0_0;
E_0x13bfec810 .event anyedge, v0x13bfecba0_0, v0x13bfe51f0_0, v0x13bfec8d0_0;
E_0x13bfec870 .event anyedge, v0x13bfecc70_0, v0x13bfecba0_0;
S_0x13bfecf10 .scope module, "ex_mm1" "reg_ex_mm1" 2 241, 21 1 0, S_0x13bfcc950;
 .timescale 0 0;
    .port_info 0 /INPUT 1 "clk";
    .port_info 1 /INPUT 1 "rst_n";
    .port_info 2 /INPUT 1 "flush";
    .port_info 3 /INPUT 1 "wen";
    .port_info 4 /INPUT 32 "ex_exe_out";
    .port_info 5 /INPUT 3 "ex_mm_access_sz";
    .port_info 6 /INPUT 32 "ex_mm_addr";
    .port_info 7 /INPUT 1 "ex_mm_re";
    .port_info 8 /INPUT 1 "ex_mm_we";
    .port_info 9 /INPUT 32 "ex_mm_wdata";
    .port_info 10 /INPUT 5 "ex_reg_d";
    .port_info 11 /INPUT 8 "ex_op";
    .port_info 12 /INPUT 3 "ex_op_type";
v0x13bfed280_0 .net "clk", 0 0, o0x1300407c0;  alias, 0 drivers
v0x13bfed320_0 .net "ex_exe_out", 31 0, v0x13bfe8900_0;  alias, 1 drivers
v0x13bfed3c0_0 .net "ex_mm_access_sz", 2 0, v0x13bfe8990_0;  alias, 1 drivers
v0x13bfed470_0 .net "ex_mm_addr", 31 0, v0x13bfe8a80_0;  alias, 1 drivers
v0x13bfed520_0 .net "ex_mm_re", 0 0, v0x13bfe8b30_0;  alias, 1 drivers
v0x13bfed5f0_0 .net "ex_mm_wdata", 31 0, v0x13bfe8bd0_0;  alias, 1 drivers
v0x13bfed6a0_0 .net "ex_mm_we", 0 0, v0x13bfe8c80_0;  alias, 1 drivers
v0x13bfed750_0 .net "ex_op", 7 0, v0x13bfefa60_0;  alias, 1 drivers
v0x13bfed7e0_0 .net "ex_op_type", 2 0, v0x13bfefb00_0;  alias, 1 drivers
v0x13bfed8f0_0 .net "ex_reg_d", 4 0, v0x13bfefd70_0;  1 drivers
v0x13bfed980_0 .var "exe_out", 31 0;
v0x13bfeda30_0 .net "flush", 0 0, o0x130043100;  alias, 0 drivers
v0x13bfedad0_0 .var "mm_access_sz", 2 0;
v0x13bfedb90_0 .var "mm_addr", 31 0;
v0x13bfedc20_0 .var "mm_re", 0 0;
v0x13bfedcb0_0 .var "mm_wdata", 31 0;
v0x13bfedd60_0 .var "mm_we", 0 0;
v0x13bfedf10_0 .var "op", 7 0;
v0x13bfedfa0_0 .var "op_type", 2 0;
v0x13bfee030_0 .var "reg_d", 4 0;
v0x13bfee0c0_0 .net "rst_n", 0 0, o0x1300408b0;  alias, 0 drivers
v0x13bfee150_0 .net "wen", 0 0, o0x1300431c0;  alias, 0 drivers
S_0x13bfee2f0 .scope module, "id_ex" "reg_id_ex" 2 173, 22 1 0, S_0x13bfcc950;
 .timescale 0 0;
    .port_info 0 /INPUT 1 "clk";
    .port_info 1 /INPUT 1 "rst_n";
    .port_info 2 /INPUT 1 "wen";
    .port_info 3 /INPUT 1 "flush";
    .port_info 4 /INPUT 32 "id_pc";
    .port_info 5 /INPUT 32 "id_rj_from_gr";
    .port_info 6 /INPUT 32 "id_rk_from_gr";
    .port_info 7 /INPUT 32 "id_rd_from_gr";
    .port_info 8 /INPUT 5 "id_reg_d";
    .port_info 9 /INPUT 5 "id_reg_j";
    .port_info 10 /INPUT 5 "id_reg_k";
    .port_info 11 /INPUT 8 "id_op";
    .port_info 12 /INPUT 3 "id_op_type";
    .port_info 13 /INPUT 26 "id_imm";
    .port_info 14 /INPUT 3 "id_imm_sz";
    .port_info 15 /INPUT 15 "id_bns_code";
    .port_info 16 /INPUT 5 "id_shift_imm";
    .port_info 17 /INPUT 20 "id_u12imm";
    .port_info 18 /INPUT 1 "id_flag_unsigned";
    .port_info 19 /INPUT 3 "id_access_sz";
    .port_info 20 /INPUT 1 "id_is_branch";
    .port_info 21 /INPUT 14 "id_csr";
v0x13bfee770_0 .var "access_sz", 2 0;
v0x13bfee840_0 .var "bns_code", 14 0;
v0x13bfee8d0_0 .net "clk", 0 0, o0x1300407c0;  alias, 0 drivers
v0x13bfee960_0 .var "csr", 13 0;
v0x13bfee9f0_0 .var "flag_unsigned", 0 0;
v0x13bfeeac0_0 .net "flush", 0 0, o0x1300434c0;  alias, 0 drivers
v0x13bfeeb50_0 .net "id_access_sz", 2 0, v0x13bfe7250_0;  alias, 1 drivers
v0x13bfeebe0_0 .net "id_bns_code", 14 0, v0x13bfe7300_0;  alias, 1 drivers
v0x13bfeec90_0 .net "id_csr", 13 0, v0x13bfe73b0_0;  alias, 1 drivers
v0x13bfeedc0_0 .net "id_flag_unsigned", 0 0, v0x13bfe7470_0;  alias, 1 drivers
v0x13bfeee50_0 .net "id_imm", 25 0, v0x13bfe7510_0;  alias, 1 drivers
v0x13bfeeee0_0 .net "id_imm_sz", 2 0, v0x13bfe7600_0;  alias, 1 drivers
v0x13bfeef90_0 .net "id_is_branch", 0 0, v0x13bfe7750_0;  alias, 1 drivers
v0x13bfef040_0 .net "id_op", 7 0, v0x13bfe77f0_0;  alias, 1 drivers
v0x13bfef0f0_0 .net "id_op_type", 2 0, v0x13bfe7c40_0;  alias, 1 drivers
v0x13bfef1a0_0 .net "id_pc", 31 0, v0x13bff1560_0;  alias, 1 drivers
v0x13bfef250_0 .net "id_rd_from_gr", 31 0, v0x13bfe9bd0_0;  alias, 1 drivers
v0x13bfef400_0 .net "id_reg_d", 4 0, v0x13bfe7da0_0;  alias, 1 drivers
v0x13bfef490_0 .net "id_reg_j", 4 0, v0x13bfe7f40_0;  alias, 1 drivers
v0x13bfef520_0 .net "id_reg_k", 4 0, v0x13bfe7ff0_0;  alias, 1 drivers
v0x13bfef5f0_0 .net "id_rj_from_gr", 31 0, v0x13bfe9a90_0;  alias, 1 drivers
v0x13bfef680_0 .net "id_rk_from_gr", 31 0, v0x13bfe9b20_0;  alias, 1 drivers
v0x13bfef710_0 .net "id_shift_imm", 4 0, v0x13bfe80a0_0;  alias, 1 drivers
v0x13bfef7c0_0 .net "id_u12imm", 19 0, v0x13bfe8150_0;  alias, 1 drivers
v0x13bfef870_0 .var "imm", 25 0;
v0x13bfef940_0 .var "imm_sz", 2 0;
v0x13bfef9d0_0 .var "is_branch", 0 0;
v0x13bfefa60_0 .var "op", 7 0;
v0x13bfefb00_0 .var "op_type", 2 0;
v0x13bfefc20_0 .var "pc", 31 0;
v0x13bfefcd0_0 .var "rd_from_gr", 31 0;
v0x13bfefd70_0 .var "reg_d", 4 0;
v0x13bfefe10_0 .var "reg_j", 7 0;
v0x13bfef2f0_0 .var "reg_k", 7 0;
v0x13bff00a0_0 .var "rj_from_gr", 31 0;
v0x13bff0130_0 .var "rk_from_gr", 31 0;
v0x13bff01c0_0 .net "rst_n", 0 0, o0x1300408b0;  alias, 0 drivers
v0x13bff0250_0 .var "shift_imm", 4 0;
v0x13bff0300_0 .var "u12imm", 19 0;
v0x13bff03a0_0 .net "wen", 0 0, o0x1300435e0;  alias, 0 drivers
S_0x13bff0650 .scope module, "if1_if2" "reg_if1_if2" 2 114, 23 1 0, S_0x13bfcc950;
 .timescale 0 0;
    .port_info 0 /INPUT 1 "clk";
    .port_info 1 /INPUT 1 "rst_n";
    .port_info 2 /INPUT 1 "wen";
    .port_info 3 /INPUT 1 "flush";
    .port_info 4 /INPUT 32 "if1_pc";
v0x13bff08c0_0 .net "clk", 0 0, o0x1300407c0;  alias, 0 drivers
v0x13bff0960_0 .net "flush", 0 0, o0x130043a30;  alias, 0 drivers
v0x13bfee4b0_0 .net "if1_pc", 31 0, v0x13bfebc00_0;  alias, 1 drivers
v0x13bff0a40_0 .var "pc", 31 0;
v0x13bff0af0_0 .net "rst_n", 0 0, o0x1300408b0;  alias, 0 drivers
v0x13bff0bc0_0 .net "wen", 0 0, o0x130043a90;  alias, 0 drivers
L_0x13bff59f0 .part v0x13bff0a40_0, 0, 6;
S_0x13bff0cc0 .scope module, "if2_id" "reg_if2_id" 2 134, 24 1 0, S_0x13bfcc950;
 .timescale 0 0;
    .port_info 0 /INPUT 1 "clk";
    .port_info 1 /INPUT 1 "rst_n";
    .port_info 2 /INPUT 1 "wen";
    .port_info 3 /INPUT 1 "flush";
    .port_info 4 /INPUT 32 "if2_pc";
    .port_info 5 /INPUT 32 "if2_inst";
    .port_info 6 /INPUT 1 "if2_icache_hit";
v0x13bff0f70_0 .net "clk", 0 0, o0x1300407c0;  alias, 0 drivers
v0x13bff1100_0 .net "flush", 0 0, o0x130043bb0;  alias, 0 drivers
v0x13bff1190_0 .var "hit", 0 0;
v0x13bff1220_0 .net "if2_icache_hit", 0 0, v0x13bfeabf0_0;  alias, 1 drivers
v0x13bff12b0_0 .net "if2_inst", 31 0, v0x13bfeaef0_0;  alias, 1 drivers
v0x13bff1440_0 .net "if2_pc", 31 0, v0x13bff0a40_0;  1 drivers
v0x13bff14d0_0 .var "inst", 31 0;
v0x13bff1560_0 .var "pc", 31 0;
v0x13bff15f0_0 .net "rst_n", 0 0, o0x1300408b0;  alias, 0 drivers
v0x13bff1800_0 .net "wen", 0 0, o0x130043c40;  alias, 0 drivers
S_0x13bff18b0 .scope module, "mm1_mm2" "reg_mm1_mm2" 2 268, 25 1 0, S_0x13bfcc950;
 .timescale 0 0;
    .port_info 0 /INPUT 1 "clk";
    .port_info 1 /INPUT 1 "rst_n";
    .port_info 2 /INPUT 1 "flush";
    .port_info 3 /INPUT 1 "wen";
    .port_info 4 /INPUT 32 "mm1_exe_out";
    .port_info 5 /INPUT 3 "mm1_mm_access_sz";
    .port_info 6 /INPUT 5 "mm1_reg_d";
    .port_info 7 /INPUT 8 "mm1_op";
    .port_info 8 /INPUT 3 "mm1_op_type";
v0x13bff1c50_0 .net "clk", 0 0, o0x1300407c0;  alias, 0 drivers
v0x13bff1ce0_0 .var "exe_out", 31 0;
v0x13bff1d70_0 .net "flush", 0 0, o0x130043df0;  alias, 0 drivers
v0x13bff1e00_0 .net "mm1_exe_out", 31 0, v0x13bfed980_0;  1 drivers
v0x13bff1e90_0 .net "mm1_mm_access_sz", 2 0, v0x13bfedad0_0;  alias, 1 drivers
v0x13bff1f60_0 .net "mm1_op", 7 0, v0x13bfedf10_0;  1 drivers
v0x13bff1ff0_0 .net "mm1_op_type", 2 0, v0x13bfedfa0_0;  1 drivers
v0x13bff2080_0 .net "mm1_reg_d", 4 0, v0x13bfee030_0;  1 drivers
v0x13bff2110_0 .var "mm_access_sz", 2 0;
v0x13bff2230_0 .var "op", 7 0;
v0x13bff22e0_0 .var "op_type", 2 0;
v0x13bff2390_0 .var "reg_d", 4 0;
v0x13bff2440_0 .net "rst_n", 0 0, o0x1300408b0;  alias, 0 drivers
v0x13bff24d0_0 .net "wen", 0 0, o0x130043ee0;  alias, 0 drivers
S_0x13bff2650 .scope module, "mm2_wb" "reg_mm2_wb" 2 279, 26 1 0, S_0x13bfcc950;
 .timescale 0 0;
    .port_info 0 /INPUT 1 "clk";
    .port_info 1 /INPUT 1 "rst_n";
    .port_info 2 /INPUT 1 "flush";
    .port_info 3 /INPUT 1 "wen";
    .port_info 4 /INPUT 32 "mm2_exe_out";
    .port_info 5 /INPUT 5 "mm2_reg_d";
    .port_info 6 /INPUT 8 "mm2_op";
    .port_info 7 /INPUT 3 "mm2_op_type";
    .port_info 8 /INPUT 32 "mm2_rdata";
v0x13bff28f0_0 .net "clk", 0 0, o0x1300407c0;  alias, 0 drivers
v0x13bff2980_0 .var "exe_out", 31 0;
v0x13bff2a10_0 .net "flush", 0 0, o0x1300440c0;  alias, 0 drivers
v0x13bff2ac0_0 .net "mm2_exe_out", 31 0, v0x13bff1ce0_0;  1 drivers
v0x13bff2b70_0 .net "mm2_op", 7 0, v0x13bff2230_0;  1 drivers
v0x13bff2c40_0 .net "mm2_op_type", 2 0, v0x13bff22e0_0;  1 drivers
v0x13bff2cf0_0 .net "mm2_rdata", 31 0, v0x13bfe51f0_0;  alias, 1 drivers
v0x13bff2dc0_0 .net "mm2_reg_d", 4 0, v0x13bff2390_0;  1 drivers
v0x13bff2e60_0 .var "op", 7 0;
v0x13bff2f90_0 .var "op_type", 2 0;
v0x13bff3020_0 .var "rdata", 31 0;
v0x13bff30b0_0 .var "reg_d", 4 0;
v0x13bff3160_0 .net "rst_n", 0 0, o0x1300408b0;  alias, 0 drivers
v0x13bff31f0_0 .net "wen", 0 0, o0x130044120;  alias, 0 drivers
    .scope S_0x13bfeb520;
T_0 ;
    %wait E_0x13bfeb810;
    %load/vec4 v0x13bfebc90_0;
    %nor/r;
    %flag_set/vec4 8;
    %jmp/0xz  T_0.0, 8;
    %pushi/vec4 0, 0, 32;
    %assign/vec4 v0x13bfebb30_0, 0;
    %jmp T_0.1;
T_0.0 ;
    %load/vec4 v0x13bfeb9f0_0;
    %flag_set/vec4 8;
    %jmp/0xz  T_0.2, 8;
    %load/vec4 v0x13bfebaa0_0;
    %flag_set/vec4 8;
    %jmp/0xz  T_0.4, 8;
    %load/vec4 v0x13bfeb890_0;
    %assign/vec4 v0x13bfebb30_0, 0;
    %jmp T_0.5;
T_0.4 ;
    %load/vec4 v0x13bfebc00_0;
    %addi 4, 0, 32;
    %assign/vec4 v0x13bfebb30_0, 0;
T_0.5 ;
    %jmp T_0.3;
T_0.2 ;
    %load/vec4 v0x13bfebc00_0;
    %assign/vec4 v0x13bfebb30_0, 0;
T_0.3 ;
T_0.1 ;
    %jmp T_0;
    .thread T_0, $push;
    .scope S_0x13bfeb520;
T_1 ;
    %wait E_0x13bfe2a40;
    %load/vec4 v0x13bfebb30_0;
    %assign/vec4 v0x13bfebc00_0, 0;
    %jmp T_1;
    .thread T_1;
    .scope S_0x13bfea440;
T_2 ;
    %wait E_0x13bfe2a40;
    %load/vec4 v0x13bfeb030_0;
    %nor/r;
    %flag_set/vec4 8;
    %jmp/0xz  T_2.0, 8;
    %pushi/vec4 0, 0, 32;
    %store/vec4 v0x13bfeac90_0, 0, 32;
T_2.2 ;
    %load/vec4 v0x13bfeac90_0;
    %cmpi/s 8192, 0, 32;
    %jmp/0xz T_2.3, 5;
    %pushi/vec4 0, 0, 8;
    %ix/getv/s 3, v0x13bfeac90_0;
    %ix/load 4, 0, 0; Constant delay
    %assign/vec4/a/d v0x13bfeada0, 0, 4;
    %load/vec4 v0x13bfeac90_0;
    %addi 1, 0, 32;
    %store/vec4 v0x13bfeac90_0, 0, 32;
    %jmp T_2.2;
T_2.3 ;
    %jmp T_2.1;
T_2.0 ;
    %load/vec4 v0x13bfea9d0_0;
    %flag_set/vec4 9;
    %flag_get/vec4 9;
    %jmp/0 T_2.6, 9;
    %load/vec4 v0x13bfea890_0;
    %cmpi/u 8192, 0, 32;
    %flag_get/vec4 5;
    %and;
T_2.6;
    %flag_set/vec4 8;
    %jmp/0xz  T_2.4, 8;
    %load/vec4 v0x13bfeaab0_0;
    %dup/vec4;
    %pushi/vec4 0, 0, 3;
    %cmp/u;
    %jmp/1 T_2.7, 6;
    %dup/vec4;
    %pushi/vec4 1, 0, 3;
    %cmp/u;
    %jmp/1 T_2.8, 6;
    %load/vec4 v0x13bfea920_0;
    %parti/s 8, 24, 6;
    %ix/getv 3, v0x13bfea890_0;
    %ix/load 4, 0, 0; Constant delay
    %assign/vec4/a/d v0x13bfeada0, 0, 4;
    %load/vec4 v0x13bfea920_0;
    %parti/s 8, 16, 6;
    %load/vec4 v0x13bfea890_0;
    %addi 1, 0, 32;
    %ix/vec4 3;
    %ix/load 4, 0, 0; Constant delay
    %assign/vec4/a/d v0x13bfeada0, 0, 4;
    %load/vec4 v0x13bfea920_0;
    %parti/s 8, 8, 5;
    %load/vec4 v0x13bfea890_0;
    %addi 2, 0, 32;
    %ix/vec4 3;
    %ix/load 4, 0, 0; Constant delay
    %assign/vec4/a/d v0x13bfeada0, 0, 4;
    %load/vec4 v0x13bfea920_0;
    %parti/s 8, 0, 2;
    %load/vec4 v0x13bfea890_0;
    %addi 3, 0, 32;
    %ix/vec4 3;
    %ix/load 4, 0, 0; Constant delay
    %assign/vec4/a/d v0x13bfeada0, 0, 4;
    %jmp T_2.10;
T_2.7 ;
    %load/vec4 v0x13bfea920_0;
    %parti/s 8, 0, 2;
    %ix/getv 3, v0x13bfea890_0;
    %ix/load 4, 0, 0; Constant delay
    %assign/vec4/a/d v0x13bfeada0, 0, 4;
    %jmp T_2.10;
T_2.8 ;
    %load/vec4 v0x13bfea920_0;
    %parti/s 8, 8, 5;
    %ix/getv 3, v0x13bfea890_0;
    %ix/load 4, 0, 0; Constant delay
    %assign/vec4/a/d v0x13bfeada0, 0, 4;
    %load/vec4 v0x13bfea920_0;
    %parti/s 8, 0, 2;
    %load/vec4 v0x13bfea890_0;
    %addi 1, 0, 32;
    %ix/vec4 3;
    %ix/load 4, 0, 0; Constant delay
    %assign/vec4/a/d v0x13bfeada0, 0, 4;
    %jmp T_2.10;
T_2.10 ;
    %pop/vec4 1;
T_2.4 ;
T_2.1 ;
    %jmp T_2;
    .thread T_2;
    .scope S_0x13bfea440;
T_3 ;
    %wait E_0x13bfe2a40;
    %load/vec4 v0x13bfeb030_0;
    %nor/r;
    %flag_set/vec4 8;
    %jmp/0xz  T_3.0, 8;
    %pushi/vec4 0, 0, 1;
    %assign/vec4 v0x13bfea9d0_0, 0;
    %pushi/vec4 0, 0, 32;
    %assign/vec4 v0x13bfea890_0, 0;
    %pushi/vec4 0, 0, 32;
    %assign/vec4 v0x13bfea920_0, 0;
    %pushi/vec4 0, 0, 3;
    %assign/vec4 v0x13bfeaab0_0, 0;
    %jmp T_3.1;
T_3.0 ;
    %load/vec4 v0x13bfeb220_0;
    %assign/vec4 v0x13bfea9d0_0, 0;
    %load/vec4 v0x13bfeb0c0_0;
    %assign/vec4 v0x13bfea890_0, 0;
    %load/vec4 v0x13bfeb170_0;
    %assign/vec4 v0x13bfea920_0, 0;
    %load/vec4 v0x13bfeb3b0_0;
    %assign/vec4 v0x13bfeaab0_0, 0;
T_3.1 ;
    %jmp T_3;
    .thread T_3;
    .scope S_0x13bfea440;
T_4 ;
    %wait E_0x13bfe2a40;
    %load/vec4 v0x13bfeb030_0;
    %nor/r;
    %flag_set/vec4 8;
    %jmp/0xz  T_4.0, 8;
    %pushi/vec4 0, 0, 32;
    %assign/vec4 v0x13bfea800_0, 0;
    %pushi/vec4 0, 0, 1;
    %assign/vec4 v0x13bfea770_0, 0;
    %jmp T_4.1;
T_4.0 ;
    %load/vec4 v0x13bfeaf90_0;
    %flag_set/vec4 9;
    %flag_get/vec4 9;
    %jmp/0 T_4.4, 9;
    %load/vec4 v0x13bfeae40_0;
    %load/vec4 v0x13bfea890_0;
    %cmp/e;
    %flag_get/vec4 4;
    %and;
T_4.4;
    %flag_set/vec4 8;
    %jmp/0xz  T_4.2, 8;
    %load/vec4 v0x13bfeaab0_0;
    %dup/vec4;
    %pushi/vec4 0, 0, 3;
    %cmp/u;
    %jmp/1 T_4.5, 6;
    %dup/vec4;
    %pushi/vec4 1, 0, 3;
    %cmp/u;
    %jmp/1 T_4.6, 6;
    %load/vec4 v0x13bfea920_0;
    %parti/s 8, 24, 6;
    %load/vec4 v0x13bfea920_0;
    %parti/s 8, 16, 6;
    %concat/vec4; draw_concat_vec4
    %load/vec4 v0x13bfea920_0;
    %parti/s 8, 8, 5;
    %concat/vec4; draw_concat_vec4
    %load/vec4 v0x13bfea920_0;
    %parti/s 8, 0, 2;
    %concat/vec4; draw_concat_vec4
    %assign/vec4 v0x13bfea800_0, 0;
    %jmp T_4.8;
T_4.5 ;
    %load/vec4 v0x13bfeae40_0;
    %addi 3, 0, 32;
    %ix/vec4 4;
    %load/vec4a v0x13bfeada0, 4;
    %load/vec4 v0x13bfeae40_0;
    %addi 2, 0, 32;
    %ix/vec4 4;
    %load/vec4a v0x13bfeada0, 4;
    %concat/vec4; draw_concat_vec4
    %load/vec4 v0x13bfeae40_0;
    %addi 1, 0, 32;
    %ix/vec4 4;
    %load/vec4a v0x13bfeada0, 4;
    %concat/vec4; draw_concat_vec4
    %load/vec4 v0x13bfea920_0;
    %parti/s 8, 0, 2;
    %concat/vec4; draw_concat_vec4
    %assign/vec4 v0x13bfea800_0, 0;
    %jmp T_4.8;
T_4.6 ;
    %load/vec4 v0x13bfeae40_0;
    %addi 3, 0, 32;
    %ix/vec4 4;
    %load/vec4a v0x13bfeada0, 4;
    %load/vec4 v0x13bfeae40_0;
    %addi 2, 0, 32;
    %ix/vec4 4;
    %load/vec4a v0x13bfeada0, 4;
    %concat/vec4; draw_concat_vec4
    %load/vec4 v0x13bfea920_0;
    %parti/s 8, 8, 5;
    %concat/vec4; draw_concat_vec4
    %load/vec4 v0x13bfea920_0;
    %parti/s 8, 0, 2;
    %concat/vec4; draw_concat_vec4
    %assign/vec4 v0x13bfea800_0, 0;
    %jmp T_4.8;
T_4.8 ;
    %pop/vec4 1;
    %pushi/vec4 1, 0, 1;
    %assign/vec4 v0x13bfea770_0, 0;
    %jmp T_4.3;
T_4.2 ;
    %load/vec4 v0x13bfeaf90_0;
    %flag_set/vec4 9;
    %flag_get/vec4 9;
    %jmp/0 T_4.11, 9;
    %load/vec4 v0x13bfeae40_0;
    %cmpi/u 8192, 0, 32;
    %flag_get/vec4 5;
    %and;
T_4.11;
    %flag_set/vec4 8;
    %jmp/0xz  T_4.9, 8;
    %load/vec4 v0x13bfeae40_0;
    %addi 3, 0, 32;
    %ix/vec4 4;
    %load/vec4a v0x13bfeada0, 4;
    %load/vec4 v0x13bfeae40_0;
    %addi 2, 0, 32;
    %ix/vec4 4;
    %load/vec4a v0x13bfeada0, 4;
    %concat/vec4; draw_concat_vec4
    %load/vec4 v0x13bfeae40_0;
    %addi 1, 0, 32;
    %ix/vec4 4;
    %load/vec4a v0x13bfeada0, 4;
    %concat/vec4; draw_concat_vec4
    %ix/getv 4, v0x13bfeae40_0;
    %load/vec4a v0x13bfeada0, 4;
    %concat/vec4; draw_concat_vec4
    %assign/vec4 v0x13bfea800_0, 0;
    %pushi/vec4 1, 0, 1;
    %assign/vec4 v0x13bfea770_0, 0;
    %jmp T_4.10;
T_4.9 ;
    %pushi/vec4 0, 0, 32;
    %assign/vec4 v0x13bfea800_0, 0;
    %pushi/vec4 0, 0, 1;
    %assign/vec4 v0x13bfea770_0, 0;
T_4.10 ;
T_4.3 ;
T_4.1 ;
    %jmp T_4;
    .thread T_4;
    .scope S_0x13bfea440;
T_5 ;
    %wait E_0x13bfe2a40;
    %load/vec4 v0x13bfeb030_0;
    %nor/r;
    %flag_set/vec4 8;
    %jmp/0xz  T_5.0, 8;
    %pushi/vec4 0, 0, 32;
    %assign/vec4 v0x13bfeaef0_0, 0;
    %pushi/vec4 0, 0, 1;
    %assign/vec4 v0x13bfeabf0_0, 0;
    %jmp T_5.1;
T_5.0 ;
    %load/vec4 v0x13bfea800_0;
    %assign/vec4 v0x13bfeaef0_0, 0;
    %load/vec4 v0x13bfea770_0;
    %assign/vec4 v0x13bfeabf0_0, 0;
T_5.1 ;
    %jmp T_5;
    .thread T_5;
    .scope S_0x13bff0650;
T_6 ;
    %wait E_0x13bfe2a40;
    %load/vec4 v0x13bff0af0_0;
    %nor/r;
    %flag_set/vec4 8;
    %jmp/0xz  T_6.0, 8;
    %pushi/vec4 0, 0, 32;
    %assign/vec4 v0x13bff0a40_0, 0;
    %jmp T_6.1;
T_6.0 ;
    %load/vec4 v0x13bff0bc0_0;
    %flag_set/vec4 8;
    %jmp/0xz  T_6.2, 8;
    %load/vec4 v0x13bfee4b0_0;
    %assign/vec4 v0x13bff0a40_0, 0;
T_6.2 ;
T_6.1 ;
    %jmp T_6;
    .thread T_6;
    .scope S_0x13bfe3320;
T_7 ;
    %wait E_0x13bfe2a40;
    %load/vec4 v0x13bfe3b30_0;
    %nor/r;
    %flag_set/vec4 8;
    %jmp/0xz  T_7.0, 8;
    %pushi/vec4 0, 0, 32;
    %store/vec4 v0x13bfe39d0_0, 0, 32;
T_7.2 ;
    %load/vec4 v0x13bfe39d0_0;
    %cmpi/s 64, 0, 32;
    %jmp/0xz T_7.3, 5;
    %pushi/vec4 0, 0, 35;
    %ix/getv/s 3, v0x13bfe39d0_0;
    %ix/load 4, 0, 0; Constant delay
    %assign/vec4/a/d v0x13bfe36f0, 0, 4;
    %load/vec4 v0x13bfe39d0_0;
    %addi 1, 0, 32;
    %store/vec4 v0x13bfe39d0_0, 0, 32;
    %jmp T_7.2;
T_7.3 ;
    %jmp T_7.1;
T_7.0 ;
    %load/vec4 v0x13bfe3ce0_0;
    %flag_set/vec4 8;
    %jmp/0xz  T_7.4, 8;
    %pushi/vec4 1, 0, 1;
    %load/vec4 v0x13bfe3a80_0;
    %pad/u 8;
    %ix/vec4 3;
    %ix/load 4, 34, 0; part off
    %ix/load 5, 0, 0; Constant delay
    %assign/vec4/a/d v0x13bfe36f0, 4, 5;
    %load/vec4 v0x13bfe3a80_0;
    %pad/u 8;
    %ix/vec4 4;
    %load/vec4a v0x13bfe36f0, 4;
    %parti/s 1, 32, 7;
    %load/vec4 v0x13bfe38f0_0;
    %concat/vec4; draw_concat_vec4
    %load/vec4 v0x13bfe3a80_0;
    %pad/u 8;
    %ix/vec4 3;
    %ix/load 4, 32, 0; part off
    %ix/load 5, 0, 0; Constant delay
    %assign/vec4/a/d v0x13bfe36f0, 4, 5;
    %load/vec4 v0x13bfe3d80_0;
    %load/vec4 v0x13bfe3a80_0;
    %pad/u 8;
    %ix/vec4 3;
    %ix/load 4, 0, 0; Constant delay
    %assign/vec4/a/d v0x13bfe36f0, 0, 4;
T_7.4 ;
T_7.1 ;
    %jmp T_7;
    .thread T_7;
    .scope S_0x13bfe3320;
T_8 ;
    %wait E_0x13bfe2a40;
    %load/vec4 v0x13bfe3b30_0;
    %nor/r;
    %flag_set/vec4 8;
    %jmp/0xz  T_8.0, 8;
    %pushi/vec4 0, 0, 1;
    %assign/vec4 v0x13bfe3640_0, 0;
    %pushi/vec4 0, 0, 32;
    %assign/vec4 v0x13bfe3bd0_0, 0;
    %jmp T_8.1;
T_8.0 ;
    %load/vec4 v0x13bfe3a80_0;
    %pad/u 8;
    %ix/vec4 4;
    %load/vec4a v0x13bfe36f0, 4;
    %parti/s 1, 34, 7;
    %flag_set/vec4 9;
    %flag_get/vec4 9;
    %jmp/0 T_8.4, 9;
    %load/vec4 v0x13bfe3a80_0;
    %pad/u 8;
    %ix/vec4 4;
    %load/vec4a v0x13bfe36f0, 4;
    %parti/s 1, 33, 7;
    %pushi/vec4 1, 0, 1;
    %cmp/e;
    %flag_get/vec4 4;
    %and;
T_8.4;
    %flag_set/vec4 8;
    %jmp/0xz  T_8.2, 8;
    %pushi/vec4 1, 0, 1;
    %assign/vec4 v0x13bfe3640_0, 0;
    %load/vec4 v0x13bfe3840_0;
    %pad/u 8;
    %ix/vec4 4;
    %load/vec4a v0x13bfe36f0, 4;
    %parti/s 32, 0, 2;
    %assign/vec4 v0x13bfe3bd0_0, 0;
    %jmp T_8.3;
T_8.2 ;
    %pushi/vec4 0, 0, 1;
    %assign/vec4 v0x13bfe3640_0, 0;
    %pushi/vec4 0, 0, 32;
    %assign/vec4 v0x13bfe3bd0_0, 0;
T_8.3 ;
T_8.1 ;
    %jmp T_8;
    .thread T_8;
    .scope S_0x13bff0cc0;
T_9 ;
    %wait E_0x13bfe2a40;
    %load/vec4 v0x13bff15f0_0;
    %nor/r;
    %flag_set/vec4 8;
    %jmp/0xz  T_9.0, 8;
    %pushi/vec4 0, 0, 32;
    %assign/vec4 v0x13bff1560_0, 0;
    %pushi/vec4 0, 0, 32;
    %assign/vec4 v0x13bff14d0_0, 0;
    %pushi/vec4 0, 0, 1;
    %assign/vec4 v0x13bff1190_0, 0;
    %jmp T_9.1;
T_9.0 ;
    %load/vec4 v0x13bff1800_0;
    %flag_set/vec4 8;
    %jmp/0xz  T_9.2, 8;
    %load/vec4 v0x13bff1440_0;
    %assign/vec4 v0x13bff1560_0, 0;
    %load/vec4 v0x13bff12b0_0;
    %assign/vec4 v0x13bff14d0_0, 0;
    %load/vec4 v0x13bff1220_0;
    %assign/vec4 v0x13bff1190_0, 0;
T_9.2 ;
T_9.1 ;
    %jmp T_9;
    .thread T_9;
    .scope S_0x13bfe8fd0;
T_10 ;
    %wait E_0x13bfe2a40;
    %load/vec4 v0x13bfea0a0_0;
    %nor/r;
    %flag_set/vec4 8;
    %jmp/0xz  T_10.0, 8;
    %pushi/vec4 0, 0, 32;
    %store/vec4 v0x13bfe97a0_0, 0, 32;
T_10.2 ;
    %load/vec4 v0x13bfe97a0_0;
    %cmpi/s 32, 0, 32;
    %jmp/0xz T_10.3, 5;
    %pushi/vec4 0, 0, 32;
    %ix/getv/s 3, v0x13bfe97a0_0;
    %ix/load 4, 0, 0; Constant delay
    %assign/vec4/a/d v0x13bfe9c80, 0, 4;
    %load/vec4 v0x13bfe97a0_0;
    %addi 1, 0, 32;
    %store/vec4 v0x13bfe97a0_0, 0, 32;
    %jmp T_10.2;
T_10.3 ;
    %jmp T_10.1;
T_10.0 ;
    %load/vec4 v0x13bfea290_0;
    %flag_set/vec4 9;
    %flag_get/vec4 9;
    %jmp/0 T_10.6, 9;
    %load/vec4 v0x13bfea130_0;
    %pushi/vec4 0, 0, 5;
    %cmp/ne;
    %flag_get/vec4 4;
    %and;
T_10.6;
    %flag_set/vec4 8;
    %jmp/0xz  T_10.4, 8;
    %load/vec4 v0x13bfea1e0_0;
    %load/vec4 v0x13bfea130_0;
    %pad/u 7;
    %ix/vec4 3;
    %ix/load 4, 0, 0; Constant delay
    %assign/vec4/a/d v0x13bfe9c80, 0, 4;
T_10.4 ;
T_10.1 ;
    %jmp T_10;
    .thread T_10;
    .scope S_0x13bfe8fd0;
T_11 ;
    %wait E_0x13bfe9560;
    %load/vec4 v0x13bfe9840_0;
    %pad/u 32;
    %cmpi/e 0, 0, 32;
    %jmp/0xz  T_11.0, 4;
    %pushi/vec4 0, 0, 32;
    %assign/vec4 v0x13bfe9a90_0, 0;
    %jmp T_11.1;
T_11.0 ;
    %load/vec4 v0x13bfe9840_0;
    %load/vec4 v0x13bfea130_0;
    %cmp/e;
    %flag_get/vec4 4;
    %jmp/0 T_11.4, 4;
    %load/vec4 v0x13bfea290_0;
    %and;
T_11.4;
    %flag_set/vec4 8;
    %jmp/0xz  T_11.2, 8;
    %load/vec4 v0x13bfea1e0_0;
    %assign/vec4 v0x13bfe9a90_0, 0;
    %jmp T_11.3;
T_11.2 ;
    %load/vec4 v0x13bfe9840_0;
    %pad/u 7;
    %ix/vec4 4;
    %load/vec4a v0x13bfe9c80, 4;
    %assign/vec4 v0x13bfe9a90_0, 0;
T_11.3 ;
T_11.1 ;
    %jmp T_11;
    .thread T_11, $push;
    .scope S_0x13bfe8fd0;
T_12 ;
    %wait E_0x13bfe9400;
    %load/vec4 v0x13bfe9910_0;
    %pad/u 32;
    %cmpi/e 0, 0, 32;
    %jmp/0xz  T_12.0, 4;
    %pushi/vec4 0, 0, 32;
    %assign/vec4 v0x13bfe9b20_0, 0;
    %jmp T_12.1;
T_12.0 ;
    %load/vec4 v0x13bfe9910_0;
    %load/vec4 v0x13bfea130_0;
    %cmp/e;
    %flag_get/vec4 4;
    %jmp/0 T_12.4, 4;
    %load/vec4 v0x13bfea290_0;
    %and;
T_12.4;
    %flag_set/vec4 8;
    %jmp/0xz  T_12.2, 8;
    %load/vec4 v0x13bfea1e0_0;
    %assign/vec4 v0x13bfe9b20_0, 0;
    %jmp T_12.3;
T_12.2 ;
    %load/vec4 v0x13bfe9910_0;
    %pad/u 7;
    %ix/vec4 4;
    %load/vec4a v0x13bfe9c80, 4;
    %assign/vec4 v0x13bfe9b20_0, 0;
T_12.3 ;
T_12.1 ;
    %jmp T_12;
    .thread T_12, $push;
    .scope S_0x13bfe8fd0;
T_13 ;
    %wait E_0x13bfe92a0;
    %load/vec4 v0x13bfe99c0_0;
    %pad/u 32;
    %cmpi/e 0, 0, 32;
    %jmp/0xz  T_13.0, 4;
    %pushi/vec4 0, 0, 32;
    %assign/vec4 v0x13bfe9bd0_0, 0;
    %jmp T_13.1;
T_13.0 ;
    %load/vec4 v0x13bfe99c0_0;
    %load/vec4 v0x13bfea130_0;
    %cmp/e;
    %flag_get/vec4 4;
    %jmp/0 T_13.4, 4;
    %load/vec4 v0x13bfea290_0;
    %and;
T_13.4;
    %flag_set/vec4 8;
    %jmp/0xz  T_13.2, 8;
    %load/vec4 v0x13bfea1e0_0;
    %assign/vec4 v0x13bfe9bd0_0, 0;
    %jmp T_13.3;
T_13.2 ;
    %load/vec4 v0x13bfe99c0_0;
    %pad/u 7;
    %ix/vec4 4;
    %load/vec4a v0x13bfe9c80, 4;
    %assign/vec4 v0x13bfe9bd0_0, 0;
T_13.3 ;
T_13.1 ;
    %jmp T_13;
    .thread T_13, $push;
    .scope S_0x13bfe6030;
T_14 ;
    %wait E_0x13bfe5e30;
    %load/vec4 v0x13bfe6220_0;
    %parti/s 9, 23, 6;
    %cmpi/ne 0, 0, 9;
    %jmp/0xz  T_14.0, 4;
    %pushi/vec4 255, 0, 8;
    %store/vec4 v0x13bfe62f0_0, 0, 8;
    %jmp T_14.1;
T_14.0 ;
    %load/vec4 v0x13bfe6220_0;
    %parti/s 8, 15, 5;
    %dup/vec4;
    %pushi/vec4 32, 0, 8;
    %cmp/u;
    %jmp/1 T_14.2, 6;
    %dup/vec4;
    %pushi/vec4 34, 0, 8;
    %cmp/u;
    %jmp/1 T_14.3, 6;
    %dup/vec4;
    %pushi/vec4 36, 0, 8;
    %cmp/u;
    %jmp/1 T_14.4, 6;
    %dup/vec4;
    %pushi/vec4 37, 0, 8;
    %cmp/u;
    %jmp/1 T_14.5, 6;
    %dup/vec4;
    %pushi/vec4 40, 0, 8;
    %cmp/u;
    %jmp/1 T_14.6, 6;
    %dup/vec4;
    %pushi/vec4 41, 0, 8;
    %cmp/u;
    %jmp/1 T_14.7, 6;
    %dup/vec4;
    %pushi/vec4 42, 0, 8;
    %cmp/u;
    %jmp/1 T_14.8, 6;
    %dup/vec4;
    %pushi/vec4 43, 0, 8;
    %cmp/u;
    %jmp/1 T_14.9, 6;
    %dup/vec4;
    %pushi/vec4 46, 0, 8;
    %cmp/u;
    %jmp/1 T_14.10, 6;
    %dup/vec4;
    %pushi/vec4 47, 0, 8;
    %cmp/u;
    %jmp/1 T_14.11, 6;
    %dup/vec4;
    %pushi/vec4 48, 0, 8;
    %cmp/u;
    %jmp/1 T_14.12, 6;
    %dup/vec4;
    %pushi/vec4 56, 0, 8;
    %cmp/u;
    %jmp/1 T_14.13, 6;
    %dup/vec4;
    %pushi/vec4 57, 0, 8;
    %cmp/u;
    %jmp/1 T_14.14, 6;
    %dup/vec4;
    %pushi/vec4 58, 0, 8;
    %cmp/u;
    %jmp/1 T_14.15, 6;
    %dup/vec4;
    %pushi/vec4 64, 0, 8;
    %cmp/u;
    %jmp/1 T_14.16, 6;
    %dup/vec4;
    %pushi/vec4 65, 0, 8;
    %cmp/u;
    %jmp/1 T_14.17, 6;
    %dup/vec4;
    %pushi/vec4 66, 0, 8;
    %cmp/u;
    %jmp/1 T_14.18, 6;
    %dup/vec4;
    %pushi/vec4 67, 0, 8;
    %cmp/u;
    %jmp/1 T_14.19, 6;
    %dup/vec4;
    %pushi/vec4 84, 0, 8;
    %cmp/u;
    %jmp/1 T_14.20, 6;
    %dup/vec4;
    %pushi/vec4 86, 0, 8;
    %cmp/u;
    %jmp/1 T_14.21, 6;
    %dup/vec4;
    %pushi/vec4 129, 0, 8;
    %cmp/u;
    %jmp/1 T_14.22, 6;
    %dup/vec4;
    %pushi/vec4 137, 0, 8;
    %cmp/u;
    %jmp/1 T_14.23, 6;
    %dup/vec4;
    %pushi/vec4 145, 0, 8;
    %cmp/u;
    %jmp/1 T_14.24, 6;
    %pushi/vec4 255, 0, 8;
    %store/vec4 v0x13bfe62f0_0, 0, 8;
    %jmp T_14.26;
T_14.2 ;
    %pushi/vec4 0, 0, 8;
    %store/vec4 v0x13bfe62f0_0, 0, 8;
    %jmp T_14.26;
T_14.3 ;
    %pushi/vec4 1, 0, 8;
    %store/vec4 v0x13bfe62f0_0, 0, 8;
    %jmp T_14.26;
T_14.4 ;
    %pushi/vec4 2, 0, 8;
    %store/vec4 v0x13bfe62f0_0, 0, 8;
    %jmp T_14.26;
T_14.5 ;
    %pushi/vec4 3, 0, 8;
    %store/vec4 v0x13bfe62f0_0, 0, 8;
    %jmp T_14.26;
T_14.6 ;
    %pushi/vec4 4, 0, 8;
    %store/vec4 v0x13bfe62f0_0, 0, 8;
    %jmp T_14.26;
T_14.7 ;
    %pushi/vec4 5, 0, 8;
    %store/vec4 v0x13bfe62f0_0, 0, 8;
    %jmp T_14.26;
T_14.8 ;
    %pushi/vec4 6, 0, 8;
    %store/vec4 v0x13bfe62f0_0, 0, 8;
    %jmp T_14.26;
T_14.9 ;
    %pushi/vec4 7, 0, 8;
    %store/vec4 v0x13bfe62f0_0, 0, 8;
    %jmp T_14.26;
T_14.10 ;
    %pushi/vec4 8, 0, 8;
    %store/vec4 v0x13bfe62f0_0, 0, 8;
    %jmp T_14.26;
T_14.11 ;
    %pushi/vec4 9, 0, 8;
    %store/vec4 v0x13bfe62f0_0, 0, 8;
    %jmp T_14.26;
T_14.12 ;
    %pushi/vec4 10, 0, 8;
    %store/vec4 v0x13bfe62f0_0, 0, 8;
    %jmp T_14.26;
T_14.13 ;
    %pushi/vec4 11, 0, 8;
    %store/vec4 v0x13bfe62f0_0, 0, 8;
    %jmp T_14.26;
T_14.14 ;
    %pushi/vec4 12, 0, 8;
    %store/vec4 v0x13bfe62f0_0, 0, 8;
    %jmp T_14.26;
T_14.15 ;
    %pushi/vec4 13, 0, 8;
    %store/vec4 v0x13bfe62f0_0, 0, 8;
    %jmp T_14.26;
T_14.16 ;
    %pushi/vec4 14, 0, 8;
    %store/vec4 v0x13bfe62f0_0, 0, 8;
    %jmp T_14.26;
T_14.17 ;
    %pushi/vec4 15, 0, 8;
    %store/vec4 v0x13bfe62f0_0, 0, 8;
    %jmp T_14.26;
T_14.18 ;
    %pushi/vec4 16, 0, 8;
    %store/vec4 v0x13bfe62f0_0, 0, 8;
    %jmp T_14.26;
T_14.19 ;
    %pushi/vec4 17, 0, 8;
    %store/vec4 v0x13bfe62f0_0, 0, 8;
    %jmp T_14.26;
T_14.20 ;
    %pushi/vec4 18, 0, 8;
    %store/vec4 v0x13bfe62f0_0, 0, 8;
    %jmp T_14.26;
T_14.21 ;
    %pushi/vec4 19, 0, 8;
    %store/vec4 v0x13bfe62f0_0, 0, 8;
    %jmp T_14.26;
T_14.22 ;
    %pushi/vec4 20, 0, 8;
    %store/vec4 v0x13bfe62f0_0, 0, 8;
    %jmp T_14.26;
T_14.23 ;
    %pushi/vec4 21, 0, 8;
    %store/vec4 v0x13bfe62f0_0, 0, 8;
    %jmp T_14.26;
T_14.24 ;
    %pushi/vec4 22, 0, 8;
    %store/vec4 v0x13bfe62f0_0, 0, 8;
    %jmp T_14.26;
T_14.26 ;
    %pop/vec4 1;
T_14.1 ;
    %jmp T_14;
    .thread T_14, $push;
    .scope S_0x13bfe5c20;
T_15 ;
    %wait E_0x13bfe5e30;
    %load/vec4 v0x13bfe5e90_0;
    %parti/s 10, 22, 6;
    %dup/vec4;
    %pushi/vec4 8, 0, 10;
    %cmp/z;
    %jmp/1 T_15.0, 4;
    %dup/vec4;
    %pushi/vec4 9, 0, 10;
    %cmp/z;
    %jmp/1 T_15.1, 4;
    %dup/vec4;
    %pushi/vec4 10, 0, 10;
    %cmp/z;
    %jmp/1 T_15.2, 4;
    %dup/vec4;
    %pushi/vec4 13, 0, 10;
    %cmp/z;
    %jmp/1 T_15.3, 4;
    %dup/vec4;
    %pushi/vec4 14, 0, 10;
    %cmp/z;
    %jmp/1 T_15.4, 4;
    %dup/vec4;
    %pushi/vec4 15, 0, 10;
    %cmp/z;
    %jmp/1 T_15.5, 4;
    %dup/vec4;
    %pushi/vec4 24, 0, 10;
    %cmp/z;
    %jmp/1 T_15.6, 4;
    %dup/vec4;
    %pushi/vec4 160, 3, 10;
    %cmp/z;
    %jmp/1 T_15.7, 4;
    %dup/vec4;
    %pushi/vec4 164, 3, 10;
    %cmp/z;
    %jmp/1 T_15.8, 4;
    %dup/vec4;
    %pushi/vec4 168, 3, 10;
    %cmp/z;
    %jmp/1 T_15.9, 4;
    %pushi/vec4 255, 0, 8;
    %store/vec4 v0x13bfe5f50_0, 0, 8;
    %jmp T_15.11;
T_15.0 ;
    %pushi/vec4 23, 0, 8;
    %store/vec4 v0x13bfe5f50_0, 0, 8;
    %jmp T_15.11;
T_15.1 ;
    %pushi/vec4 24, 0, 8;
    %store/vec4 v0x13bfe5f50_0, 0, 8;
    %jmp T_15.11;
T_15.2 ;
    %pushi/vec4 25, 0, 8;
    %store/vec4 v0x13bfe5f50_0, 0, 8;
    %jmp T_15.11;
T_15.3 ;
    %pushi/vec4 26, 0, 8;
    %store/vec4 v0x13bfe5f50_0, 0, 8;
    %jmp T_15.11;
T_15.4 ;
    %pushi/vec4 27, 0, 8;
    %store/vec4 v0x13bfe5f50_0, 0, 8;
    %jmp T_15.11;
T_15.5 ;
    %pushi/vec4 28, 0, 8;
    %store/vec4 v0x13bfe5f50_0, 0, 8;
    %jmp T_15.11;
T_15.6 ;
    %pushi/vec4 32, 0, 8;
    %store/vec4 v0x13bfe5f50_0, 0, 8;
    %jmp T_15.11;
T_15.7 ;
    %pushi/vec4 35, 0, 8;
    %store/vec4 v0x13bfe5f50_0, 0, 8;
    %jmp T_15.11;
T_15.8 ;
    %pushi/vec4 36, 0, 8;
    %store/vec4 v0x13bfe5f50_0, 0, 8;
    %jmp T_15.11;
T_15.9 ;
    %pushi/vec4 37, 0, 8;
    %store/vec4 v0x13bfe5f50_0, 0, 8;
    %jmp T_15.11;
T_15.11 ;
    %pop/vec4 1;
    %jmp T_15;
    .thread T_15, $push;
    .scope S_0x13bfe6770;
T_16 ;
    %wait E_0x13bfe5e30;
    %load/vec4 v0x13bfe6960_0;
    %parti/s 6, 26, 6;
    %dup/vec4;
    %pushi/vec4 19, 0, 6;
    %cmp/u;
    %jmp/1 T_16.0, 6;
    %dup/vec4;
    %pushi/vec4 20, 0, 6;
    %cmp/u;
    %jmp/1 T_16.1, 6;
    %dup/vec4;
    %pushi/vec4 21, 0, 6;
    %cmp/u;
    %jmp/1 T_16.2, 6;
    %dup/vec4;
    %pushi/vec4 22, 0, 6;
    %cmp/u;
    %jmp/1 T_16.3, 6;
    %dup/vec4;
    %pushi/vec4 24, 0, 6;
    %cmp/u;
    %jmp/1 T_16.4, 6;
    %dup/vec4;
    %pushi/vec4 25, 0, 6;
    %cmp/u;
    %jmp/1 T_16.5, 6;
    %dup/vec4;
    %pushi/vec4 26, 0, 6;
    %cmp/u;
    %jmp/1 T_16.6, 6;
    %dup/vec4;
    %pushi/vec4 27, 0, 6;
    %cmp/u;
    %jmp/1 T_16.7, 6;
    %pushi/vec4 255, 0, 8;
    %store/vec4 v0x13bfe6a10_0, 0, 8;
    %jmp T_16.9;
T_16.0 ;
    %pushi/vec4 38, 0, 8;
    %store/vec4 v0x13bfe6a10_0, 0, 8;
    %jmp T_16.9;
T_16.1 ;
    %pushi/vec4 39, 0, 8;
    %store/vec4 v0x13bfe6a10_0, 0, 8;
    %jmp T_16.9;
T_16.2 ;
    %pushi/vec4 40, 0, 8;
    %store/vec4 v0x13bfe6a10_0, 0, 8;
    %jmp T_16.9;
T_16.3 ;
    %pushi/vec4 41, 0, 8;
    %store/vec4 v0x13bfe6a10_0, 0, 8;
    %jmp T_16.9;
T_16.4 ;
    %pushi/vec4 42, 0, 8;
    %store/vec4 v0x13bfe6a10_0, 0, 8;
    %jmp T_16.9;
T_16.5 ;
    %pushi/vec4 43, 0, 8;
    %store/vec4 v0x13bfe6a10_0, 0, 8;
    %jmp T_16.9;
T_16.6 ;
    %pushi/vec4 44, 0, 8;
    %store/vec4 v0x13bfe6a10_0, 0, 8;
    %jmp T_16.9;
T_16.7 ;
    %pushi/vec4 45, 0, 8;
    %store/vec4 v0x13bfe6a10_0, 0, 8;
    %jmp T_16.9;
T_16.9 ;
    %pop/vec4 1;
    %jmp T_16;
    .thread T_16, $push;
    .scope S_0x13bfe63c0;
T_17 ;
    %wait E_0x13bfe5e30;
    %load/vec4 v0x13bfe65d0_0;
    %parti/s 8, 24, 6;
    %dup/vec4;
    %pushi/vec4 32, 0, 8;
    %cmp/u;
    %jmp/1 T_17.0, 6;
    %dup/vec4;
    %pushi/vec4 33, 0, 8;
    %cmp/u;
    %jmp/1 T_17.1, 6;
    %pushi/vec4 255, 0, 8;
    %store/vec4 v0x13bfe66b0_0, 0, 8;
    %jmp T_17.3;
T_17.0 ;
    %pushi/vec4 46, 0, 8;
    %store/vec4 v0x13bfe66b0_0, 0, 8;
    %jmp T_17.3;
T_17.1 ;
    %pushi/vec4 47, 0, 8;
    %store/vec4 v0x13bfe66b0_0, 0, 8;
    %jmp T_17.3;
T_17.3 ;
    %pop/vec4 1;
    %jmp T_17;
    .thread T_17, $push;
    .scope S_0x13bfe6af0;
T_18 ;
    %wait E_0x13bfe5e30;
    %load/vec4 v0x13bfe6d20_0;
    %parti/s 8, 24, 6;
    %cmpi/ne 4, 0, 8;
    %jmp/0xz  T_18.0, 4;
    %pushi/vec4 255, 0, 8;
    %store/vec4 v0x13bfe6e50_0, 0, 8;
    %jmp T_18.1;
T_18.0 ;
    %load/vec4 v0x13bfe6d20_0;
    %parti/s 5, 5, 4;
    %dup/vec4;
    %pushi/vec4 0, 0, 5;
    %cmp/u;
    %jmp/1 T_18.2, 6;
    %dup/vec4;
    %pushi/vec4 1, 0, 5;
    %cmp/u;
    %jmp/1 T_18.3, 6;
    %pushi/vec4 31, 0, 8;
    %store/vec4 v0x13bfe6e50_0, 0, 8;
    %jmp T_18.5;
T_18.2 ;
    %pushi/vec4 29, 0, 8;
    %store/vec4 v0x13bfe6e50_0, 0, 8;
    %jmp T_18.5;
T_18.3 ;
    %pushi/vec4 30, 0, 8;
    %store/vec4 v0x13bfe6e50_0, 0, 8;
    %jmp T_18.5;
T_18.5 ;
    %pop/vec4 1;
T_18.1 ;
    %jmp T_18;
    .thread T_18, $push;
    .scope S_0x13bfe6ee0;
T_19 ;
    %wait E_0x13bfe5e30;
    %load/vec4 v0x13bfe70d0_0;
    %parti/s 7, 25, 6;
    %dup/vec4;
    %pushi/vec4 10, 0, 7;
    %cmp/u;
    %jmp/1 T_19.0, 6;
    %dup/vec4;
    %pushi/vec4 14, 0, 7;
    %cmp/u;
    %jmp/1 T_19.1, 6;
    %pushi/vec4 255, 0, 8;
    %store/vec4 v0x13bfe7170_0, 0, 8;
    %jmp T_19.3;
T_19.0 ;
    %pushi/vec4 33, 0, 8;
    %store/vec4 v0x13bfe7170_0, 0, 8;
    %jmp T_19.3;
T_19.1 ;
    %pushi/vec4 34, 0, 8;
    %store/vec4 v0x13bfe7170_0, 0, 8;
    %jmp T_19.3;
T_19.3 ;
    %pop/vec4 1;
    %jmp T_19;
    .thread T_19, $push;
    .scope S_0x13bfe5840;
T_20 ;
    %wait E_0x13bfe5e30;
    %load/vec4 v0x13bfe76b0_0;
    %parti/s 5, 0, 2;
    %assign/vec4 v0x13bfe7da0_0, 0;
    %load/vec4 v0x13bfe76b0_0;
    %parti/s 5, 5, 4;
    %assign/vec4 v0x13bfe7f40_0, 0;
    %load/vec4 v0x13bfe76b0_0;
    %parti/s 5, 10, 5;
    %assign/vec4 v0x13bfe7ff0_0, 0;
    %jmp T_20;
    .thread T_20, $push;
    .scope S_0x13bfe5840;
T_21 ;
    %wait E_0x13bfe5e30;
    %load/vec4 v0x13bfe76b0_0;
    %parti/s 10, 0, 2;
    %load/vec4 v0x13bfe76b0_0;
    %parti/s 16, 10, 5;
    %concat/vec4; draw_concat_vec4
    %assign/vec4 v0x13bfe7510_0, 0;
    %load/vec4 v0x13bfe76b0_0;
    %parti/s 15, 0, 2;
    %assign/vec4 v0x13bfe7300_0, 0;
    %load/vec4 v0x13bfe76b0_0;
    %parti/s 5, 10, 5;
    %assign/vec4 v0x13bfe80a0_0, 0;
    %load/vec4 v0x13bfe76b0_0;
    %parti/s 20, 5, 4;
    %assign/vec4 v0x13bfe8150_0, 0;
    %jmp T_21;
    .thread T_21, $push;
    .scope S_0x13bfe5840;
T_22 ;
    %wait E_0x13bfe5e30;
    %load/vec4 v0x13bfe76b0_0;
    %parti/s 6, 26, 6;
    %cmpi/e 20, 0, 6;
    %jmp/1 T_22.6, 4;
    %flag_mov 8, 4;
    %load/vec4 v0x13bfe76b0_0;
    %parti/s 6, 26, 6;
    %cmpi/e 21, 0, 6;
    %flag_or 4, 8;
T_22.6;
    %jmp/1 T_22.5, 4;
    %flag_mov 8, 4;
    %load/vec4 v0x13bfe76b0_0;
    %parti/s 6, 26, 6;
    %cmpi/e 22, 0, 6;
    %flag_or 4, 8;
T_22.5;
    %jmp/1 T_22.4, 4;
    %flag_mov 8, 4;
    %load/vec4 v0x13bfe76b0_0;
    %parti/s 6, 26, 6;
    %cmpi/e 23, 0, 6;
    %flag_or 4, 8;
T_22.4;
    %jmp/1 T_22.3, 4;
    %flag_mov 8, 4;
    %load/vec4 v0x13bfe76b0_0;
    %parti/s 6, 26, 6;
    %cmpi/e 24, 0, 6;
    %flag_or 4, 8;
T_22.3;
    %jmp/1 T_22.2, 4;
    %flag_mov 8, 4;
    %load/vec4 v0x13bfe76b0_0;
    %parti/s 6, 26, 6;
    %cmpi/e 25, 0, 6;
    %flag_or 4, 8;
T_22.2;
    %jmp/1 T_22.1, 4;
    %flag_mov 8, 4;
    %load/vec4 v0x13bfe76b0_0;
    %parti/s 6, 26, 6;
    %cmpi/e 26, 0, 6;
    %flag_or 4, 8;
T_22.1;
    %flag_get/vec4 4;
    %jmp/1 T_22.0, 4;
    %load/vec4 v0x13bfe76b0_0;
    %parti/s 6, 26, 6;
    %pushi/vec4 27, 0, 6;
    %cmp/e;
    %flag_get/vec4 4;
    %or;
T_22.0;
    %assign/vec4 v0x13bfe7750_0, 0;
    %jmp T_22;
    .thread T_22, $push;
    .scope S_0x13bfe5840;
T_23 ;
    %wait E_0x13bfe5bb0;
    %load/vec4 v0x13bfe7900_0;
    %cmpi/ne 255, 0, 8;
    %jmp/0xz  T_23.0, 4;
    %pushi/vec4 1, 0, 3;
    %store/vec4 v0x13bfe7c40_0, 0, 3;
    %jmp T_23.1;
T_23.0 ;
    %load/vec4 v0x13bfe79c0_0;
    %cmpi/ne 255, 0, 8;
    %jmp/0xz  T_23.2, 4;
    %pushi/vec4 0, 0, 3;
    %store/vec4 v0x13bfe7c40_0, 0, 3;
    %jmp T_23.3;
T_23.2 ;
    %load/vec4 v0x13bfe7ae0_0;
    %cmpi/ne 255, 0, 8;
    %jmp/0xz  T_23.4, 4;
    %pushi/vec4 2, 0, 3;
    %store/vec4 v0x13bfe7c40_0, 0, 3;
    %jmp T_23.5;
T_23.4 ;
    %load/vec4 v0x13bfe7a50_0;
    %cmpi/ne 255, 0, 8;
    %jmp/0xz  T_23.6, 4;
    %pushi/vec4 3, 0, 3;
    %store/vec4 v0x13bfe7c40_0, 0, 3;
    %jmp T_23.7;
T_23.6 ;
    %load/vec4 v0x13bfe7b90_0;
    %cmpi/ne 255, 0, 8;
    %jmp/0xz  T_23.8, 4;
    %pushi/vec4 4, 0, 3;
    %store/vec4 v0x13bfe7c40_0, 0, 3;
    %jmp T_23.9;
T_23.8 ;
    %load/vec4 v0x13bfe7ce0_0;
    %cmpi/ne 255, 0, 8;
    %jmp/0xz  T_23.10, 4;
    %pushi/vec4 5, 0, 3;
    %store/vec4 v0x13bfe7c40_0, 0, 3;
    %jmp T_23.11;
T_23.10 ;
    %pushi/vec4 7, 0, 3;
    %store/vec4 v0x13bfe7c40_0, 0, 3;
T_23.11 ;
T_23.9 ;
T_23.7 ;
T_23.5 ;
T_23.3 ;
T_23.1 ;
    %jmp T_23;
    .thread T_23, $push;
    .scope S_0x13bfe5840;
T_24 ;
    %wait E_0x13bfe5b20;
    %load/vec4 v0x13bfe7c40_0;
    %dup/vec4;
    %pushi/vec4 0, 0, 3;
    %cmp/u;
    %jmp/1 T_24.0, 6;
    %dup/vec4;
    %pushi/vec4 1, 0, 3;
    %cmp/u;
    %jmp/1 T_24.1, 6;
    %dup/vec4;
    %pushi/vec4 2, 0, 3;
    %cmp/u;
    %jmp/1 T_24.2, 6;
    %dup/vec4;
    %pushi/vec4 3, 0, 3;
    %cmp/u;
    %jmp/1 T_24.3, 6;
    %dup/vec4;
    %pushi/vec4 4, 0, 3;
    %cmp/u;
    %jmp/1 T_24.4, 6;
    %dup/vec4;
    %pushi/vec4 5, 0, 3;
    %cmp/u;
    %jmp/1 T_24.5, 6;
    %pushi/vec4 255, 0, 8;
    %store/vec4 v0x13bfe77f0_0, 0, 8;
    %jmp T_24.7;
T_24.0 ;
    %load/vec4 v0x13bfe79c0_0;
    %store/vec4 v0x13bfe77f0_0, 0, 8;
    %jmp T_24.7;
T_24.1 ;
    %load/vec4 v0x13bfe7900_0;
    %store/vec4 v0x13bfe77f0_0, 0, 8;
    %jmp T_24.7;
T_24.2 ;
    %load/vec4 v0x13bfe7ae0_0;
    %store/vec4 v0x13bfe77f0_0, 0, 8;
    %jmp T_24.7;
T_24.3 ;
    %load/vec4 v0x13bfe7a50_0;
    %store/vec4 v0x13bfe77f0_0, 0, 8;
    %jmp T_24.7;
T_24.4 ;
    %load/vec4 v0x13bfe7b90_0;
    %store/vec4 v0x13bfe77f0_0, 0, 8;
    %jmp T_24.7;
T_24.5 ;
    %load/vec4 v0x13bfe7ce0_0;
    %store/vec4 v0x13bfe77f0_0, 0, 8;
    %jmp T_24.7;
T_24.7 ;
    %pop/vec4 1;
    %jmp T_24;
    .thread T_24, $push;
    .scope S_0x13bfe5840;
T_25 ;
    %wait E_0x13bfe5e30;
    %load/vec4 v0x13bfe76b0_0;
    %parti/s 2, 22, 6;
    %pad/u 3;
    %store/vec4 v0x13bfe7250_0, 0, 3;
    %jmp T_25;
    .thread T_25, $push;
    .scope S_0x13bfe5840;
T_26 ;
    %wait E_0x13bfe5e30;
    %load/vec4 v0x13bfe76b0_0;
    %parti/s 14, 10, 5;
    %store/vec4 v0x13bfe73b0_0, 0, 14;
    %jmp T_26;
    .thread T_26, $push;
    .scope S_0x13bfe5840;
T_27 ;
    %wait E_0x13bfe5e30;
    %load/vec4 v0x13bfe76b0_0;
    %parti/s 10, 22, 6;
    %cmpi/e 13, 0, 10;
    %jmp/1 T_27.3, 4;
    %flag_mov 8, 4;
    %load/vec4 v0x13bfe76b0_0;
    %parti/s 10, 22, 6;
    %cmpi/e 14, 0, 10;
    %flag_or 4, 8;
T_27.3;
    %jmp/1 T_27.2, 4;
    %flag_mov 8, 4;
    %load/vec4 v0x13bfe76b0_0;
    %parti/s 10, 22, 6;
    %cmpi/e 15, 0, 10;
    %flag_or 4, 8;
T_27.2;
    %flag_mov 8, 4;
    %jmp/0 T_27.0, 8;
    %pushi/vec4 1, 0, 2;
    %jmp/1 T_27.1, 8;
T_27.0 ; End of true expr.
    %pushi/vec4 0, 0, 2;
    %jmp/0 T_27.1, 8;
 ; End of false expr.
    %blend;
T_27.1;
    %pad/s 1;
    %store/vec4 v0x13bfe7470_0, 0, 1;
    %jmp T_27;
    .thread T_27, $push;
    .scope S_0x13bfe5840;
T_28 ;
    %wait E_0x13bfe5e30;
    %load/vec4 v0x13bfe76b0_0;
    %parti/s 7, 25, 6;
    %cmpi/e 1, 0, 7;
    %flag_mov 8, 4;
    %jmp/0 T_28.0, 8;
    %pushi/vec4 1, 0, 3;
    %jmp/1 T_28.1, 8;
T_28.0 ; End of true expr.
    %load/vec4 v0x13bfe76b0_0;
    %parti/s 7, 25, 6;
    %cmpi/e 3, 0, 7;
    %flag_mov 9, 4;
    %jmp/0 T_28.2, 9;
    %pushi/vec4 1, 0, 3;
    %jmp/1 T_28.3, 9;
T_28.2 ; End of true expr.
    %load/vec4 v0x13bfe76b0_0;
    %parti/s 6, 26, 6;
    %cmpi/e 10, 0, 6;
    %flag_mov 10, 4;
    %jmp/0 T_28.4, 10;
    %pushi/vec4 1, 0, 3;
    %jmp/1 T_28.5, 10;
T_28.4 ; End of true expr.
    %load/vec4 v0x13bfe76b0_0;
    %parti/s 6, 26, 6;
    %cmpi/e 8, 0, 6;
    %flag_mov 11, 4;
    %jmp/0 T_28.6, 11;
    %pushi/vec4 2, 0, 3;
    %jmp/1 T_28.7, 11;
T_28.6 ; End of true expr.
    %load/vec4 v0x13bfe76b0_0;
    %parti/s 5, 27, 6;
    %cmpi/e 10, 0, 5;
    %flag_mov 12, 4;
    %jmp/0 T_28.8, 12;
    %pushi/vec4 3, 0, 3;
    %jmp/1 T_28.9, 12;
T_28.8 ; End of true expr.
    %load/vec4 v0x13bfe76b0_0;
    %parti/s 2, 30, 6;
    %cmpi/e 1, 0, 2;
    %flag_mov 13, 4;
    %jmp/0 T_28.10, 13;
    %pushi/vec4 5, 0, 3;
    %jmp/1 T_28.11, 13;
T_28.10 ; End of true expr.
    %pushi/vec4 7, 0, 3;
    %jmp/0 T_28.11, 13;
 ; End of false expr.
    %blend;
T_28.11;
    %jmp/0 T_28.9, 12;
 ; End of false expr.
    %blend;
T_28.9;
    %jmp/0 T_28.7, 11;
 ; End of false expr.
    %blend;
T_28.7;
    %jmp/0 T_28.5, 10;
 ; End of false expr.
    %blend;
T_28.5;
    %jmp/0 T_28.3, 9;
 ; End of false expr.
    %blend;
T_28.3;
    %jmp/0 T_28.1, 8;
 ; End of false expr.
    %blend;
T_28.1;
    %assign/vec4 v0x13bfe7600_0, 0;
    %jmp T_28;
    .thread T_28, $push;
    .scope S_0x13bfee2f0;
T_29 ;
    %wait E_0x13bfe2a40;
    %load/vec4 v0x13bff01c0_0;
    %nor/r;
    %flag_set/vec4 8;
    %jmp/0xz  T_29.0, 8;
    %pushi/vec4 0, 0, 32;
    %assign/vec4 v0x13bfefc20_0, 0;
    %pushi/vec4 0, 0, 32;
    %assign/vec4 v0x13bff00a0_0, 0;
    %pushi/vec4 0, 0, 32;
    %assign/vec4 v0x13bff0130_0, 0;
    %pushi/vec4 0, 0, 32;
    %assign/vec4 v0x13bfefcd0_0, 0;
    %pushi/vec4 0, 0, 5;
    %assign/vec4 v0x13bfefd70_0, 0;
    %pushi/vec4 0, 0, 8;
    %assign/vec4 v0x13bfefe10_0, 0;
    %pushi/vec4 0, 0, 8;
    %assign/vec4 v0x13bfef2f0_0, 0;
    %pushi/vec4 0, 0, 8;
    %assign/vec4 v0x13bfefa60_0, 0;
    %pushi/vec4 0, 0, 3;
    %assign/vec4 v0x13bfefb00_0, 0;
    %pushi/vec4 0, 0, 26;
    %assign/vec4 v0x13bfef870_0, 0;
    %pushi/vec4 0, 0, 3;
    %assign/vec4 v0x13bfef940_0, 0;
    %pushi/vec4 0, 0, 15;
    %assign/vec4 v0x13bfee840_0, 0;
    %pushi/vec4 0, 0, 5;
    %assign/vec4 v0x13bff0250_0, 0;
    %pushi/vec4 0, 0, 20;
    %assign/vec4 v0x13bff0300_0, 0;
    %pushi/vec4 0, 0, 1;
    %assign/vec4 v0x13bfee9f0_0, 0;
    %pushi/vec4 0, 0, 3;
    %assign/vec4 v0x13bfee770_0, 0;
    %pushi/vec4 0, 0, 1;
    %assign/vec4 v0x13bfef9d0_0, 0;
    %pushi/vec4 0, 0, 14;
    %assign/vec4 v0x13bfee960_0, 0;
    %jmp T_29.1;
T_29.0 ;
    %load/vec4 v0x13bff03a0_0;
    %flag_set/vec4 8;
    %jmp/0xz  T_29.2, 8;
    %load/vec4 v0x13bfef1a0_0;
    %assign/vec4 v0x13bfefc20_0, 0;
    %load/vec4 v0x13bfef5f0_0;
    %assign/vec4 v0x13bff00a0_0, 0;
    %load/vec4 v0x13bfef680_0;
    %assign/vec4 v0x13bff0130_0, 0;
    %load/vec4 v0x13bfef250_0;
    %assign/vec4 v0x13bfefcd0_0, 0;
    %load/vec4 v0x13bfef400_0;
    %assign/vec4 v0x13bfefd70_0, 0;
    %load/vec4 v0x13bfef490_0;
    %pad/u 8;
    %assign/vec4 v0x13bfefe10_0, 0;
    %load/vec4 v0x13bfef520_0;
    %pad/u 8;
    %assign/vec4 v0x13bfef2f0_0, 0;
    %load/vec4 v0x13bfef040_0;
    %assign/vec4 v0x13bfefa60_0, 0;
    %load/vec4 v0x13bfef0f0_0;
    %assign/vec4 v0x13bfefb00_0, 0;
    %load/vec4 v0x13bfeee50_0;
    %assign/vec4 v0x13bfef870_0, 0;
    %load/vec4 v0x13bfeeee0_0;
    %assign/vec4 v0x13bfef940_0, 0;
    %load/vec4 v0x13bfeebe0_0;
    %assign/vec4 v0x13bfee840_0, 0;
    %load/vec4 v0x13bfef710_0;
    %assign/vec4 v0x13bff0250_0, 0;
    %load/vec4 v0x13bfef7c0_0;
    %assign/vec4 v0x13bff0300_0, 0;
    %load/vec4 v0x13bfeedc0_0;
    %assign/vec4 v0x13bfee9f0_0, 0;
    %load/vec4 v0x13bfeeb50_0;
    %assign/vec4 v0x13bfee770_0, 0;
    %load/vec4 v0x13bfeef90_0;
    %assign/vec4 v0x13bfef9d0_0, 0;
    %load/vec4 v0x13bfeec90_0;
    %assign/vec4 v0x13bfee960_0, 0;
T_29.2 ;
T_29.1 ;
    %jmp T_29;
    .thread T_29;
    .scope S_0x13bfe28d0;
T_30 ;
    %wait E_0x13bfe2b80;
    %load/vec4 v0x13bfe2de0_0;
    %dup/vec4;
    %pushi/vec4 0, 0, 3;
    %cmp/u;
    %jmp/1 T_30.0, 6;
    %dup/vec4;
    %pushi/vec4 1, 0, 3;
    %cmp/u;
    %jmp/1 T_30.1, 6;
    %dup/vec4;
    %pushi/vec4 2, 0, 3;
    %cmp/u;
    %jmp/1 T_30.2, 6;
    %pushi/vec4 0, 0, 32;
    %store/vec4 v0x13bfe2d20_0, 0, 32;
    %jmp T_30.4;
T_30.0 ;
    %load/vec4 v0x13bfe2e90_0;
    %parti/s 1, 7, 4;
    %replicate 24;
    %load/vec4 v0x13bfe2e90_0;
    %parti/s 8, 0, 2;
    %concat/vec4; draw_concat_vec4
    %store/vec4 v0x13bfe2d20_0, 0, 32;
    %jmp T_30.4;
T_30.1 ;
    %load/vec4 v0x13bfe2c90_0;
    %flag_set/vec4 8;
    %jmp/0 T_30.5, 8;
    %pushi/vec4 0, 0, 20;
    %load/vec4 v0x13bfe2e90_0;
    %parti/s 12, 0, 2;
    %concat/vec4; draw_concat_vec4
    %jmp/1 T_30.6, 8;
T_30.5 ; End of true expr.
    %load/vec4 v0x13bfe2e90_0;
    %parti/s 1, 11, 5;
    %replicate 20;
    %load/vec4 v0x13bfe2e90_0;
    %parti/s 12, 0, 2;
    %concat/vec4; draw_concat_vec4
    %jmp/0 T_30.6, 8;
 ; End of false expr.
    %blend;
T_30.6;
    %store/vec4 v0x13bfe2d20_0, 0, 32;
    %jmp T_30.4;
T_30.2 ;
    %load/vec4 v0x13bfe2e90_0;
    %parti/s 1, 13, 5;
    %replicate 18;
    %load/vec4 v0x13bfe2e90_0;
    %parti/s 14, 0, 2;
    %concat/vec4; draw_concat_vec4
    %store/vec4 v0x13bfe2d20_0, 0, 32;
    %jmp T_30.4;
T_30.4 ;
    %pop/vec4 1;
    %jmp T_30;
    .thread T_30, $push;
    .scope S_0x13bfe28d0;
T_31 ;
    %wait E_0x13bfe2b40;
    %load/vec4 v0x13bfe3020_0;
    %cmpi/e 0, 0, 3;
    %flag_get/vec4 4;
    %jmp/0 T_31.4, 4;
    %load/vec4 v0x13bfe2f80_0;
    %pushi/vec4 20, 0, 8;
    %cmp/ne;
    %flag_get/vec4 4;
    %and;
T_31.4;
    %flag_set/vec4 10;
    %flag_get/vec4 10;
    %jmp/0 T_31.3, 10;
    %load/vec4 v0x13bfe2f80_0;
    %pushi/vec4 22, 0, 8;
    %cmp/ne;
    %flag_get/vec4 4;
    %and;
T_31.3;
    %flag_set/vec4 9;
    %flag_get/vec4 9;
    %jmp/0 T_31.2, 9;
    %load/vec4 v0x13bfe2f80_0;
    %pushi/vec4 21, 0, 8;
    %cmp/ne;
    %flag_get/vec4 4;
    %and;
T_31.2;
    %flag_set/vec4 8;
    %jmp/0xz  T_31.0, 8;
    %load/vec4 v0x13bfe30c0_0;
    %store/vec4 v0x13bfe2bc0_0, 0, 32;
    %jmp T_31.1;
T_31.0 ;
    %load/vec4 v0x13bfe3020_0;
    %cmpi/e 0, 0, 3;
    %jmp/0xz  T_31.5, 4;
    %pushi/vec4 0, 0, 27;
    %load/vec4 v0x13bfe3170_0;
    %concat/vec4; draw_concat_vec4
    %store/vec4 v0x13bfe2bc0_0, 0, 32;
    %jmp T_31.6;
T_31.5 ;
    %load/vec4 v0x13bfe2d20_0;
    %store/vec4 v0x13bfe2bc0_0, 0, 32;
T_31.6 ;
T_31.1 ;
    %jmp T_31;
    .thread T_31, $push;
    .scope S_0x13bf71b00;
T_32 ;
    %wait E_0x13bf42450;
    %load/vec4 v0x13bf76050_0;
    %dup/vec4;
    %pushi/vec4 0, 0, 8;
    %cmp/u;
    %jmp/1 T_32.0, 6;
    %dup/vec4;
    %pushi/vec4 1, 0, 8;
    %cmp/u;
    %jmp/1 T_32.1, 6;
    %dup/vec4;
    %pushi/vec4 5, 0, 8;
    %cmp/u;
    %jmp/1 T_32.2, 6;
    %dup/vec4;
    %pushi/vec4 6, 0, 8;
    %cmp/u;
    %jmp/1 T_32.3, 6;
    %dup/vec4;
    %pushi/vec4 7, 0, 8;
    %cmp/u;
    %jmp/1 T_32.4, 6;
    %dup/vec4;
    %pushi/vec4 8, 0, 8;
    %cmp/u;
    %jmp/1 T_32.5, 6;
    %dup/vec4;
    %pushi/vec4 9, 0, 8;
    %cmp/u;
    %jmp/1 T_32.6, 6;
    %dup/vec4;
    %pushi/vec4 10, 0, 8;
    %cmp/u;
    %jmp/1 T_32.7, 6;
    %dup/vec4;
    %pushi/vec4 2, 0, 8;
    %cmp/u;
    %jmp/1 T_32.8, 6;
    %dup/vec4;
    %pushi/vec4 3, 0, 8;
    %cmp/u;
    %jmp/1 T_32.9, 6;
    %dup/vec4;
    %pushi/vec4 25, 0, 8;
    %cmp/u;
    %jmp/1 T_32.10, 6;
    %dup/vec4;
    %pushi/vec4 26, 0, 8;
    %cmp/u;
    %jmp/1 T_32.11, 6;
    %dup/vec4;
    %pushi/vec4 27, 0, 8;
    %cmp/u;
    %jmp/1 T_32.12, 6;
    %dup/vec4;
    %pushi/vec4 28, 0, 8;
    %cmp/u;
    %jmp/1 T_32.13, 6;
    %dup/vec4;
    %pushi/vec4 23, 0, 8;
    %cmp/u;
    %jmp/1 T_32.14, 6;
    %dup/vec4;
    %pushi/vec4 24, 0, 8;
    %cmp/u;
    %jmp/1 T_32.15, 6;
    %dup/vec4;
    %pushi/vec4 35, 0, 8;
    %cmp/u;
    %jmp/1 T_32.16, 6;
    %dup/vec4;
    %pushi/vec4 36, 0, 8;
    %cmp/u;
    %jmp/1 T_32.17, 6;
    %dup/vec4;
    %pushi/vec4 37, 0, 8;
    %cmp/u;
    %jmp/1 T_32.18, 6;
    %dup/vec4;
    %pushi/vec4 46, 0, 8;
    %cmp/u;
    %jmp/1 T_32.19, 6;
    %dup/vec4;
    %pushi/vec4 47, 0, 8;
    %cmp/u;
    %jmp/1 T_32.20, 6;
    %dup/vec4;
    %pushi/vec4 34, 0, 8;
    %cmp/u;
    %jmp/1 T_32.21, 6;
    %load/vec4 v0x13bf44d60_0;
    %store/vec4 v0x13bf65030_0, 0, 32;
    %jmp T_32.23;
T_32.0 ;
    %load/vec4 v0x13bf44d60_0;
    %store/vec4 v0x13bf65030_0, 0, 32;
    %jmp T_32.23;
T_32.1 ;
    %load/vec4 v0x13bfe26f0_0;
    %store/vec4 v0x13bf65030_0, 0, 32;
    %jmp T_32.23;
T_32.2 ;
    %load/vec4 v0x13bf65150_0;
    %store/vec4 v0x13bf65030_0, 0, 32;
    %jmp T_32.23;
T_32.3 ;
    %load/vec4 v0x13bfe2390_0;
    %store/vec4 v0x13bf65030_0, 0, 32;
    %jmp T_32.23;
T_32.4 ;
    %load/vec4 v0x13bfe27a0_0;
    %store/vec4 v0x13bf65030_0, 0, 32;
    %jmp T_32.23;
T_32.5 ;
    %load/vec4 v0x13bfe2420_0;
    %store/vec4 v0x13bf65030_0, 0, 32;
    %jmp T_32.23;
T_32.6 ;
    %load/vec4 v0x13bfe2660_0;
    %store/vec4 v0x13bf65030_0, 0, 32;
    %jmp T_32.23;
T_32.7 ;
    %load/vec4 v0x13bfe24d0_0;
    %store/vec4 v0x13bf65030_0, 0, 32;
    %jmp T_32.23;
T_32.8 ;
    %load/vec4 v0x13bf651f0_0;
    %pad/u 32;
    %store/vec4 v0x13bf65030_0, 0, 32;
    %jmp T_32.23;
T_32.9 ;
    %load/vec4 v0x13bfe2300_0;
    %pad/u 32;
    %store/vec4 v0x13bf65030_0, 0, 32;
    %jmp T_32.23;
T_32.10 ;
    %load/vec4 v0x13bf44d60_0;
    %store/vec4 v0x13bf65030_0, 0, 32;
    %jmp T_32.23;
T_32.11 ;
    %load/vec4 v0x13bf65150_0;
    %store/vec4 v0x13bf65030_0, 0, 32;
    %jmp T_32.23;
T_32.12 ;
    %load/vec4 v0x13bfe2390_0;
    %store/vec4 v0x13bf65030_0, 0, 32;
    %jmp T_32.23;
T_32.13 ;
    %load/vec4 v0x13bfe27a0_0;
    %store/vec4 v0x13bf65030_0, 0, 32;
    %jmp T_32.23;
T_32.14 ;
    %load/vec4 v0x13bf651f0_0;
    %pad/u 32;
    %store/vec4 v0x13bf65030_0, 0, 32;
    %jmp T_32.23;
T_32.15 ;
    %load/vec4 v0x13bfe2300_0;
    %pad/u 32;
    %store/vec4 v0x13bf65030_0, 0, 32;
    %jmp T_32.23;
T_32.16 ;
    %load/vec4 v0x13bf44d60_0;
    %store/vec4 v0x13bf65030_0, 0, 32;
    %jmp T_32.23;
T_32.17 ;
    %load/vec4 v0x13bf44d60_0;
    %store/vec4 v0x13bf65030_0, 0, 32;
    %jmp T_32.23;
T_32.18 ;
    %load/vec4 v0x13bf44d60_0;
    %store/vec4 v0x13bf65030_0, 0, 32;
    %jmp T_32.23;
T_32.19 ;
    %load/vec4 v0x13bf44d60_0;
    %store/vec4 v0x13bf65030_0, 0, 32;
    %jmp T_32.23;
T_32.20 ;
    %load/vec4 v0x13bf44d60_0;
    %store/vec4 v0x13bf65030_0, 0, 32;
    %jmp T_32.23;
T_32.21 ;
    %load/vec4 v0x13bf44d60_0;
    %store/vec4 v0x13bf65030_0, 0, 32;
    %jmp T_32.23;
T_32.23 ;
    %pop/vec4 1;
    %jmp T_32;
    .thread T_32, $push;
    .scope S_0x13bf71b00;
T_33 ;
    %wait E_0x13bf20430;
    %load/vec4 v0x13bf65030_0;
    %pushi/vec4 0, 0, 32;
    %cmp/e;
    %flag_get/vec4 4;
    %store/vec4 v0x13bf650c0_0, 0, 1;
    %jmp T_33;
    .thread T_33, $push;
    .scope S_0x13bfe3f10;
T_34 ;
    %wait E_0x13bfe4100;
    %load/vec4 v0x13bfe4300_0;
    %cmpi/e 2, 0, 3;
    %jmp/0xz  T_34.0, 4;
    %load/vec4 v0x13bfe4220_0;
    %dup/vec4;
    %pushi/vec4 38, 0, 8;
    %cmp/u;
    %jmp/1 T_34.2, 6;
    %dup/vec4;
    %pushi/vec4 39, 0, 8;
    %cmp/u;
    %jmp/1 T_34.3, 6;
    %dup/vec4;
    %pushi/vec4 40, 0, 8;
    %cmp/u;
    %jmp/1 T_34.4, 6;
    %dup/vec4;
    %pushi/vec4 41, 0, 8;
    %cmp/u;
    %jmp/1 T_34.5, 6;
    %dup/vec4;
    %pushi/vec4 42, 0, 8;
    %cmp/u;
    %jmp/1 T_34.6, 6;
    %dup/vec4;
    %pushi/vec4 43, 0, 8;
    %cmp/u;
    %jmp/1 T_34.7, 6;
    %dup/vec4;
    %pushi/vec4 44, 0, 8;
    %cmp/u;
    %jmp/1 T_34.8, 6;
    %dup/vec4;
    %pushi/vec4 45, 0, 8;
    %cmp/u;
    %jmp/1 T_34.9, 6;
    %pushi/vec4 0, 0, 1;
    %store/vec4 v0x13bfe4170_0, 0, 1;
    %jmp T_34.11;
T_34.2 ;
    %pushi/vec4 1, 0, 1;
    %store/vec4 v0x13bfe4170_0, 0, 1;
    %jmp T_34.11;
T_34.3 ;
    %pushi/vec4 1, 0, 1;
    %store/vec4 v0x13bfe4170_0, 0, 1;
    %jmp T_34.11;
T_34.4 ;
    %pushi/vec4 1, 0, 1;
    %store/vec4 v0x13bfe4170_0, 0, 1;
    %jmp T_34.11;
T_34.5 ;
    %load/vec4 v0x13bfe45e0_0;
    %load/vec4 v0x13bfe4450_0;
    %cmp/e;
    %flag_get/vec4 4;
    %store/vec4 v0x13bfe4170_0, 0, 1;
    %jmp T_34.11;
T_34.6 ;
    %load/vec4 v0x13bfe45e0_0;
    %load/vec4 v0x13bfe4450_0;
    %cmp/s;
    %flag_get/vec4 5;
    %store/vec4 v0x13bfe4170_0, 0, 1;
    %jmp T_34.11;
T_34.7 ;
    %load/vec4 v0x13bfe4450_0;
    %load/vec4 v0x13bfe45e0_0;
    %cmp/s;
    %flag_get/vec4 4;
    %flag_get/vec4 5;
    %or;
    %store/vec4 v0x13bfe4170_0, 0, 1;
    %jmp T_34.11;
T_34.8 ;
    %load/vec4 v0x13bfe4540_0;
    %load/vec4 v0x13bfe43b0_0;
    %cmp/u;
    %flag_get/vec4 5;
    %store/vec4 v0x13bfe4170_0, 0, 1;
    %jmp T_34.11;
T_34.9 ;
    %load/vec4 v0x13bfe43b0_0;
    %load/vec4 v0x13bfe4540_0;
    %cmp/u;
    %flag_get/vec4 4;
    %flag_get/vec4 5;
    %or;
    %store/vec4 v0x13bfe4170_0, 0, 1;
    %jmp T_34.11;
T_34.11 ;
    %pop/vec4 1;
    %jmp T_34.1;
T_34.0 ;
    %pushi/vec4 0, 0, 1;
    %store/vec4 v0x13bfe4170_0, 0, 1;
T_34.1 ;
    %jmp T_34;
    .thread T_34, $push;
    .scope S_0x13bfebe10;
T_35 ;
    %wait E_0x13bfe9a50;
    %load/vec4 v0x13bfec150_0;
    %dup/vec4;
    %pushi/vec4 38, 0, 8;
    %cmp/u;
    %jmp/1 T_35.0, 6;
    %dup/vec4;
    %pushi/vec4 39, 0, 8;
    %cmp/u;
    %jmp/1 T_35.1, 6;
    %dup/vec4;
    %pushi/vec4 40, 0, 8;
    %cmp/u;
    %jmp/1 T_35.2, 6;
    %load/vec4 v0x13bfec260_0;
    %load/vec4 v0x13bfec080_0;
    %parti/s 1, 15, 5;
    %replicate 16;
    %load/vec4 v0x13bfec080_0;
    %parti/s 16, 0, 2;
    %concat/vec4; draw_concat_vec4
    %add;
    %store/vec4 v0x13bfec310_0, 0, 32;
    %jmp T_35.4;
T_35.0 ;
    %load/vec4 v0x13bfec3a0_0;
    %load/vec4 v0x13bfec080_0;
    %parti/s 1, 15, 5;
    %replicate 16;
    %load/vec4 v0x13bfec080_0;
    %parti/s 16, 0, 2;
    %concat/vec4; draw_concat_vec4
    %add;
    %store/vec4 v0x13bfec310_0, 0, 32;
    %jmp T_35.4;
T_35.1 ;
    %load/vec4 v0x13bfec260_0;
    %load/vec4 v0x13bfec080_0;
    %parti/s 1, 25, 6;
    %replicate 6;
    %load/vec4 v0x13bfec080_0;
    %concat/vec4; draw_concat_vec4
    %add;
    %store/vec4 v0x13bfec310_0, 0, 32;
    %jmp T_35.4;
T_35.2 ;
    %load/vec4 v0x13bfec260_0;
    %load/vec4 v0x13bfec080_0;
    %parti/s 1, 25, 6;
    %replicate 6;
    %load/vec4 v0x13bfec080_0;
    %concat/vec4; draw_concat_vec4
    %add;
    %store/vec4 v0x13bfec310_0, 0, 32;
    %jmp T_35.4;
T_35.4 ;
    %pop/vec4 1;
    %jmp T_35;
    .thread T_35, $push;
    .scope S_0x13bfe82f0;
T_36 ;
    %wait E_0x13bf20430;
    %load/vec4 v0x13bfe8730_0;
    %store/vec4 v0x13bfe8a80_0, 0, 32;
    %jmp T_36;
    .thread T_36, $push;
    .scope S_0x13bfe82f0;
T_37 ;
    %wait E_0x13bf20430;
    %load/vec4 v0x13bfe8730_0;
    %store/vec4 v0x13bfe8900_0, 0, 32;
    %jmp T_37;
    .thread T_37, $push;
    .scope S_0x13bfe82f0;
T_38 ;
    %wait E_0x13bfe86d0;
    %load/vec4 v0x13bfe87c0_0;
    %store/vec4 v0x13bfe8990_0, 0, 3;
    %jmp T_38;
    .thread T_38, $push;
    .scope S_0x13bfe82f0;
T_39 ;
    %wait E_0x13bfe8680;
    %load/vec4 v0x13bfe8d90_0;
    %cmpi/e 35, 0, 8;
    %jmp/1 T_39.1, 4;
    %flag_mov 8, 4;
    %load/vec4 v0x13bfe8d90_0;
    %cmpi/e 37, 0, 8;
    %flag_or 4, 8;
T_39.1;
    %flag_get/vec4 4;
    %jmp/1 T_39.0, 4;
    %load/vec4 v0x13bfe8d90_0;
    %pushi/vec4 46, 0, 8;
    %cmp/e;
    %flag_get/vec4 4;
    %or;
T_39.0;
    %store/vec4 v0x13bfe8b30_0, 0, 1;
    %jmp T_39;
    .thread T_39, $push;
    .scope S_0x13bfe82f0;
T_40 ;
    %wait E_0x13bfe8680;
    %load/vec4 v0x13bfe8d90_0;
    %cmpi/e 36, 0, 8;
    %flag_get/vec4 4;
    %jmp/1 T_40.0, 4;
    %load/vec4 v0x13bfe8d90_0;
    %pushi/vec4 47, 0, 8;
    %cmp/e;
    %flag_get/vec4 4;
    %or;
T_40.0;
    %store/vec4 v0x13bfe8c80_0, 0, 1;
    %jmp T_40;
    .thread T_40, $push;
    .scope S_0x13bfe82f0;
T_41 ;
    %wait E_0x13bfe8620;
    %load/vec4 v0x13bfe8850_0;
    %store/vec4 v0x13bfe8bd0_0, 0, 32;
    %jmp T_41;
    .thread T_41, $push;
    .scope S_0x13bfecf10;
T_42 ;
    %wait E_0x13bfe2a40;
    %load/vec4 v0x13bfee0c0_0;
    %nor/r;
    %flag_set/vec4 8;
    %jmp/0xz  T_42.0, 8;
    %pushi/vec4 0, 0, 32;
    %assign/vec4 v0x13bfed980_0, 0;
    %pushi/vec4 0, 0, 3;
    %assign/vec4 v0x13bfedad0_0, 0;
    %pushi/vec4 0, 0, 32;
    %assign/vec4 v0x13bfedb90_0, 0;
    %pushi/vec4 0, 0, 1;
    %assign/vec4 v0x13bfedc20_0, 0;
    %pushi/vec4 0, 0, 1;
    %assign/vec4 v0x13bfedd60_0, 0;
    %pushi/vec4 0, 0, 32;
    %assign/vec4 v0x13bfedcb0_0, 0;
    %pushi/vec4 0, 0, 5;
    %assign/vec4 v0x13bfee030_0, 0;
    %pushi/vec4 0, 0, 8;
    %assign/vec4 v0x13bfedf10_0, 0;
    %pushi/vec4 0, 0, 3;
    %assign/vec4 v0x13bfedfa0_0, 0;
    %jmp T_42.1;
T_42.0 ;
    %load/vec4 v0x13bfee150_0;
    %flag_set/vec4 8;
    %jmp/0xz  T_42.2, 8;
    %load/vec4 v0x13bfed320_0;
    %assign/vec4 v0x13bfed980_0, 0;
    %load/vec4 v0x13bfed3c0_0;
    %assign/vec4 v0x13bfedad0_0, 0;
    %load/vec4 v0x13bfed470_0;
    %assign/vec4 v0x13bfedb90_0, 0;
    %load/vec4 v0x13bfed520_0;
    %assign/vec4 v0x13bfedc20_0, 0;
    %load/vec4 v0x13bfed6a0_0;
    %assign/vec4 v0x13bfedd60_0, 0;
    %load/vec4 v0x13bfed5f0_0;
    %assign/vec4 v0x13bfedcb0_0, 0;
    %load/vec4 v0x13bfed8f0_0;
    %assign/vec4 v0x13bfee030_0, 0;
    %load/vec4 v0x13bfed750_0;
    %assign/vec4 v0x13bfedf10_0, 0;
    %load/vec4 v0x13bfed7e0_0;
    %assign/vec4 v0x13bfedfa0_0, 0;
T_42.2 ;
T_42.1 ;
    %jmp T_42;
    .thread T_42;
    .scope S_0x13bfe4700;
T_43 ;
    %wait E_0x13bfe2a40;
    %load/vec4 v0x13bfe5340_0;
    %nor/r;
    %flag_set/vec4 8;
    %jmp/0xz  T_43.0, 8;
    %pushi/vec4 0, 0, 32;
    %store/vec4 v0x13bfe4f70_0, 0, 32;
T_43.2 ;
    %load/vec4 v0x13bfe4f70_0;
    %cmpi/s 8192, 0, 32;
    %jmp/0xz T_43.3, 5;
    %pushi/vec4 0, 0, 8;
    %ix/getv/s 3, v0x13bfe4f70_0;
    %ix/load 4, 0, 0; Constant delay
    %assign/vec4/a/d v0x13bfe50a0, 0, 4;
    %load/vec4 v0x13bfe4f70_0;
    %addi 1, 0, 32;
    %store/vec4 v0x13bfe4f70_0, 0, 32;
    %jmp T_43.2;
T_43.3 ;
    %jmp T_43.1;
T_43.0 ;
    %load/vec4 v0x13bfe4cc0_0;
    %flag_set/vec4 9;
    %flag_get/vec4 9;
    %jmp/0 T_43.6, 9;
    %load/vec4 v0x13bfe4b60_0;
    %cmpi/u 8192, 0, 32;
    %flag_get/vec4 5;
    %and;
T_43.6;
    %flag_set/vec4 8;
    %jmp/0xz  T_43.4, 8;
    %load/vec4 v0x13bfe4da0_0;
    %dup/vec4;
    %pushi/vec4 0, 0, 3;
    %cmp/u;
    %jmp/1 T_43.7, 6;
    %dup/vec4;
    %pushi/vec4 1, 0, 3;
    %cmp/u;
    %jmp/1 T_43.8, 6;
    %load/vec4 v0x13bfe4c10_0;
    %parti/s 8, 24, 6;
    %ix/getv 3, v0x13bfe4b60_0;
    %ix/load 4, 0, 0; Constant delay
    %assign/vec4/a/d v0x13bfe50a0, 0, 4;
    %load/vec4 v0x13bfe4c10_0;
    %parti/s 8, 16, 6;
    %load/vec4 v0x13bfe4b60_0;
    %addi 1, 0, 32;
    %ix/vec4 3;
    %ix/load 4, 0, 0; Constant delay
    %assign/vec4/a/d v0x13bfe50a0, 0, 4;
    %load/vec4 v0x13bfe4c10_0;
    %parti/s 8, 8, 5;
    %load/vec4 v0x13bfe4b60_0;
    %addi 2, 0, 32;
    %ix/vec4 3;
    %ix/load 4, 0, 0; Constant delay
    %assign/vec4/a/d v0x13bfe50a0, 0, 4;
    %load/vec4 v0x13bfe4c10_0;
    %parti/s 8, 0, 2;
    %load/vec4 v0x13bfe4b60_0;
    %addi 3, 0, 32;
    %ix/vec4 3;
    %ix/load 4, 0, 0; Constant delay
    %assign/vec4/a/d v0x13bfe50a0, 0, 4;
    %jmp T_43.10;
T_43.7 ;
    %load/vec4 v0x13bfe4c10_0;
    %parti/s 8, 0, 2;
    %ix/getv 3, v0x13bfe4b60_0;
    %ix/load 4, 0, 0; Constant delay
    %assign/vec4/a/d v0x13bfe50a0, 0, 4;
    %jmp T_43.10;
T_43.8 ;
    %load/vec4 v0x13bfe4c10_0;
    %parti/s 8, 8, 5;
    %ix/getv 3, v0x13bfe4b60_0;
    %ix/load 4, 0, 0; Constant delay
    %assign/vec4/a/d v0x13bfe50a0, 0, 4;
    %load/vec4 v0x13bfe4c10_0;
    %parti/s 8, 0, 2;
    %load/vec4 v0x13bfe4b60_0;
    %addi 1, 0, 32;
    %ix/vec4 3;
    %ix/load 4, 0, 0; Constant delay
    %assign/vec4/a/d v0x13bfe50a0, 0, 4;
    %jmp T_43.10;
T_43.10 ;
    %pop/vec4 1;
T_43.4 ;
T_43.1 ;
    %jmp T_43;
    .thread T_43;
    .scope S_0x13bfe4700;
T_44 ;
    %wait E_0x13bfe2a40;
    %load/vec4 v0x13bfe5340_0;
    %nor/r;
    %flag_set/vec4 8;
    %jmp/0xz  T_44.0, 8;
    %pushi/vec4 0, 0, 1;
    %assign/vec4 v0x13bfe4cc0_0, 0;
    %pushi/vec4 0, 0, 32;
    %assign/vec4 v0x13bfe4b60_0, 0;
    %pushi/vec4 0, 0, 32;
    %assign/vec4 v0x13bfe4c10_0, 0;
    %pushi/vec4 0, 0, 3;
    %assign/vec4 v0x13bfe4da0_0, 0;
    %jmp T_44.1;
T_44.0 ;
    %load/vec4 v0x13bfe5510_0;
    %assign/vec4 v0x13bfe4cc0_0, 0;
    %load/vec4 v0x13bfe53f0_0;
    %assign/vec4 v0x13bfe4b60_0, 0;
    %load/vec4 v0x13bfe5480_0;
    %assign/vec4 v0x13bfe4c10_0, 0;
    %load/vec4 v0x13bfe56a0_0;
    %assign/vec4 v0x13bfe4da0_0, 0;
T_44.1 ;
    %jmp T_44;
    .thread T_44;
    .scope S_0x13bfe4700;
T_45 ;
    %wait E_0x13bfe2a40;
    %load/vec4 v0x13bfe5340_0;
    %nor/r;
    %flag_set/vec4 8;
    %jmp/0xz  T_45.0, 8;
    %pushi/vec4 0, 0, 32;
    %assign/vec4 v0x13bfe4ad0_0, 0;
    %pushi/vec4 0, 0, 1;
    %assign/vec4 v0x13bfe4a40_0, 0;
    %jmp T_45.1;
T_45.0 ;
    %load/vec4 v0x13bfe52a0_0;
    %flag_set/vec4 9;
    %flag_get/vec4 9;
    %jmp/0 T_45.4, 9;
    %load/vec4 v0x13bfe5140_0;
    %load/vec4 v0x13bfe4b60_0;
    %cmp/e;
    %flag_get/vec4 4;
    %and;
T_45.4;
    %flag_set/vec4 8;
    %jmp/0xz  T_45.2, 8;
    %load/vec4 v0x13bfe4da0_0;
    %dup/vec4;
    %pushi/vec4 0, 0, 3;
    %cmp/u;
    %jmp/1 T_45.5, 6;
    %dup/vec4;
    %pushi/vec4 1, 0, 3;
    %cmp/u;
    %jmp/1 T_45.6, 6;
    %load/vec4 v0x13bfe4c10_0;
    %parti/s 8, 24, 6;
    %load/vec4 v0x13bfe4c10_0;
    %parti/s 8, 16, 6;
    %concat/vec4; draw_concat_vec4
    %load/vec4 v0x13bfe4c10_0;
    %parti/s 8, 8, 5;
    %concat/vec4; draw_concat_vec4
    %load/vec4 v0x13bfe4c10_0;
    %parti/s 8, 0, 2;
    %concat/vec4; draw_concat_vec4
    %assign/vec4 v0x13bfe4ad0_0, 0;
    %jmp T_45.8;
T_45.5 ;
    %load/vec4 v0x13bfe5140_0;
    %addi 3, 0, 32;
    %ix/vec4 4;
    %load/vec4a v0x13bfe50a0, 4;
    %load/vec4 v0x13bfe5140_0;
    %addi 2, 0, 32;
    %ix/vec4 4;
    %load/vec4a v0x13bfe50a0, 4;
    %concat/vec4; draw_concat_vec4
    %load/vec4 v0x13bfe5140_0;
    %addi 1, 0, 32;
    %ix/vec4 4;
    %load/vec4a v0x13bfe50a0, 4;
    %concat/vec4; draw_concat_vec4
    %load/vec4 v0x13bfe4c10_0;
    %parti/s 8, 0, 2;
    %concat/vec4; draw_concat_vec4
    %assign/vec4 v0x13bfe4ad0_0, 0;
    %jmp T_45.8;
T_45.6 ;
    %load/vec4 v0x13bfe5140_0;
    %addi 3, 0, 32;
    %ix/vec4 4;
    %load/vec4a v0x13bfe50a0, 4;
    %load/vec4 v0x13bfe5140_0;
    %addi 2, 0, 32;
    %ix/vec4 4;
    %load/vec4a v0x13bfe50a0, 4;
    %concat/vec4; draw_concat_vec4
    %load/vec4 v0x13bfe4c10_0;
    %parti/s 8, 8, 5;
    %concat/vec4; draw_concat_vec4
    %load/vec4 v0x13bfe4c10_0;
    %parti/s 8, 0, 2;
    %concat/vec4; draw_concat_vec4
    %assign/vec4 v0x13bfe4ad0_0, 0;
    %jmp T_45.8;
T_45.8 ;
    %pop/vec4 1;
    %pushi/vec4 1, 0, 1;
    %assign/vec4 v0x13bfe4a40_0, 0;
    %jmp T_45.3;
T_45.2 ;
    %load/vec4 v0x13bfe52a0_0;
    %flag_set/vec4 9;
    %flag_get/vec4 9;
    %jmp/0 T_45.11, 9;
    %load/vec4 v0x13bfe5140_0;
    %cmpi/u 8192, 0, 32;
    %flag_get/vec4 5;
    %and;
T_45.11;
    %flag_set/vec4 8;
    %jmp/0xz  T_45.9, 8;
    %load/vec4 v0x13bfe5140_0;
    %addi 3, 0, 32;
    %ix/vec4 4;
    %load/vec4a v0x13bfe50a0, 4;
    %load/vec4 v0x13bfe5140_0;
    %addi 2, 0, 32;
    %ix/vec4 4;
    %load/vec4a v0x13bfe50a0, 4;
    %concat/vec4; draw_concat_vec4
    %load/vec4 v0x13bfe5140_0;
    %addi 1, 0, 32;
    %ix/vec4 4;
    %load/vec4a v0x13bfe50a0, 4;
    %concat/vec4; draw_concat_vec4
    %ix/getv 4, v0x13bfe5140_0;
    %load/vec4a v0x13bfe50a0, 4;
    %concat/vec4; draw_concat_vec4
    %assign/vec4 v0x13bfe4ad0_0, 0;
    %pushi/vec4 1, 0, 1;
    %assign/vec4 v0x13bfe4a40_0, 0;
    %jmp T_45.10;
T_45.9 ;
    %pushi/vec4 0, 0, 32;
    %assign/vec4 v0x13bfe4ad0_0, 0;
    %pushi/vec4 0, 0, 1;
    %assign/vec4 v0x13bfe4a40_0, 0;
T_45.10 ;
T_45.3 ;
T_45.1 ;
    %jmp T_45;
    .thread T_45;
    .scope S_0x13bfe4700;
T_46 ;
    %wait E_0x13bfe2a40;
    %load/vec4 v0x13bfe5340_0;
    %nor/r;
    %flag_set/vec4 8;
    %jmp/0xz  T_46.0, 8;
    %pushi/vec4 0, 0, 32;
    %assign/vec4 v0x13bfe51f0_0, 0;
    %pushi/vec4 0, 0, 1;
    %assign/vec4 v0x13bfe4ee0_0, 0;
    %jmp T_46.1;
T_46.0 ;
    %load/vec4 v0x13bfe4ad0_0;
    %assign/vec4 v0x13bfe51f0_0, 0;
    %load/vec4 v0x13bfe4a40_0;
    %assign/vec4 v0x13bfe4ee0_0, 0;
T_46.1 ;
    %jmp T_46;
    .thread T_46;
    .scope S_0x13bff18b0;
T_47 ;
    %wait E_0x13bfe2a40;
    %load/vec4 v0x13bff2440_0;
    %nor/r;
    %flag_set/vec4 8;
    %jmp/0xz  T_47.0, 8;
    %pushi/vec4 0, 0, 32;
    %assign/vec4 v0x13bff1ce0_0, 0;
    %pushi/vec4 0, 0, 3;
    %assign/vec4 v0x13bff2110_0, 0;
    %pushi/vec4 0, 0, 5;
    %assign/vec4 v0x13bff2390_0, 0;
    %pushi/vec4 0, 0, 8;
    %assign/vec4 v0x13bff2230_0, 0;
    %pushi/vec4 0, 0, 3;
    %assign/vec4 v0x13bff22e0_0, 0;
    %jmp T_47.1;
T_47.0 ;
    %load/vec4 v0x13bff24d0_0;
    %flag_set/vec4 8;
    %jmp/0xz  T_47.2, 8;
    %load/vec4 v0x13bff1e00_0;
    %assign/vec4 v0x13bff1ce0_0, 0;
    %load/vec4 v0x13bff1e90_0;
    %assign/vec4 v0x13bff2110_0, 0;
    %load/vec4 v0x13bff2080_0;
    %assign/vec4 v0x13bff2390_0, 0;
    %load/vec4 v0x13bff1f60_0;
    %assign/vec4 v0x13bff2230_0, 0;
    %load/vec4 v0x13bff1ff0_0;
    %assign/vec4 v0x13bff22e0_0, 0;
T_47.2 ;
T_47.1 ;
    %jmp T_47;
    .thread T_47;
    .scope S_0x13bff2650;
T_48 ;
    %wait E_0x13bfe2a40;
    %load/vec4 v0x13bff3160_0;
    %nor/r;
    %flag_set/vec4 8;
    %jmp/0xz  T_48.0, 8;
    %pushi/vec4 0, 0, 32;
    %assign/vec4 v0x13bff2980_0, 0;
    %pushi/vec4 0, 0, 5;
    %assign/vec4 v0x13bff30b0_0, 0;
    %pushi/vec4 0, 0, 8;
    %assign/vec4 v0x13bff2e60_0, 0;
    %pushi/vec4 0, 0, 3;
    %assign/vec4 v0x13bff2f90_0, 0;
    %pushi/vec4 0, 0, 32;
    %assign/vec4 v0x13bff3020_0, 0;
    %jmp T_48.1;
T_48.0 ;
    %load/vec4 v0x13bff31f0_0;
    %flag_set/vec4 8;
    %jmp/0xz  T_48.2, 8;
    %load/vec4 v0x13bff2ac0_0;
    %assign/vec4 v0x13bff2980_0, 0;
    %load/vec4 v0x13bff2dc0_0;
    %assign/vec4 v0x13bff30b0_0, 0;
    %load/vec4 v0x13bff2b70_0;
    %assign/vec4 v0x13bff2e60_0, 0;
    %load/vec4 v0x13bff2c40_0;
    %assign/vec4 v0x13bff2f90_0, 0;
    %load/vec4 v0x13bff2cf0_0;
    %assign/vec4 v0x13bff3020_0, 0;
T_48.2 ;
T_48.1 ;
    %jmp T_48;
    .thread T_48;
    .scope S_0x13bfec510;
T_49 ;
    %wait E_0x13bfec870;
    %load/vec4 v0x13bfecc70_0;
    %cmpi/e 0, 0, 3;
    %flag_get/vec4 4;
    %jmp/0 T_49.5, 4;
    %load/vec4 v0x13bfecba0_0;
    %cmpi/ne 18, 0, 8;
    %flag_get/vec4 4;
    %jmp/0 T_49.6, 4;
    %load/vec4 v0x13bfecba0_0;
    %pushi/vec4 19, 0, 8;
    %cmp/ne;
    %flag_get/vec4 4;
    %and;
T_49.6;
    %and;
T_49.5;
    %flag_set/vec4 8;
    %jmp/1 T_49.4, 8;
    %load/vec4 v0x13bfecc70_0;
    %cmpi/e 1, 0, 3;
    %flag_get/vec4 4;
    %jmp/0 T_49.7, 4;
    %load/vec4 v0x13bfecba0_0;
    %cmpi/ne 36, 0, 8;
    %flag_get/vec4 4;
    %jmp/0 T_49.8, 4;
    %load/vec4 v0x13bfecba0_0;
    %pushi/vec4 32, 0, 8;
    %cmp/ne;
    %flag_get/vec4 4;
    %and;
T_49.8;
    %and;
T_49.7;
    %flag_set/vec4 9;
    %flag_or 8, 9;
T_49.4;
    %jmp/1 T_49.3, 8;
    %load/vec4 v0x13bfecc70_0;
    %cmpi/e 2, 0, 3;
    %flag_get/vec4 4;
    %jmp/0 T_49.9, 4;
    %load/vec4 v0x13bfecba0_0;
    %pushi/vec4 38, 0, 8;
    %cmp/e;
    %flag_get/vec4 4;
    %and;
T_49.9;
    %flag_set/vec4 9;
    %flag_or 8, 9;
T_49.3;
    %jmp/1 T_49.2, 8;
    %load/vec4 v0x13bfecc70_0;
    %cmpi/e 3, 0, 3;
    %flag_get/vec4 4;
    %jmp/0 T_49.10, 4;
    %load/vec4 v0x13bfecba0_0;
    %pushi/vec4 46, 0, 8;
    %cmp/e;
    %flag_get/vec4 4;
    %and;
T_49.10;
    %flag_set/vec4 9;
    %flag_or 8, 9;
T_49.2;
    %jmp/1 T_49.1, 8;
    %load/vec4 v0x13bfecc70_0;
    %cmpi/e 4, 0, 3;
    %flag_or 8, 4;
T_49.1;
    %flag_get/vec4 8;
    %jmp/1 T_49.0, 8;
    %load/vec4 v0x13bfecc70_0;
    %pushi/vec4 5, 0, 3;
    %cmp/e;
    %flag_get/vec4 4;
    %or;
T_49.0;
    %store/vec4 v0x13bfecaf0_0, 0, 1;
    %jmp T_49;
    .thread T_49, $push;
    .scope S_0x13bfec510;
T_50 ;
    %wait E_0x13bfec810;
    %load/vec4 v0x13bfecba0_0;
    %cmpi/e 46, 0, 8;
    %jmp/1 T_50.3, 4;
    %flag_mov 8, 4;
    %load/vec4 v0x13bfecba0_0;
    %cmpi/e 35, 0, 8;
    %flag_or 4, 8;
T_50.3;
    %jmp/1 T_50.2, 4;
    %flag_mov 8, 4;
    %load/vec4 v0x13bfecba0_0;
    %cmpi/e 37, 0, 8;
    %flag_or 4, 8;
T_50.2;
    %jmp/0xz  T_50.0, 4;
    %load/vec4 v0x13bfecd10_0;
    %store/vec4 v0x13bfeca20_0, 0, 32;
    %jmp T_50.1;
T_50.0 ;
    %load/vec4 v0x13bfec8d0_0;
    %store/vec4 v0x13bfeca20_0, 0, 32;
T_50.1 ;
    %jmp T_50;
    .thread T_50, $push;
    .scope S_0x13bfec510;
T_51 ;
    %wait E_0x13bfec7d0;
    %load/vec4 v0x13bfecdb0_0;
    %store/vec4 v0x13bfec960_0, 0, 5;
    %jmp T_51;
    .thread T_51, $push;
# The file index is used to find the file name in the following table.
:file_names 27;
    "N/A";
    "<interactive>";
    "/Users/fanyuchen/Desktop/la/cpu/core.v";
    "/Users/fanyuchen/Desktop/la/cpu/stage_ex/alu.v";
    "/Users/fanyuchen/Desktop/la/cpu/stage_ex/alu_in2_mux.v";
    "/Users/fanyuchen/Desktop/la/cpu/stage_if2/bp.v";
    "/Users/fanyuchen/Desktop/la/cpu/stage_ex/branch.v";
    "/Users/fanyuchen/Desktop/la/cpu/dcache.v";
    "/Users/fanyuchen/Desktop/la/cpu/stage_id/decoder.v";
    "/Users/fanyuchen/Desktop/la/cpu/stage_id/decoder_2ri12.v";
    "/Users/fanyuchen/Desktop/la/cpu/stage_id/decoder_3r.v";
    "/Users/fanyuchen/Desktop/la/cpu/stage_id/decoder_atomic.v";
    "/Users/fanyuchen/Desktop/la/cpu/stage_id/decoder_bj.v";
    "/Users/fanyuchen/Desktop/la/cpu/stage_id/decoder_csr.v";
    "/Users/fanyuchen/Desktop/la/cpu/stage_id/decoder_u12i.v";
    "/Users/fanyuchen/Desktop/la/cpu/stage_ex/ex_ctrl.v";
    "/Users/fanyuchen/Desktop/la/cpu/gr.v";
    "/Users/fanyuchen/Desktop/la/cpu/icache.v";
    "/Users/fanyuchen/Desktop/la/cpu/stage_if1/pc.v";
    "/Users/fanyuchen/Desktop/la/cpu/stage_ex/pc_branch.v";
    "/Users/fanyuchen/Desktop/la/cpu/stage_wb/regwrite.v";
    "/Users/fanyuchen/Desktop/la/cpu/reg_between_stage/reg_ex_mm1.v";
    "/Users/fanyuchen/Desktop/la/cpu/reg_between_stage/reg_id_ex.v";
    "/Users/fanyuchen/Desktop/la/cpu/reg_between_stage/reg_if1_if2.v";
    "/Users/fanyuchen/Desktop/la/cpu/reg_between_stage/reg_if2_id.v";
    "/Users/fanyuchen/Desktop/la/cpu/reg_between_stage/reg_mm1_mm2.v";
    "/Users/fanyuchen/Desktop/la/cpu/reg_between_stage/reg_mm2_wb.v";
