#! /opt/homebrew/Cellar/icarus-verilog/12.0/bin/vvp
:ivl_version "12.0 (stable)";
:ivl_delay_selection "TYPICAL";
:vpi_time_precision + 0;
:vpi_module "/opt/homebrew/Cellar/icarus-verilog/12.0/lib/ivl/system.vpi";
:vpi_module "/opt/homebrew/Cellar/icarus-verilog/12.0/lib/ivl/vhdl_sys.vpi";
:vpi_module "/opt/homebrew/Cellar/icarus-verilog/12.0/lib/ivl/vhdl_textio.vpi";
:vpi_module "/opt/homebrew/Cellar/icarus-verilog/12.0/lib/ivl/v2005_math.vpi";
:vpi_module "/opt/homebrew/Cellar/icarus-verilog/12.0/lib/ivl/va_math.vpi";
S_0x155708740 .scope module, "regwrite" "regwrite" 2 2;
 .timescale 0 0;
    .port_info 0 /OUTPUT 5 "gr_waddr";
    .port_info 1 /OUTPUT 32 "gr_wdata";
    .port_info 2 /INPUT 32 "exe_out";
    .port_info 3 /INPUT 5 "reg_d";
    .port_info 4 /INPUT 8 "op";
    .port_info 5 /INPUT 3 "op_type";
    .port_info 6 /INPUT 32 "rdata";
o0x158040010 .functor BUFZ 32, C4<zzzzzzzzzzzzzzzzzzzzzzzzzzzzzzzz>; HiZ drive
v0x1557089a0_0 .net "exe_out", 31 0, o0x158040010;  0 drivers
v0x155718a40_0 .var "gr_waddr", 4 0;
v0x155718af0_0 .var "gr_wdata", 31 0;
o0x1580400a0 .functor BUFZ 8, C4<zzzzzzzz>; HiZ drive
v0x155718bb0_0 .net "op", 7 0, o0x1580400a0;  0 drivers
o0x1580400d0 .functor BUFZ 3, C4<zzz>; HiZ drive
v0x155718c60_0 .net "op_type", 2 0, o0x1580400d0;  0 drivers
o0x158040100 .functor BUFZ 32, C4<zzzzzzzzzzzzzzzzzzzzzzzzzzzzzzzz>; HiZ drive
v0x155718d50_0 .net "rdata", 31 0, o0x158040100;  0 drivers
o0x158040130 .functor BUFZ 5, C4<zzzzz>; HiZ drive
v0x155718e00_0 .net "reg_d", 4 0, o0x158040130;  0 drivers
E_0x1557075b0 .event anyedge, v0x155718e00_0;
E_0x155708960 .event anyedge, v0x155718bb0_0, v0x155718d50_0, v0x1557089a0_0;
    .scope S_0x155708740;
T_0 ;
    %wait E_0x155708960;
    %load/vec4 v0x155718bb0_0;
    %cmpi/e 46, 0, 8;
    %jmp/1 T_0.3, 4;
    %flag_mov 8, 4;
    %load/vec4 v0x155718bb0_0;
    %cmpi/e 35, 0, 8;
    %flag_or 4, 8;
T_0.3;
    %jmp/1 T_0.2, 4;
    %flag_mov 8, 4;
    %load/vec4 v0x155718bb0_0;
    %cmpi/e 37, 0, 8;
    %flag_or 4, 8;
T_0.2;
    %jmp/0xz  T_0.0, 4;
    %load/vec4 v0x155718d50_0;
    %store/vec4 v0x155718af0_0, 0, 32;
    %jmp T_0.1;
T_0.0 ;
    %load/vec4 v0x1557089a0_0;
    %store/vec4 v0x155718af0_0, 0, 32;
T_0.1 ;
    %jmp T_0;
    .thread T_0, $push;
    .scope S_0x155708740;
T_1 ;
    %wait E_0x1557075b0;
    %load/vec4 v0x155718e00_0;
    %store/vec4 v0x155718a40_0, 0, 5;
    %jmp T_1;
    .thread T_1, $push;
# The file index is used to find the file name in the following table.
:file_names 3;
    "N/A";
    "<interactive>";
    "/Users/fanyuchen/Desktop/la/cpu/stage_wb/regwrite.v";
