#! /opt/homebrew/Cellar/icarus-verilog/12.0/bin/vvp
:ivl_version "12.0 (stable)";
:ivl_delay_selection "TYPICAL";
:vpi_time_precision + 0;
:vpi_module "/opt/homebrew/Cellar/icarus-verilog/12.0/lib/ivl/system.vpi";
:vpi_module "/opt/homebrew/Cellar/icarus-verilog/12.0/lib/ivl/vhdl_sys.vpi";
:vpi_module "/opt/homebrew/Cellar/icarus-verilog/12.0/lib/ivl/vhdl_textio.vpi";
:vpi_module "/opt/homebrew/Cellar/icarus-verilog/12.0/lib/ivl/v2005_math.vpi";
:vpi_module "/opt/homebrew/Cellar/icarus-verilog/12.0/lib/ivl/va_math.vpi";
S_0x12bc0a120 .scope module, "axi_bridge" "axi_bridge" 2 1;
 .timescale 0 0;
    .port_info 0 /INPUT 1 "aclk";
    .port_info 1 /INPUT 1 "aresetn";
    .port_info 2 /OUTPUT 4 "arid";
    .port_info 3 /OUTPUT 32 "araddr";
    .port_info 4 /OUTPUT 8 "arlen";
    .port_info 5 /OUTPUT 3 "arsize";
    .port_info 6 /OUTPUT 2 "arburst";
    .port_info 7 /OUTPUT 2 "arlock";
    .port_info 8 /OUTPUT 4 "arcache";
    .port_info 9 /OUTPUT 3 "arprot";
    .port_info 10 /OUTPUT 1 "arvalid";
    .port_info 11 /INPUT 1 "arready";
    .port_info 12 /INPUT 4 "rid";
    .port_info 13 /INPUT 32 "rdata";
    .port_info 14 /INPUT 2 "rresp";
    .port_info 15 /INPUT 1 "rlast";
    .port_info 16 /INPUT 1 "rvalid";
    .port_info 17 /OUTPUT 1 "rready";
    .port_info 18 /OUTPUT 4 "awid";
    .port_info 19 /OUTPUT 32 "awaddr";
    .port_info 20 /OUTPUT 8 "awlen";
    .port_info 21 /OUTPUT 3 "awsize";
    .port_info 22 /OUTPUT 2 "awburst";
    .port_info 23 /OUTPUT 2 "awlock";
    .port_info 24 /OUTPUT 4 "awcache";
    .port_info 25 /OUTPUT 3 "awprot";
    .port_info 26 /OUTPUT 1 "awvalid";
    .port_info 27 /INPUT 1 "awready";
    .port_info 28 /OUTPUT 4 "wid";
    .port_info 29 /OUTPUT 32 "wdata";
    .port_info 30 /OUTPUT 4 "wstrb";
    .port_info 31 /OUTPUT 1 "wlast";
    .port_info 32 /OUTPUT 1 "wvalid";
    .port_info 33 /INPUT 1 "wready";
    .port_info 34 /INPUT 4 "bid";
    .port_info 35 /INPUT 2 "bresp";
    .port_info 36 /INPUT 1 "bvalid";
    .port_info 37 /OUTPUT 1 "bready";
    .port_info 38 /INPUT 1 "icache_rd_req";
    .port_info 39 /INPUT 3 "icache_rd_type";
    .port_info 40 /INPUT 32 "icache_rd_addr";
    .port_info 41 /OUTPUT 1 "icache_rd_rdy";
    .port_info 42 /OUTPUT 1 "icache_ret_valid";
    .port_info 43 /OUTPUT 1 "icache_ret_last";
    .port_info 44 /OUTPUT 32 "icache_ret_data";
    .port_info 45 /INPUT 1 "dcache_rd_req";
    .port_info 46 /INPUT 3 "dcache_rd_type";
    .port_info 47 /INPUT 32 "dcache_rd_addr";
    .port_info 48 /OUTPUT 1 "dcache_rd_rdy";
    .port_info 49 /OUTPUT 1 "dcache_ret_valid";
    .port_info 50 /OUTPUT 1 "dcache_ret_last";
    .port_info 51 /OUTPUT 32 "dcache_ret_data";
    .port_info 52 /INPUT 1 "dcache_wr_req";
    .port_info 53 /INPUT 3 "dcache_wr_type";
    .port_info 54 /INPUT 32 "dcache_wr_addr";
    .port_info 55 /INPUT 4 "dcache_wr_wstrb";
    .port_info 56 /INPUT 128 "dcache_wr_data";
    .port_info 57 /OUTPUT 1 "dcache_wr_rdy";
P_0x12bc0c620 .param/l "AR_REQ_END" 1 2 96, C4<100>;
P_0x12bc0c660 .param/l "AR_REQ_START" 1 2 95, C4<010>;
P_0x12bc0c6a0 .param/l "B_END" 1 2 227, C4<1000>;
P_0x12bc0c6e0 .param/l "B_MID" 1 2 226, C4<0100>;
P_0x12bc0c720 .param/l "B_START" 1 2 225, C4<0010>;
P_0x12bc0c760 .param/l "IDLE" 1 2 92, C4<00001>;
P_0x12bc0c7a0 .param/l "R_DATA_END" 1 2 132, C4<1000>;
P_0x12bc0c7e0 .param/l "R_DATA_MID" 1 2 131, C4<0100>;
P_0x12bc0c820 .param/l "R_DATA_START" 1 2 130, C4<0010>;
P_0x12bc0c860 .param/l "W_ADDR_RESP" 1 2 174, C4<00100>;
P_0x12bc0c8a0 .param/l "W_DATA_RESP" 1 2 175, C4<01000>;
P_0x12bc0c8e0 .param/l "W_REQ_END" 1 2 176, C4<10000>;
P_0x12bc0c920 .param/l "W_REQ_START" 1 2 173, C4<00010>;
L_0x12af06bd0 .functor OR 1, L_0x12af06a90, L_0x12af06b30, C4<0>, C4<0>;
L_0x12af06e00 .functor OR 1, L_0x12af06c40, L_0x12af06ce0, C4<0>, C4<0>;
L_0x12af070a0 .functor AND 1, L_0x12af07000, L_0x12af06e00, C4<1>, C4<1>;
L_0x12af07190 .functor OR 1, L_0x12af06e70, L_0x12af070a0, C4<0>, C4<0>;
L_0x12af07690 .functor AND 1, L_0x12af073a0, L_0x12af075b0, C4<1>, C4<1>;
L_0x12af07540 .functor NOT 1, L_0x12af07770, C4<0>, C4<0>, C4<0>;
L_0x12af078d0 .functor AND 1, L_0x12af07690, L_0x12af07540, C4<1>, C4<1>;
o0x130040c40 .functor BUFZ 1, C4<z>; HiZ drive
L_0x12af07ae0 .functor NOT 1, o0x130040c40, C4<0>, C4<0>, C4<0>;
L_0x12af07b50 .functor AND 1, L_0x12af07a00, L_0x12af07ae0, C4<1>, C4<1>;
v0x12bb274f0_0 .array/port v0x12bb274f0, 0;
L_0x12af07cb0 .functor BUFZ 32, v0x12bb274f0_0, C4<00000000000000000000000000000000>, C4<00000000000000000000000000000000>, C4<00000000000000000000000000000000>;
L_0x12af07e90 .functor NOT 1, L_0x12af07d20, C4<0>, C4<0>, C4<0>;
L_0x12af08160 .functor AND 1, L_0x12af07e90, L_0x12af08020, C4<1>, C4<1>;
L_0x12af082b0 .functor NOT 1, L_0x12af08210, C4<0>, C4<0>, C4<0>;
L_0x12af084e0 .functor AND 1, L_0x12af082b0, L_0x12af08390, C4<1>, C4<1>;
v0x12bb274f0_1 .array/port v0x12bb274f0, 1;
L_0x12af08630 .functor BUFZ 32, v0x12bb274f0_1, C4<00000000000000000000000000000000>, C4<00000000000000000000000000000000>, C4<00000000000000000000000000000000>;
L_0x12af08320 .functor AND 1, L_0x12af08720, L_0x12af08430, C4<1>, C4<1>;
L_0x12af08cf0 .functor AND 1, L_0x12af08ad0, L_0x12af08b70, C4<1>, C4<1>;
v0x12bc0cb30_0 .net *"_ivl_13", 0 0, L_0x12af06c40;  1 drivers
v0x12bb24b30_0 .net *"_ivl_15", 0 0, L_0x12af06ce0;  1 drivers
v0x12bb24bf0_0 .net *"_ivl_19", 0 0, L_0x12af06e70;  1 drivers
v0x12bb24ca0_0 .net *"_ivl_21", 0 0, L_0x12af06f10;  1 drivers
v0x12bb24d30_0 .net *"_ivl_23", 0 0, L_0x12af07000;  1 drivers
v0x12bb24dc0_0 .net *"_ivl_24", 0 0, L_0x12af070a0;  1 drivers
v0x12bb24e60_0 .net *"_ivl_3", 1 0, L_0x12af06950;  1 drivers
v0x12bb24f10_0 .net *"_ivl_30", 0 0, L_0x12af073a0;  1 drivers
v0x12bb24fb0_0 .net *"_ivl_33", 3 0, L_0x12af07480;  1 drivers
v0x12bb250c0_0 .net *"_ivl_35", 0 0, L_0x12af075b0;  1 drivers
v0x12bb25160_0 .net *"_ivl_36", 0 0, L_0x12af07690;  1 drivers
v0x12bb25210_0 .net *"_ivl_39", 0 0, L_0x12af07770;  1 drivers
v0x12bb252c0_0 .net *"_ivl_40", 0 0, L_0x12af07540;  1 drivers
v0x12bb25370_0 .net *"_ivl_45", 0 0, L_0x12af07a00;  1 drivers
v0x12bb25420_0 .net *"_ivl_46", 0 0, L_0x12af07ae0;  1 drivers
v0x12bb254d0_0 .net *"_ivl_54", 0 0, L_0x12af07d20;  1 drivers
v0x12bb25580_0 .net *"_ivl_55", 0 0, L_0x12af07e90;  1 drivers
v0x12bb25710_0 .net *"_ivl_58", 1 0, L_0x12af07f40;  1 drivers
v0x12bb257a0_0 .net *"_ivl_60", 0 0, L_0x12af08020;  1 drivers
v0x12bb25840_0 .net *"_ivl_64", 0 0, L_0x12af08210;  1 drivers
v0x12bb258f0_0 .net *"_ivl_65", 0 0, L_0x12af082b0;  1 drivers
v0x12bb259a0_0 .net *"_ivl_68", 0 0, L_0x12af08390;  1 drivers
v0x12bb25a50_0 .net *"_ivl_7", 0 0, L_0x12af06a90;  1 drivers
v0x12bb25b00_0 .net *"_ivl_77", 0 0, L_0x12af08720;  1 drivers
v0x12bb25bb0_0 .net *"_ivl_79", 1 0, L_0x12af08880;  1 drivers
v0x12bb25c60_0 .net *"_ivl_81", 0 0, L_0x12af08430;  1 drivers
v0x12bb25d00_0 .net *"_ivl_85", 0 0, L_0x12af08ad0;  1 drivers
v0x12bb25db0_0 .net *"_ivl_87", 0 0, L_0x12af08b70;  1 drivers
v0x12bb25e60_0 .net *"_ivl_9", 0 0, L_0x12af06b30;  1 drivers
o0x130040580 .functor BUFZ 1, C4<z>; HiZ drive
v0x12bb25f10_0 .net "aclk", 0 0, o0x130040580;  0 drivers
v0x12bb25fb0_0 .var "ar_current_state", 4 0;
v0x12bb26060_0 .var "ar_next_state", 4 0;
v0x12bb26110_0 .var "ar_resp_cnt", 7 0;
v0x12bb25630_0 .var "araddr", 31 0;
v0x12bb263a0_0 .var "arburst", 1 0;
v0x12bb26430_0 .var "arcache", 3 0;
o0x1300406d0 .functor BUFZ 1, C4<z>; HiZ drive
v0x12bb264d0_0 .net "aresetn", 0 0, o0x1300406d0;  0 drivers
v0x12bb26570_0 .var "arid", 3 0;
v0x12bb26620_0 .var "arlen", 7 0;
v0x12bb266d0_0 .var "arlock", 1 0;
v0x12bb26780_0 .var "arprot", 2 0;
o0x1300407c0 .functor BUFZ 1, C4<z>; HiZ drive
v0x12bb26830_0 .net "arready", 0 0, o0x1300407c0;  0 drivers
v0x12bb268d0_0 .var "arsize", 2 0;
v0x12bb26980_0 .net "arvalid", 0 0, L_0x12af068b0;  1 drivers
v0x12bb26a20_0 .var "aw_resp_cnt", 7 0;
v0x12bb26ad0_0 .var "awaddr", 31 0;
v0x12bb26b80_0 .var "awburst", 1 0;
v0x12bb26c30_0 .var "awcache", 3 0;
v0x12bb26ce0_0 .var "awid", 3 0;
v0x12bb26d90_0 .var "awlen", 7 0;
v0x12bb26e40_0 .var "awlock", 1 0;
v0x12bb26ef0_0 .var "awprot", 2 0;
o0x1300409d0 .functor BUFZ 1, C4<z>; HiZ drive
v0x12bb26fa0_0 .net "awready", 0 0, o0x1300409d0;  0 drivers
v0x12bb27040_0 .var "awsize", 2 0;
v0x12bb270f0_0 .net "awvalid", 0 0, L_0x12af06bd0;  1 drivers
v0x12bb27190_0 .var "b_current_state", 4 0;
v0x12bb27240_0 .var "b_next_state", 4 0;
o0x130040ac0 .functor BUFZ 4, C4<zzzz>; HiZ drive
v0x12bb272f0_0 .net "bid", 3 0, o0x130040ac0;  0 drivers
v0x12bb273a0_0 .net "bready", 0 0, L_0x12af072a0;  1 drivers
o0x130040b20 .functor BUFZ 2, C4<zz>; HiZ drive
v0x12bb27440_0 .net "bresp", 1 0, o0x130040b20;  0 drivers
v0x12bb274f0 .array "buf_rdata", 0 1, 31 0;
o0x130040bb0 .functor BUFZ 1, C4<z>; HiZ drive
v0x12bb275c0_0 .net "bvalid", 0 0, o0x130040bb0;  0 drivers
o0x130040be0 .functor BUFZ 32, C4<zzzzzzzzzzzzzzzzzzzzzzzzzzzzzzzz>; HiZ drive
v0x12bb27660_0 .net "dcache_rd_addr", 31 0, o0x130040be0;  0 drivers
v0x12bb27710_0 .net "dcache_rd_rdy", 0 0, L_0x12af08590;  1 drivers
v0x12bb277b0_0 .net "dcache_rd_req", 0 0, o0x130040c40;  0 drivers
o0x130040c70 .functor BUFZ 3, C4<zzz>; HiZ drive
v0x12bb261b0_0 .net "dcache_rd_type", 2 0, o0x130040c70;  0 drivers
v0x12bb26260_0 .net "dcache_ret_data", 31 0, L_0x12af08630;  1 drivers
v0x12bb26310_0 .net "dcache_ret_last", 0 0, L_0x12af08cf0;  1 drivers
v0x12bb27850_0 .net "dcache_ret_valid", 0 0, L_0x12af08320;  1 drivers
o0x130040d30 .functor BUFZ 32, C4<zzzzzzzzzzzzzzzzzzzzzzzzzzzzzzzz>; HiZ drive
v0x12bb278f0_0 .net "dcache_wr_addr", 31 0, o0x130040d30;  0 drivers
o0x130040d60 .functor BUFZ 128, C4<zzzzzzzzzzzzzzzzzzzzzzzzzzzzzzzzzzzzzzzzzzzzzzzzzzzzzzzzzzzzzzzzzzzzzzzzzzzzzzzzzzzzzzzzzzzzzzzzzzzzzzzzzzzzzzzzzzzzzzzzzzzzzzzz>; HiZ drive
v0x12bb279a0_0 .net "dcache_wr_data", 127 0, o0x130040d60;  0 drivers
v0x12bb27a50_0 .var "dcache_wr_data_r", 127 0;
v0x12bb27b00_0 .net "dcache_wr_rdy", 0 0, L_0x12af08da0;  1 drivers
o0x130040df0 .functor BUFZ 1, C4<z>; HiZ drive
v0x12bb27ba0_0 .net "dcache_wr_req", 0 0, o0x130040df0;  0 drivers
o0x130040e20 .functor BUFZ 3, C4<zzz>; HiZ drive
v0x12bb27c40_0 .net "dcache_wr_type", 2 0, o0x130040e20;  0 drivers
o0x130040e50 .functor BUFZ 4, C4<zzzz>; HiZ drive
v0x12bb27cf0_0 .net "dcache_wr_wstrb", 3 0, o0x130040e50;  0 drivers
v0x12bb27da0_0 .var "dcache_wr_wstrb_r", 3 0;
o0x130040eb0 .functor BUFZ 32, C4<zzzzzzzzzzzzzzzzzzzzzzzzzzzzzzzz>; HiZ drive
v0x12bb27e50_0 .net "icache_rd_addr", 31 0, o0x130040eb0;  0 drivers
v0x12bb27f00_0 .net "icache_rd_rdy", 0 0, L_0x12af07b50;  1 drivers
o0x130040f10 .functor BUFZ 1, C4<z>; HiZ drive
v0x12bb27fa0_0 .net "icache_rd_req", 0 0, o0x130040f10;  0 drivers
o0x130040f40 .functor BUFZ 3, C4<zzz>; HiZ drive
v0x12bb28040_0 .net "icache_rd_type", 2 0, o0x130040f40;  0 drivers
v0x12bb280f0_0 .net "icache_ret_data", 31 0, L_0x12af07cb0;  1 drivers
v0x12bb281a0_0 .net "icache_ret_last", 0 0, L_0x12af084e0;  1 drivers
v0x12bb28240_0 .net "icache_ret_valid", 0 0, L_0x12af08160;  1 drivers
v0x12bb282e0_0 .var "r_current_state", 4 0;
v0x12bb28390_0 .var "r_next_state", 4 0;
o0x130041060 .functor BUFZ 32, C4<zzzzzzzzzzzzzzzzzzzzzzzzzzzzzzzz>; HiZ drive
v0x12bb28440_0 .net "rdata", 31 0, o0x130041060;  0 drivers
v0x12bb284f0_0 .net "read_block", 0 0, L_0x12af078d0;  1 drivers
o0x1300410c0 .functor BUFZ 4, C4<zzzz>; HiZ drive
v0x12bb28590_0 .net "rid", 3 0, o0x1300410c0;  0 drivers
v0x12bb28640_0 .var "rid_r", 3 0;
o0x130041120 .functor BUFZ 1, C4<z>; HiZ drive
v0x12bb286f0_0 .net "rlast", 0 0, o0x130041120;  0 drivers
v0x12bb28790_0 .net "rready", 0 0, L_0x12af069f0;  1 drivers
o0x130041180 .functor BUFZ 2, C4<zz>; HiZ drive
v0x12bb28830_0 .net "rresp", 1 0, o0x130041180;  0 drivers
o0x1300411b0 .functor BUFZ 1, C4<z>; HiZ drive
v0x12bb288e0_0 .net "rvalid", 0 0, o0x1300411b0;  0 drivers
v0x12bb28980_0 .var "w_current_state", 4 0;
v0x12bb28a30_0 .var "w_next_state", 4 0;
v0x12bb28ae0_0 .var "wburst_cnt", 7 0;
v0x12bb28b90_0 .var "wd_resp_cnt", 7 0;
v0x12bb28c40_0 .var "wdata", 31 0;
v0x12bb28cf0_0 .var "wid", 3 0;
v0x12bb28da0_0 .net "wlast", 0 0, L_0x12af07190;  1 drivers
o0x130041330 .functor BUFZ 1, C4<z>; HiZ drive
v0x12bb28e40_0 .net "wready", 0 0, o0x130041330;  0 drivers
v0x12bb28ee0_0 .var "wstrb", 3 0;
v0x12bb28f90_0 .net "wvalid", 0 0, L_0x12af06e00;  1 drivers
E_0x12bc07ac0 .event posedge, v0x12bb25f10_0;
E_0x12bc0a880/0 .event anyedge, v0x12bb27190_0, v0x12bb264d0_0, v0x12bb273a0_0, v0x12bb275c0_0;
E_0x12bc0a880/1 .event anyedge, v0x12bb28da0_0;
E_0x12bc0a880 .event/or E_0x12bc0a880/0, E_0x12bc0a880/1;
E_0x12bc0ab10/0 .event anyedge, v0x12bb28980_0, v0x12bb264d0_0, v0x12bb27ba0_0, v0x12bb270f0_0;
E_0x12bc0ab10/1 .event anyedge, v0x12bb26fa0_0, v0x12bb28f90_0, v0x12bb28e40_0, v0x12bb26a20_0;
E_0x12bc0ab10/2 .event anyedge, v0x12bb28b90_0, v0x12bb273a0_0, v0x12bb275c0_0;
E_0x12bc0ab10 .event/or E_0x12bc0ab10/0, E_0x12bc0ab10/1, E_0x12bc0ab10/2;
E_0x12bc07160/0 .event anyedge, v0x12bb282e0_0, v0x12bb264d0_0, v0x12bb26980_0, v0x12bb26830_0;
E_0x12bc07160/1 .event anyedge, v0x12bb26110_0, v0x12bb288e0_0, v0x12bb28790_0, v0x12bb286f0_0;
E_0x12bc07160 .event/or E_0x12bc07160/0, E_0x12bc07160/1;
E_0x12bc09170/0 .event anyedge, v0x12bb25fb0_0, v0x12bb264d0_0, v0x12bb284f0_0, v0x12bb277b0_0;
E_0x12bc09170/1 .event anyedge, v0x12bb27fa0_0, v0x12bb26980_0, v0x12bb26830_0, v0x12bb282e0_0;
E_0x12bc09170 .event/or E_0x12bc09170/0, E_0x12bc09170/1;
L_0x12af068b0 .part v0x12bb25fb0_0, 1, 1;
L_0x12af06950 .part v0x12bb282e0_0, 1, 2;
L_0x12af069f0 .reduce/or L_0x12af06950;
L_0x12af06a90 .part v0x12bb28980_0, 1, 1;
L_0x12af06b30 .part v0x12bb28980_0, 3, 1;
L_0x12af06c40 .part v0x12bb28980_0, 1, 1;
L_0x12af06ce0 .part v0x12bb28980_0, 2, 1;
L_0x12af06e70 .reduce/and v0x12bb28ae0_0;
L_0x12af06f10 .reduce/or v0x12bb26d90_0;
L_0x12af07000 .reduce/nor L_0x12af06f10;
L_0x12af072a0 .part v0x12bb28980_0, 4, 1;
L_0x12af073a0 .cmp/eq 32, v0x12bb25630_0, v0x12bb26ad0_0;
L_0x12af07480 .part v0x12bb28980_0, 1, 4;
L_0x12af075b0 .reduce/or L_0x12af07480;
L_0x12af07770 .part v0x12bb27190_0, 3, 1;
L_0x12af07a00 .part v0x12bb25fb0_0, 0, 1;
L_0x12af07d20 .part v0x12bb28640_0, 0, 1;
L_0x12af07f40 .part v0x12bb282e0_0, 2, 2;
L_0x12af08020 .reduce/or L_0x12af07f40;
L_0x12af08210 .part v0x12bb28640_0, 0, 1;
L_0x12af08390 .part v0x12bb282e0_0, 3, 1;
L_0x12af08590 .part v0x12bb25fb0_0, 0, 1;
L_0x12af08720 .part v0x12bb28640_0, 0, 1;
L_0x12af08880 .part v0x12bb282e0_0, 2, 2;
L_0x12af08430 .reduce/or L_0x12af08880;
L_0x12af08ad0 .part v0x12bb28640_0, 0, 1;
L_0x12af08b70 .part v0x12bb282e0_0, 3, 1;
L_0x12af08da0 .part v0x12bb27190_0, 0, 1;
    .scope S_0x12bc0a120;
T_0 ;
    %wait E_0x12bc07ac0;
    %load/vec4 v0x12bb264d0_0;
    %inv;
    %flag_set/vec4 8;
    %jmp/0xz  T_0.0, 8;
    %pushi/vec4 1, 0, 5;
    %assign/vec4 v0x12bb25fb0_0, 0;
    %jmp T_0.1;
T_0.0 ;
    %load/vec4 v0x12bb26060_0;
    %assign/vec4 v0x12bb25fb0_0, 0;
T_0.1 ;
    %jmp T_0;
    .thread T_0;
    .scope S_0x12bc0a120;
T_1 ;
    %wait E_0x12bc09170;
    %load/vec4 v0x12bb25fb0_0;
    %dup/vec4;
    %pushi/vec4 1, 0, 5;
    %cmp/u;
    %jmp/1 T_1.0, 6;
    %dup/vec4;
    %pushi/vec4 2, 0, 5;
    %cmp/u;
    %jmp/1 T_1.1, 6;
    %dup/vec4;
    %pushi/vec4 4, 0, 5;
    %cmp/u;
    %jmp/1 T_1.2, 6;
    %jmp T_1.3;
T_1.0 ;
    %load/vec4 v0x12bb264d0_0;
    %inv;
    %load/vec4 v0x12bb284f0_0;
    %or;
    %flag_set/vec4 8;
    %jmp/0xz  T_1.4, 8;
    %pushi/vec4 1, 0, 5;
    %store/vec4 v0x12bb26060_0, 0, 5;
    %jmp T_1.5;
T_1.4 ;
    %load/vec4 v0x12bb277b0_0;
    %load/vec4 v0x12bb27fa0_0;
    %or;
    %flag_set/vec4 8;
    %jmp/0xz  T_1.6, 8;
    %pushi/vec4 2, 0, 5;
    %store/vec4 v0x12bb26060_0, 0, 5;
    %jmp T_1.7;
T_1.6 ;
    %pushi/vec4 1, 0, 5;
    %store/vec4 v0x12bb26060_0, 0, 5;
T_1.7 ;
T_1.5 ;
    %jmp T_1.3;
T_1.1 ;
    %load/vec4 v0x12bb26980_0;
    %load/vec4 v0x12bb26830_0;
    %and;
    %flag_set/vec4 8;
    %jmp/0xz  T_1.8, 8;
    %pushi/vec4 4, 0, 5;
    %store/vec4 v0x12bb26060_0, 0, 5;
    %jmp T_1.9;
T_1.8 ;
    %pushi/vec4 2, 0, 5;
    %store/vec4 v0x12bb26060_0, 0, 5;
T_1.9 ;
    %jmp T_1.3;
T_1.2 ;
    %load/vec4 v0x12bb282e0_0;
    %parti/s 1, 3, 3;
    %flag_set/vec4 8;
    %jmp/0xz  T_1.10, 8;
    %pushi/vec4 1, 0, 5;
    %store/vec4 v0x12bb26060_0, 0, 5;
T_1.10 ;
    %jmp T_1.3;
T_1.3 ;
    %pop/vec4 1;
    %jmp T_1;
    .thread T_1, $push;
    .scope S_0x12bc0a120;
T_2 ;
    %wait E_0x12bc07ac0;
    %load/vec4 v0x12bb264d0_0;
    %inv;
    %flag_set/vec4 8;
    %jmp/0xz  T_2.0, 8;
    %pushi/vec4 1, 0, 5;
    %assign/vec4 v0x12bb282e0_0, 0;
    %jmp T_2.1;
T_2.0 ;
    %load/vec4 v0x12bb28390_0;
    %assign/vec4 v0x12bb282e0_0, 0;
T_2.1 ;
    %jmp T_2;
    .thread T_2;
    .scope S_0x12bc0a120;
T_3 ;
    %wait E_0x12bc07160;
    %load/vec4 v0x12bb282e0_0;
    %dup/vec4;
    %pushi/vec4 1, 0, 5;
    %cmp/u;
    %jmp/1 T_3.0, 6;
    %dup/vec4;
    %pushi/vec4 2, 0, 5;
    %cmp/u;
    %jmp/1 T_3.1, 6;
    %dup/vec4;
    %pushi/vec4 4, 0, 5;
    %cmp/u;
    %jmp/1 T_3.2, 6;
    %dup/vec4;
    %pushi/vec4 8, 0, 5;
    %cmp/u;
    %jmp/1 T_3.3, 6;
    %pushi/vec4 1, 0, 5;
    %store/vec4 v0x12bb28390_0, 0, 5;
    %jmp T_3.5;
T_3.0 ;
    %load/vec4 v0x12bb264d0_0;
    %load/vec4 v0x12bb26980_0;
    %and;
    %load/vec4 v0x12bb26830_0;
    %and;
    %load/vec4 v0x12bb26110_0;
    %or/r;
    %or;
    %flag_set/vec4 8;
    %jmp/0xz  T_3.6, 8;
    %pushi/vec4 2, 0, 5;
    %store/vec4 v0x12bb28390_0, 0, 5;
    %jmp T_3.7;
T_3.6 ;
    %pushi/vec4 1, 0, 5;
    %store/vec4 v0x12bb28390_0, 0, 5;
T_3.7 ;
    %jmp T_3.5;
T_3.1 ;
    %load/vec4 v0x12bb288e0_0;
    %load/vec4 v0x12bb28790_0;
    %and;
    %load/vec4 v0x12bb286f0_0;
    %and;
    %flag_set/vec4 8;
    %jmp/0xz  T_3.8, 8;
    %pushi/vec4 8, 0, 5;
    %store/vec4 v0x12bb28390_0, 0, 5;
    %jmp T_3.9;
T_3.8 ;
    %load/vec4 v0x12bb288e0_0;
    %load/vec4 v0x12bb28790_0;
    %and;
    %flag_set/vec4 8;
    %jmp/0xz  T_3.10, 8;
    %pushi/vec4 4, 0, 5;
    %store/vec4 v0x12bb28390_0, 0, 5;
    %jmp T_3.11;
T_3.10 ;
    %pushi/vec4 2, 0, 5;
    %store/vec4 v0x12bb28390_0, 0, 5;
T_3.11 ;
T_3.9 ;
    %jmp T_3.5;
T_3.2 ;
    %load/vec4 v0x12bb288e0_0;
    %load/vec4 v0x12bb28790_0;
    %and;
    %load/vec4 v0x12bb286f0_0;
    %and;
    %flag_set/vec4 8;
    %jmp/0xz  T_3.12, 8;
    %pushi/vec4 8, 0, 5;
    %store/vec4 v0x12bb28390_0, 0, 5;
    %jmp T_3.13;
T_3.12 ;
    %load/vec4 v0x12bb288e0_0;
    %load/vec4 v0x12bb28790_0;
    %and;
    %flag_set/vec4 8;
    %jmp/0xz  T_3.14, 8;
    %pushi/vec4 4, 0, 5;
    %store/vec4 v0x12bb28390_0, 0, 5;
    %jmp T_3.15;
T_3.14 ;
    %pushi/vec4 2, 0, 5;
    %store/vec4 v0x12bb28390_0, 0, 5;
T_3.15 ;
T_3.13 ;
    %jmp T_3.5;
T_3.3 ;
    %pushi/vec4 1, 0, 5;
    %store/vec4 v0x12bb28390_0, 0, 5;
    %jmp T_3.5;
T_3.5 ;
    %pop/vec4 1;
    %jmp T_3;
    .thread T_3, $push;
    .scope S_0x12bc0a120;
T_4 ;
    %wait E_0x12bc07ac0;
    %load/vec4 v0x12bb264d0_0;
    %inv;
    %flag_set/vec4 8;
    %jmp/0xz  T_4.0, 8;
    %pushi/vec4 1, 0, 5;
    %assign/vec4 v0x12bb28980_0, 0;
    %jmp T_4.1;
T_4.0 ;
    %load/vec4 v0x12bb28a30_0;
    %assign/vec4 v0x12bb28980_0, 0;
T_4.1 ;
    %jmp T_4;
    .thread T_4;
    .scope S_0x12bc0a120;
T_5 ;
    %wait E_0x12bc0ab10;
    %load/vec4 v0x12bb28980_0;
    %dup/vec4;
    %pushi/vec4 1, 0, 5;
    %cmp/u;
    %jmp/1 T_5.0, 6;
    %dup/vec4;
    %pushi/vec4 2, 0, 5;
    %cmp/u;
    %jmp/1 T_5.1, 6;
    %dup/vec4;
    %pushi/vec4 4, 0, 5;
    %cmp/u;
    %jmp/1 T_5.2, 6;
    %dup/vec4;
    %pushi/vec4 8, 0, 5;
    %cmp/u;
    %jmp/1 T_5.3, 6;
    %dup/vec4;
    %pushi/vec4 16, 0, 5;
    %cmp/u;
    %jmp/1 T_5.4, 6;
    %jmp T_5.5;
T_5.0 ;
    %load/vec4 v0x12bb264d0_0;
    %inv;
    %flag_set/vec4 8;
    %jmp/0xz  T_5.6, 8;
    %pushi/vec4 1, 0, 5;
    %store/vec4 v0x12bb28a30_0, 0, 5;
    %jmp T_5.7;
T_5.6 ;
    %load/vec4 v0x12bb27ba0_0;
    %flag_set/vec4 8;
    %jmp/0xz  T_5.8, 8;
    %pushi/vec4 2, 0, 5;
    %store/vec4 v0x12bb28a30_0, 0, 5;
    %jmp T_5.9;
T_5.8 ;
    %pushi/vec4 1, 0, 5;
    %store/vec4 v0x12bb28a30_0, 0, 5;
T_5.9 ;
T_5.7 ;
    %jmp T_5.5;
T_5.1 ;
    %load/vec4 v0x12bb270f0_0;
    %load/vec4 v0x12bb26fa0_0;
    %and;
    %load/vec4 v0x12bb28f90_0;
    %and;
    %load/vec4 v0x12bb28e40_0;
    %and;
    %load/vec4 v0x12bb26a20_0;
    %or/r;
    %load/vec4 v0x12bb28b90_0;
    %or/r;
    %and;
    %or;
    %flag_set/vec4 8;
    %jmp/0xz  T_5.10, 8;
    %pushi/vec4 16, 0, 5;
    %store/vec4 v0x12bb28a30_0, 0, 5;
    %jmp T_5.11;
T_5.10 ;
    %load/vec4 v0x12bb270f0_0;
    %load/vec4 v0x12bb26fa0_0;
    %and;
    %load/vec4 v0x12bb26a20_0;
    %or/r;
    %or;
    %flag_set/vec4 8;
    %jmp/0xz  T_5.12, 8;
    %pushi/vec4 4, 0, 5;
    %store/vec4 v0x12bb28a30_0, 0, 5;
    %jmp T_5.13;
T_5.12 ;
    %load/vec4 v0x12bb28f90_0;
    %load/vec4 v0x12bb28e40_0;
    %and;
    %load/vec4 v0x12bb28b90_0;
    %or/r;
    %or;
    %flag_set/vec4 8;
    %jmp/0xz  T_5.14, 8;
    %pushi/vec4 8, 0, 5;
    %store/vec4 v0x12bb28a30_0, 0, 5;
    %jmp T_5.15;
T_5.14 ;
    %pushi/vec4 2, 0, 5;
    %store/vec4 v0x12bb28a30_0, 0, 5;
T_5.15 ;
T_5.13 ;
T_5.11 ;
    %jmp T_5.5;
T_5.2 ;
    %load/vec4 v0x12bb28f90_0;
    %load/vec4 v0x12bb28e40_0;
    %and;
    %flag_set/vec4 8;
    %jmp/0xz  T_5.16, 8;
    %pushi/vec4 16, 0, 5;
    %store/vec4 v0x12bb28a30_0, 0, 5;
    %jmp T_5.17;
T_5.16 ;
    %pushi/vec4 4, 0, 5;
    %store/vec4 v0x12bb28a30_0, 0, 5;
T_5.17 ;
    %jmp T_5.5;
T_5.3 ;
    %load/vec4 v0x12bb270f0_0;
    %load/vec4 v0x12bb26fa0_0;
    %and;
    %flag_set/vec4 8;
    %jmp/0xz  T_5.18, 8;
    %pushi/vec4 16, 0, 5;
    %store/vec4 v0x12bb28a30_0, 0, 5;
    %jmp T_5.19;
T_5.18 ;
    %pushi/vec4 8, 0, 5;
    %store/vec4 v0x12bb28a30_0, 0, 5;
T_5.19 ;
    %jmp T_5.5;
T_5.4 ;
    %load/vec4 v0x12bb273a0_0;
    %load/vec4 v0x12bb275c0_0;
    %and;
    %flag_set/vec4 8;
    %jmp/0xz  T_5.20, 8;
    %pushi/vec4 1, 0, 5;
    %store/vec4 v0x12bb28a30_0, 0, 5;
    %jmp T_5.21;
T_5.20 ;
    %pushi/vec4 16, 0, 5;
    %store/vec4 v0x12bb28a30_0, 0, 5;
T_5.21 ;
    %jmp T_5.5;
T_5.5 ;
    %pop/vec4 1;
    %jmp T_5;
    .thread T_5, $push;
    .scope S_0x12bc0a120;
T_6 ;
    %wait E_0x12bc07ac0;
    %load/vec4 v0x12bb264d0_0;
    %inv;
    %flag_set/vec4 8;
    %jmp/0xz  T_6.0, 8;
    %pushi/vec4 1, 0, 5;
    %assign/vec4 v0x12bb27190_0, 0;
    %jmp T_6.1;
T_6.0 ;
    %load/vec4 v0x12bb27240_0;
    %assign/vec4 v0x12bb27190_0, 0;
T_6.1 ;
    %jmp T_6;
    .thread T_6;
    .scope S_0x12bc0a120;
T_7 ;
    %wait E_0x12bc0a880;
    %load/vec4 v0x12bb27190_0;
    %dup/vec4;
    %pushi/vec4 1, 0, 5;
    %cmp/u;
    %jmp/1 T_7.0, 6;
    %dup/vec4;
    %pushi/vec4 2, 0, 5;
    %cmp/u;
    %jmp/1 T_7.1, 6;
    %dup/vec4;
    %pushi/vec4 4, 0, 5;
    %cmp/u;
    %jmp/1 T_7.2, 6;
    %dup/vec4;
    %pushi/vec4 8, 0, 5;
    %cmp/u;
    %jmp/1 T_7.3, 6;
    %jmp T_7.4;
T_7.0 ;
    %load/vec4 v0x12bb264d0_0;
    %load/vec4 v0x12bb273a0_0;
    %and;
    %flag_set/vec4 8;
    %jmp/0xz  T_7.5, 8;
    %pushi/vec4 2, 0, 5;
    %store/vec4 v0x12bb27240_0, 0, 5;
    %jmp T_7.6;
T_7.5 ;
    %pushi/vec4 1, 0, 5;
    %store/vec4 v0x12bb27240_0, 0, 5;
T_7.6 ;
    %jmp T_7.4;
T_7.1 ;
    %load/vec4 v0x12bb273a0_0;
    %load/vec4 v0x12bb275c0_0;
    %and;
    %flag_set/vec4 8;
    %jmp/0xz  T_7.7, 8;
    %pushi/vec4 8, 0, 5;
    %store/vec4 v0x12bb27240_0, 0, 5;
    %jmp T_7.8;
T_7.7 ;
    %pushi/vec4 2, 0, 5;
    %store/vec4 v0x12bb27240_0, 0, 5;
T_7.8 ;
    %jmp T_7.4;
T_7.2 ;
    %load/vec4 v0x12bb273a0_0;
    %load/vec4 v0x12bb275c0_0;
    %and;
    %load/vec4 v0x12bb28da0_0;
    %and;
    %flag_set/vec4 8;
    %jmp/0xz  T_7.9, 8;
    %pushi/vec4 8, 0, 5;
    %store/vec4 v0x12bb27240_0, 0, 5;
    %jmp T_7.10;
T_7.9 ;
    %load/vec4 v0x12bb273a0_0;
    %load/vec4 v0x12bb275c0_0;
    %and;
    %flag_set/vec4 8;
    %jmp/0xz  T_7.11, 8;
    %pushi/vec4 4, 0, 5;
    %store/vec4 v0x12bb27240_0, 0, 5;
    %jmp T_7.12;
T_7.11 ;
    %pushi/vec4 2, 0, 5;
    %store/vec4 v0x12bb27240_0, 0, 5;
T_7.12 ;
T_7.10 ;
    %jmp T_7.4;
T_7.3 ;
    %pushi/vec4 1, 0, 5;
    %store/vec4 v0x12bb27240_0, 0, 5;
    %jmp T_7.4;
T_7.4 ;
    %pop/vec4 1;
    %jmp T_7;
    .thread T_7, $push;
    .scope S_0x12bc0a120;
T_8 ;
    %wait E_0x12bc07ac0;
    %load/vec4 v0x12bb264d0_0;
    %inv;
    %flag_set/vec4 8;
    %jmp/0xz  T_8.0, 8;
    %pushi/vec4 0, 0, 8;
    %assign/vec4 v0x12bb28ae0_0, 0;
    %jmp T_8.1;
T_8.0 ;
    %load/vec4 v0x12bb275c0_0;
    %load/vec4 v0x12bb273a0_0;
    %and;
    %flag_set/vec4 8;
    %jmp/0xz  T_8.2, 8;
    %load/vec4 v0x12bb28ae0_0;
    %addi 1, 0, 8;
    %load/vec4 v0x12bb26d90_0;
    %and;
    %assign/vec4 v0x12bb28ae0_0, 0;
T_8.2 ;
T_8.1 ;
    %jmp T_8;
    .thread T_8;
    .scope S_0x12bc0a120;
T_9 ;
    %wait E_0x12bc07ac0;
    %load/vec4 v0x12bb264d0_0;
    %inv;
    %flag_set/vec4 8;
    %jmp/0xz  T_9.0, 8;
    %pushi/vec4 0, 0, 4;
    %assign/vec4 v0x12bb26570_0, 0;
    %pushi/vec4 0, 0, 32;
    %assign/vec4 v0x12bb25630_0, 0;
    %pushi/vec4 2, 0, 3;
    %assign/vec4 v0x12bb268d0_0, 0;
    %pushi/vec4 0, 0, 4;
    %assign/vec4 v0x12bb26430_0, 0;
    %pushi/vec4 32, 0, 15;
    %split/vec4 3;
    %assign/vec4 v0x12bb26780_0, 0;
    %split/vec4 2;
    %assign/vec4 v0x12bb266d0_0, 0;
    %split/vec4 2;
    %assign/vec4 v0x12bb263a0_0, 0;
    %assign/vec4 v0x12bb26620_0, 0;
    %jmp T_9.1;
T_9.0 ;
    %load/vec4 v0x12bb25fb0_0;
    %parti/s 1, 0, 2;
    %flag_set/vec4 8;
    %jmp/0xz  T_9.2, 8;
    %pushi/vec4 0, 0, 3;
    %load/vec4 v0x12bb277b0_0;
    %concat/vec4; draw_concat_vec4
    %assign/vec4 v0x12bb26570_0, 0;
    %load/vec4 v0x12bb277b0_0;
    %flag_set/vec4 8;
    %jmp/0 T_9.4, 8;
    %load/vec4 v0x12bb27660_0;
    %jmp/1 T_9.5, 8;
T_9.4 ; End of true expr.
    %load/vec4 v0x12bb27e50_0;
    %jmp/0 T_9.5, 8;
 ; End of false expr.
    %blend;
T_9.5;
    %assign/vec4 v0x12bb25630_0, 0;
    %load/vec4 v0x12bb277b0_0;
    %flag_set/vec4 8;
    %jmp/0 T_9.6, 8;
    %load/vec4 v0x12bb261b0_0;
    %parti/s 1, 2, 3;
    %replicate 2;
    %jmp/1 T_9.7, 8;
T_9.6 ; End of true expr.
    %load/vec4 v0x12bb28040_0;
    %parti/s 1, 2, 3;
    %replicate 2;
    %jmp/0 T_9.7, 8;
 ; End of false expr.
    %blend;
T_9.7;
    %ix/load 4, 0, 0;
    %ix/load 5, 0, 0;
    %flag_set/imm 4, 0;
    %assign/vec4/off/d v0x12bb26620_0, 4, 5;
T_9.2 ;
T_9.1 ;
    %jmp T_9;
    .thread T_9;
    .scope S_0x12bc0a120;
T_10 ;
    %wait E_0x12bc07ac0;
    %load/vec4 v0x12bb264d0_0;
    %inv;
    %flag_set/vec4 8;
    %jmp/0xz  T_10.0, 8;
    %pushi/vec4 0, 0, 8;
    %assign/vec4 v0x12bb26110_0, 0;
    %jmp T_10.1;
T_10.0 ;
    %load/vec4 v0x12bb26980_0;
    %load/vec4 v0x12bb26830_0;
    %and;
    %load/vec4 v0x12bb288e0_0;
    %and;
    %load/vec4 v0x12bb28790_0;
    %and;
    %flag_set/vec4 8;
    %jmp/0xz  T_10.2, 8;
    %load/vec4 v0x12bb26110_0;
    %load/vec4 v0x12bb26620_0;
    %and;
    %assign/vec4 v0x12bb26110_0, 0;
    %jmp T_10.3;
T_10.2 ;
    %load/vec4 v0x12bb26980_0;
    %load/vec4 v0x12bb26830_0;
    %and;
    %flag_set/vec4 8;
    %jmp/0xz  T_10.4, 8;
    %load/vec4 v0x12bb26110_0;
    %addi 1, 0, 8;
    %load/vec4 v0x12bb26620_0;
    %and;
    %assign/vec4 v0x12bb26110_0, 0;
    %jmp T_10.5;
T_10.4 ;
    %load/vec4 v0x12bb288e0_0;
    %load/vec4 v0x12bb28790_0;
    %and;
    %flag_set/vec4 8;
    %jmp/0xz  T_10.6, 8;
    %load/vec4 v0x12bb26110_0;
    %subi 1, 0, 8;
    %load/vec4 v0x12bb26620_0;
    %and;
    %assign/vec4 v0x12bb26110_0, 0;
T_10.6 ;
T_10.5 ;
T_10.3 ;
T_10.1 ;
    %jmp T_10;
    .thread T_10;
    .scope S_0x12bc0a120;
T_11 ;
    %wait E_0x12bc07ac0;
    %load/vec4 v0x12bb264d0_0;
    %inv;
    %flag_set/vec4 8;
    %jmp/0xz  T_11.0, 8;
    %pushi/vec4 0, 0, 32;
    %assign/vec4 v0x12bb26ad0_0, 0;
    %pushi/vec4 2, 0, 3;
    %assign/vec4 v0x12bb27040_0, 0;
    %pushi/vec4 0, 0, 4;
    %assign/vec4 v0x12bb26c30_0, 0;
    %pushi/vec4 65, 0, 19;
    %split/vec4 4;
    %assign/vec4 v0x12bb26ce0_0, 0;
    %split/vec4 3;
    %assign/vec4 v0x12bb26ef0_0, 0;
    %split/vec4 2;
    %assign/vec4 v0x12bb26e40_0, 0;
    %split/vec4 2;
    %assign/vec4 v0x12bb26b80_0, 0;
    %assign/vec4 v0x12bb26d90_0, 0;
    %jmp T_11.1;
T_11.0 ;
    %load/vec4 v0x12bb28980_0;
    %parti/s 1, 0, 2;
    %flag_set/vec4 8;
    %jmp/0xz  T_11.2, 8;
    %load/vec4 v0x12bb278f0_0;
    %assign/vec4 v0x12bb26ad0_0, 0;
    %load/vec4 v0x12bb27c40_0;
    %parti/s 1, 2, 3;
    %replicate 2;
    %ix/load 4, 0, 0;
    %ix/load 5, 0, 0;
    %flag_set/imm 4, 0;
    %assign/vec4/off/d v0x12bb26d90_0, 4, 5;
T_11.2 ;
T_11.1 ;
    %jmp T_11;
    .thread T_11;
    .scope S_0x12bc0a120;
T_12 ;
    %wait E_0x12bc07ac0;
    %load/vec4 v0x12bb264d0_0;
    %inv;
    %flag_set/vec4 8;
    %jmp/0xz  T_12.0, 8;
    %pushi/vec4 0, 0, 4;
    %assign/vec4 v0x12bb27da0_0, 0;
    %pushi/vec4 0, 0, 128;
    %assign/vec4 v0x12bb27a50_0, 0;
    %jmp T_12.1;
T_12.0 ;
    %load/vec4 v0x12bb28980_0;
    %parti/s 1, 0, 2;
    %flag_set/vec4 8;
    %jmp/0xz  T_12.2, 8;
    %load/vec4 v0x12bb27cf0_0;
    %assign/vec4 v0x12bb27da0_0, 0;
    %load/vec4 v0x12bb279a0_0;
    %assign/vec4 v0x12bb27a50_0, 0;
    %jmp T_12.3;
T_12.2 ;
    %load/vec4 v0x12bb275c0_0;
    %load/vec4 v0x12bb273a0_0;
    %and;
    %flag_set/vec4 8;
    %jmp/0xz  T_12.4, 8;
    %pushi/vec4 0, 0, 32;
    %load/vec4 v0x12bb27a50_0;
    %parti/s 96, 32, 7;
    %concat/vec4; draw_concat_vec4
    %assign/vec4 v0x12bb27a50_0, 0;
T_12.4 ;
T_12.3 ;
T_12.1 ;
    %jmp T_12;
    .thread T_12;
    .scope S_0x12bc0a120;
T_13 ;
    %wait E_0x12bc07ac0;
    %load/vec4 v0x12bb264d0_0;
    %inv;
    %flag_set/vec4 8;
    %jmp/0xz  T_13.0, 8;
    %pushi/vec4 0, 0, 4;
    %assign/vec4 v0x12bb28ee0_0, 0;
    %pushi/vec4 0, 0, 32;
    %assign/vec4 v0x12bb28c40_0, 0;
    %pushi/vec4 1, 0, 4;
    %assign/vec4 v0x12bb28cf0_0, 0;
    %jmp T_13.1;
T_13.0 ;
    %load/vec4 v0x12bb27190_0;
    %parti/s 2, 1, 2;
    %cmpi/ne 0, 0, 2;
    %jmp/0xz  T_13.2, 4;
    %load/vec4 v0x12bb27a50_0;
    %parti/s 32, 0, 2;
    %assign/vec4 v0x12bb28c40_0, 0;
T_13.2 ;
T_13.1 ;
    %jmp T_13;
    .thread T_13;
    .scope S_0x12bc0a120;
T_14 ;
    %wait E_0x12bc07ac0;
    %load/vec4 v0x12bb264d0_0;
    %inv;
    %flag_set/vec4 8;
    %jmp/0xz  T_14.0, 8;
    %pushi/vec4 0, 0, 8;
    %assign/vec4 v0x12bb26a20_0, 0;
    %jmp T_14.1;
T_14.0 ;
    %load/vec4 v0x12bb270f0_0;
    %load/vec4 v0x12bb26fa0_0;
    %and;
    %flag_set/vec4 8;
    %jmp/0xz  T_14.2, 8;
    %load/vec4 v0x12bb26a20_0;
    %pushi/vec4 0, 0, 1;
    %load/vec4 v0x12bb275c0_0;
    %load/vec4 v0x12bb273a0_0;
    %and;
    %inv;
    %concat/vec4; draw_concat_vec4
    %pad/u 8;
    %add;
    %load/vec4 v0x12bb26d90_0;
    %and;
    %assign/vec4 v0x12bb26a20_0, 0;
    %jmp T_14.3;
T_14.2 ;
    %load/vec4 v0x12bb275c0_0;
    %load/vec4 v0x12bb273a0_0;
    %and;
    %flag_set/vec4 8;
    %jmp/0xz  T_14.4, 8;
    %load/vec4 v0x12bb26a20_0;
    %subi 1, 0, 8;
    %load/vec4 v0x12bb26d90_0;
    %and;
    %assign/vec4 v0x12bb26a20_0, 0;
T_14.4 ;
T_14.3 ;
T_14.1 ;
    %jmp T_14;
    .thread T_14;
    .scope S_0x12bc0a120;
T_15 ;
    %wait E_0x12bc07ac0;
    %load/vec4 v0x12bb264d0_0;
    %inv;
    %flag_set/vec4 8;
    %jmp/0xz  T_15.0, 8;
    %pushi/vec4 0, 0, 8;
    %assign/vec4 v0x12bb28b90_0, 0;
    %jmp T_15.1;
T_15.0 ;
    %load/vec4 v0x12bb28f90_0;
    %load/vec4 v0x12bb28e40_0;
    %and;
    %flag_set/vec4 8;
    %jmp/0xz  T_15.2, 8;
    %load/vec4 v0x12bb28b90_0;
    %pushi/vec4 0, 0, 1;
    %load/vec4 v0x12bb275c0_0;
    %load/vec4 v0x12bb273a0_0;
    %and;
    %inv;
    %concat/vec4; draw_concat_vec4
    %pad/u 8;
    %add;
    %load/vec4 v0x12bb26d90_0;
    %and;
    %assign/vec4 v0x12bb28b90_0, 0;
    %jmp T_15.3;
T_15.2 ;
    %load/vec4 v0x12bb275c0_0;
    %load/vec4 v0x12bb273a0_0;
    %and;
    %flag_set/vec4 8;
    %jmp/0xz  T_15.4, 8;
    %load/vec4 v0x12bb28b90_0;
    %subi 1, 0, 8;
    %load/vec4 v0x12bb26d90_0;
    %and;
    %assign/vec4 v0x12bb28b90_0, 0;
T_15.4 ;
T_15.3 ;
T_15.1 ;
    %jmp T_15;
    .thread T_15;
    .scope S_0x12bc0a120;
T_16 ;
    %wait E_0x12bc07ac0;
    %load/vec4 v0x12bb264d0_0;
    %nor/r;
    %flag_set/vec4 8;
    %jmp/0xz  T_16.0, 8;
    %pushi/vec4 0, 0, 64;
    %split/vec4 32;
    %ix/load 3, 0, 0;
    %flag_set/imm 4, 0;
    %ix/load 4, 0, 0; Constant delay
    %assign/vec4/a/d v0x12bb274f0, 0, 4;
    %ix/load 3, 1, 0;
    %flag_set/imm 4, 0;
    %ix/load 4, 0, 0; Constant delay
    %assign/vec4/a/d v0x12bb274f0, 0, 4;
    %jmp T_16.1;
T_16.0 ;
    %load/vec4 v0x12bb288e0_0;
    %load/vec4 v0x12bb28790_0;
    %and;
    %flag_set/vec4 8;
    %jmp/0xz  T_16.2, 8;
    %load/vec4 v0x12bb28440_0;
    %ix/getv 3, v0x12bb28590_0;
    %ix/load 4, 0, 0; Constant delay
    %assign/vec4/a/d v0x12bb274f0, 0, 4;
T_16.2 ;
T_16.1 ;
    %jmp T_16;
    .thread T_16;
    .scope S_0x12bc0a120;
T_17 ;
    %wait E_0x12bc07ac0;
    %load/vec4 v0x12bb264d0_0;
    %inv;
    %flag_set/vec4 8;
    %jmp/0xz  T_17.0, 8;
    %pushi/vec4 0, 0, 4;
    %assign/vec4 v0x12bb28640_0, 0;
    %jmp T_17.1;
T_17.0 ;
    %load/vec4 v0x12bb288e0_0;
    %load/vec4 v0x12bb28790_0;
    %and;
    %flag_set/vec4 8;
    %jmp/0xz  T_17.2, 8;
    %load/vec4 v0x12bb28590_0;
    %assign/vec4 v0x12bb28640_0, 0;
T_17.2 ;
T_17.1 ;
    %jmp T_17;
    .thread T_17;
# The file index is used to find the file name in the following table.
:file_names 3;
    "N/A";
    "<interactive>";
    "/Users/fanyuchen/Desktop/la/myCPU/cache/axi_bridge.v";
