#! /opt/homebrew/Cellar/icarus-verilog/12.0/bin/vvp
:ivl_version "12.0 (stable)";
:ivl_delay_selection "TYPICAL";
:vpi_time_precision + 0;
:vpi_module "/opt/homebrew/Cellar/icarus-verilog/12.0/lib/ivl/system.vpi";
:vpi_module "/opt/homebrew/Cellar/icarus-verilog/12.0/lib/ivl/vhdl_sys.vpi";
:vpi_module "/opt/homebrew/Cellar/icarus-verilog/12.0/lib/ivl/vhdl_textio.vpi";
:vpi_module "/opt/homebrew/Cellar/icarus-verilog/12.0/lib/ivl/v2005_math.vpi";
:vpi_module "/opt/homebrew/Cellar/icarus-verilog/12.0/lib/ivl/va_math.vpi";
S_0x123a056e0 .scope module, "pc" "pc" 2 1;
 .timescale 0 0;
    .port_info 0 /OUTPUT 32 "pc_reg";
    .port_info 1 /OUTPUT 1 "icache_re";
    .port_info 2 /INPUT 1 "rst_n";
    .port_info 3 /INPUT 1 "clk";
    .port_info 4 /INPUT 1 "pc_wen";
    .port_info 5 /INPUT 32 "branch_address";
    .port_info 6 /INPUT 1 "is_branch";
    .port_info 7 /INPUT 1 "pc_is_wrong";
    .port_info 8 /INPUT 32 "pc_correct";
P_0x123a06080 .param/l "PC_INITIAL" 0 2 14, C4<00000000000000000000000000000000>;
o0x128040010 .functor BUFZ 32, C4<zzzzzzzzzzzzzzzzzzzzzzzzzzzzzzzz>; HiZ drive
v0x123a0c020_0 .net "branch_address", 31 0, o0x128040010;  0 drivers
o0x128040040 .functor BUFZ 1, C4<z>; HiZ drive
v0x123a1bd40_0 .net "clk", 0 0, o0x128040040;  0 drivers
v0x123a1bde0_0 .var "icache_re", 0 0;
o0x1280400a0 .functor BUFZ 1, C4<z>; HiZ drive
v0x123a1be70_0 .net "is_branch", 0 0, o0x1280400a0;  0 drivers
o0x1280400d0 .functor BUFZ 32, C4<zzzzzzzzzzzzzzzzzzzzzzzzzzzzzzzz>; HiZ drive
v0x123a1bf10_0 .net "pc_correct", 31 0, o0x1280400d0;  0 drivers
o0x128040100 .functor BUFZ 1, C4<z>; HiZ drive
v0x123a1c000_0 .net "pc_is_wrong", 0 0, o0x128040100;  0 drivers
v0x123a1c0a0_0 .var "pc_next", 31 0;
v0x123a1c150_0 .var "pc_reg", 31 0;
o0x128040190 .functor BUFZ 1, C4<z>; HiZ drive
v0x123a1c200_0 .net "pc_wen", 0 0, o0x128040190;  0 drivers
o0x1280401c0 .functor BUFZ 1, C4<z>; HiZ drive
v0x123a1c310_0 .net "rst_n", 0 0, o0x1280401c0;  0 drivers
E_0x123a072f0 .event posedge, v0x123a1bd40_0;
E_0x123a06ea0/0 .event anyedge, v0x123a1c310_0, v0x123a1c200_0, v0x123a1be70_0, v0x123a0c020_0;
E_0x123a06ea0/1 .event anyedge, v0x123a1c000_0, v0x123a1bf10_0, v0x123a1c150_0;
E_0x123a06ea0 .event/or E_0x123a06ea0/0, E_0x123a06ea0/1;
    .scope S_0x123a056e0;
T_0 ;
    %wait E_0x123a06ea0;
    %load/vec4 v0x123a1c310_0;
    %nor/r;
    %flag_set/vec4 8;
    %jmp/0xz  T_0.0, 8;
    %pushi/vec4 0, 0, 32;
    %assign/vec4 v0x123a1c0a0_0, 0;
    %jmp T_0.1;
T_0.0 ;
    %load/vec4 v0x123a1c200_0;
    %flag_set/vec4 8;
    %jmp/0xz  T_0.2, 8;
    %load/vec4 v0x123a1be70_0;
    %flag_set/vec4 8;
    %jmp/0xz  T_0.4, 8;
    %load/vec4 v0x123a0c020_0;
    %assign/vec4 v0x123a1c0a0_0, 0;
    %jmp T_0.5;
T_0.4 ;
    %load/vec4 v0x123a1c000_0;
    %flag_set/vec4 8;
    %jmp/0xz  T_0.6, 8;
    %load/vec4 v0x123a1bf10_0;
    %assign/vec4 v0x123a1c0a0_0, 0;
    %jmp T_0.7;
T_0.6 ;
    %load/vec4 v0x123a1c150_0;
    %addi 4, 0, 32;
    %assign/vec4 v0x123a1c0a0_0, 0;
T_0.7 ;
T_0.5 ;
    %jmp T_0.3;
T_0.2 ;
    %load/vec4 v0x123a1c150_0;
    %assign/vec4 v0x123a1c0a0_0, 0;
T_0.3 ;
T_0.1 ;
    %jmp T_0;
    .thread T_0, $push;
    .scope S_0x123a056e0;
T_1 ;
    %wait E_0x123a072f0;
    %load/vec4 v0x123a1c0a0_0;
    %assign/vec4 v0x123a1c150_0, 0;
    %load/vec4 v0x123a1c200_0;
    %assign/vec4 v0x123a1bde0_0, 0;
    %jmp T_1;
    .thread T_1;
# The file index is used to find the file name in the following table.
:file_names 3;
    "N/A";
    "<interactive>";
    "/Users/fanyuchen/Desktop/la/cpu/stage_if1/pc.v";
