#! /opt/homebrew/Cellar/icarus-verilog/12.0/bin/vvp
:ivl_version "12.0 (stable)";
:ivl_delay_selection "TYPICAL";
:vpi_time_precision + 0;
:vpi_module "/opt/homebrew/Cellar/icarus-verilog/12.0/lib/ivl/system.vpi";
:vpi_module "/opt/homebrew/Cellar/icarus-verilog/12.0/lib/ivl/vhdl_sys.vpi";
:vpi_module "/opt/homebrew/Cellar/icarus-verilog/12.0/lib/ivl/vhdl_textio.vpi";
:vpi_module "/opt/homebrew/Cellar/icarus-verilog/12.0/lib/ivl/v2005_math.vpi";
:vpi_module "/opt/homebrew/Cellar/icarus-verilog/12.0/lib/ivl/va_math.vpi";
S_0x12b904190 .scope module, "bp" "bp" 2 3;
 .timescale 0 0;
    .port_info 0 /OUTPUT 1 "branch";
    .port_info 1 /OUTPUT 32 "target";
    .port_info 2 /INPUT 1 "clk";
    .port_info 3 /INPUT 1 "rst_n";
    .port_info 4 /INPUT 6 "pc_low";
    .port_info 5 /INPUT 1 "we";
    .port_info 6 /INPUT 1 "hitted";
    .port_info 7 /INPUT 32 "wtarget";
    .port_info 8 /INPUT 6 "hit_addr";
v0x12b9044a0_0 .var "branch", 0 0;
v0x12b914550 .array "btb", 63 0, 34 0;
o0x130040040 .functor BUFZ 1, C4<z>; HiZ drive
v0x12b9145f0_0 .net "clk", 0 0, o0x130040040;  0 drivers
o0x130040070 .functor BUFZ 6, C4<zzzzzz>; HiZ drive
v0x12b914680_0 .net "hit_addr", 5 0, o0x130040070;  0 drivers
o0x1300400a0 .functor BUFZ 1, C4<z>; HiZ drive
v0x12b914730_0 .net "hitted", 0 0, o0x1300400a0;  0 drivers
v0x12b914810_0 .var/i "i", 31 0;
o0x130040100 .functor BUFZ 6, C4<zzzzzz>; HiZ drive
v0x12b9148c0_0 .net "pc_low", 5 0, o0x130040100;  0 drivers
o0x130040130 .functor BUFZ 1, C4<z>; HiZ drive
v0x12b914970_0 .net "rst_n", 0 0, o0x130040130;  0 drivers
v0x12b914a10_0 .var "target", 31 0;
o0x130040190 .functor BUFZ 1, C4<z>; HiZ drive
v0x12b914b20_0 .net "we", 0 0, o0x130040190;  0 drivers
o0x1300401c0 .functor BUFZ 32, C4<zzzzzzzzzzzzzzzzzzzzzzzzzzzzzzzz>; HiZ drive
v0x12b914bc0_0 .net "wtarget", 31 0, o0x1300401c0;  0 drivers
E_0x12b904440 .event posedge, v0x12b9145f0_0;
    .scope S_0x12b904190;
T_0 ;
    %wait E_0x12b904440;
    %load/vec4 v0x12b914970_0;
    %nor/r;
    %flag_set/vec4 8;
    %jmp/0xz  T_0.0, 8;
    %pushi/vec4 0, 0, 32;
    %store/vec4 v0x12b914810_0, 0, 32;
T_0.2 ;
    %load/vec4 v0x12b914810_0;
    %cmpi/s 64, 0, 32;
    %jmp/0xz T_0.3, 5;
    %pushi/vec4 0, 0, 35;
    %ix/getv/s 3, v0x12b914810_0;
    %ix/load 4, 0, 0; Constant delay
    %assign/vec4/a/d v0x12b914550, 0, 4;
    %load/vec4 v0x12b914810_0;
    %addi 1, 0, 32;
    %store/vec4 v0x12b914810_0, 0, 32;
    %jmp T_0.2;
T_0.3 ;
    %jmp T_0.1;
T_0.0 ;
    %load/vec4 v0x12b914b20_0;
    %flag_set/vec4 8;
    %jmp/0xz  T_0.4, 8;
    %pushi/vec4 1, 0, 1;
    %load/vec4 v0x12b9148c0_0;
    %pad/u 8;
    %ix/vec4 3;
    %ix/load 4, 34, 0; part off
    %ix/load 5, 0, 0; Constant delay
    %assign/vec4/a/d v0x12b914550, 4, 5;
    %load/vec4 v0x12b9148c0_0;
    %pad/u 8;
    %ix/vec4 4;
    %load/vec4a v0x12b914550, 4;
    %parti/s 1, 32, 7;
    %load/vec4 v0x12b914730_0;
    %concat/vec4; draw_concat_vec4
    %load/vec4 v0x12b9148c0_0;
    %pad/u 8;
    %ix/vec4 3;
    %ix/load 4, 32, 0; part off
    %ix/load 5, 0, 0; Constant delay
    %assign/vec4/a/d v0x12b914550, 4, 5;
    %load/vec4 v0x12b914bc0_0;
    %load/vec4 v0x12b9148c0_0;
    %pad/u 8;
    %ix/vec4 3;
    %ix/load 4, 0, 0; Constant delay
    %assign/vec4/a/d v0x12b914550, 0, 4;
T_0.4 ;
T_0.1 ;
    %jmp T_0;
    .thread T_0;
    .scope S_0x12b904190;
T_1 ;
    %wait E_0x12b904440;
    %load/vec4 v0x12b914970_0;
    %nor/r;
    %flag_set/vec4 8;
    %jmp/0xz  T_1.0, 8;
    %pushi/vec4 0, 0, 1;
    %assign/vec4 v0x12b9044a0_0, 0;
    %pushi/vec4 0, 0, 32;
    %assign/vec4 v0x12b914a10_0, 0;
    %jmp T_1.1;
T_1.0 ;
    %load/vec4 v0x12b9148c0_0;
    %pad/u 8;
    %ix/vec4 4;
    %load/vec4a v0x12b914550, 4;
    %parti/s 1, 34, 7;
    %flag_set/vec4 9;
    %flag_get/vec4 9;
    %jmp/0 T_1.4, 9;
    %load/vec4 v0x12b9148c0_0;
    %pad/u 8;
    %ix/vec4 4;
    %load/vec4a v0x12b914550, 4;
    %parti/s 1, 33, 7;
    %pushi/vec4 1, 0, 1;
    %cmp/e;
    %flag_get/vec4 4;
    %and;
T_1.4;
    %flag_set/vec4 8;
    %jmp/0xz  T_1.2, 8;
    %pushi/vec4 1, 0, 1;
    %assign/vec4 v0x12b9044a0_0, 0;
    %load/vec4 v0x12b914680_0;
    %pad/u 8;
    %ix/vec4 4;
    %load/vec4a v0x12b914550, 4;
    %parti/s 32, 0, 2;
    %assign/vec4 v0x12b914a10_0, 0;
    %jmp T_1.3;
T_1.2 ;
    %pushi/vec4 0, 0, 1;
    %assign/vec4 v0x12b9044a0_0, 0;
    %pushi/vec4 0, 0, 32;
    %assign/vec4 v0x12b914a10_0, 0;
T_1.3 ;
T_1.1 ;
    %jmp T_1;
    .thread T_1;
# The file index is used to find the file name in the following table.
:file_names 3;
    "N/A";
    "<interactive>";
    "/Users/fanyuchen/Desktop/la/cpu/stage_if2/bp.v";
