#! /opt/homebrew/Cellar/icarus-verilog/12.0/bin/vvp
:ivl_version "12.0 (stable)";
:ivl_delay_selection "TYPICAL";
:vpi_time_precision + 0;
:vpi_module "/opt/homebrew/Cellar/icarus-verilog/12.0/lib/ivl/system.vpi";
:vpi_module "/opt/homebrew/Cellar/icarus-verilog/12.0/lib/ivl/vhdl_sys.vpi";
:vpi_module "/opt/homebrew/Cellar/icarus-verilog/12.0/lib/ivl/vhdl_textio.vpi";
:vpi_module "/opt/homebrew/Cellar/icarus-verilog/12.0/lib/ivl/v2005_math.vpi";
:vpi_module "/opt/homebrew/Cellar/icarus-verilog/12.0/lib/ivl/va_math.vpi";
S_0x130e061d0 .scope module, "pc_branch" "pc_branch" 2 2;
 .timescale 0 0;
    .port_info 0 /OUTPUT 32 "pc_branch";
    .port_info 1 /INPUT 8 "op";
    .port_info 2 /INPUT 32 "rj";
    .port_info 3 /INPUT 32 "pc";
    .port_info 4 /INPUT 26 "offset";
o0x138040010 .functor BUFZ 26, C4<zzzzzzzzzzzzzzzzzzzzzzzzzz>; HiZ drive
v0x130e06430_0 .net "offset", 25 0, o0x138040010;  0 drivers
o0x138040040 .functor BUFZ 8, C4<zzzzzzzz>; HiZ drive
v0x130e164e0_0 .net "op", 7 0, o0x138040040;  0 drivers
o0x138040070 .functor BUFZ 32, C4<zzzzzzzzzzzzzzzzzzzzzzzzzzzzzzzz>; HiZ drive
v0x130e16590_0 .net "pc", 31 0, o0x138040070;  0 drivers
v0x130e16650_0 .var "pc_branch", 31 0;
o0x1380400d0 .functor BUFZ 32, C4<zzzzzzzzzzzzzzzzzzzzzzzzzzzzzzzz>; HiZ drive
v0x130e16700_0 .net "rj", 31 0, o0x1380400d0;  0 drivers
E_0x130e063f0 .event anyedge, v0x130e164e0_0, v0x130e16700_0, v0x130e06430_0, v0x130e16590_0;
    .scope S_0x130e061d0;
T_0 ;
    %wait E_0x130e063f0;
    %load/vec4 v0x130e164e0_0;
    %dup/vec4;
    %pushi/vec4 38, 0, 8;
    %cmp/u;
    %jmp/1 T_0.0, 6;
    %dup/vec4;
    %pushi/vec4 39, 0, 8;
    %cmp/u;
    %jmp/1 T_0.1, 6;
    %dup/vec4;
    %pushi/vec4 40, 0, 8;
    %cmp/u;
    %jmp/1 T_0.2, 6;
    %load/vec4 v0x130e16590_0;
    %load/vec4 v0x130e06430_0;
    %parti/s 1, 15, 5;
    %replicate 16;
    %load/vec4 v0x130e06430_0;
    %parti/s 16, 0, 2;
    %concat/vec4; draw_concat_vec4
    %add;
    %store/vec4 v0x130e16650_0, 0, 32;
    %jmp T_0.4;
T_0.0 ;
    %load/vec4 v0x130e16700_0;
    %load/vec4 v0x130e06430_0;
    %parti/s 1, 15, 5;
    %replicate 16;
    %load/vec4 v0x130e06430_0;
    %parti/s 16, 0, 2;
    %concat/vec4; draw_concat_vec4
    %add;
    %store/vec4 v0x130e16650_0, 0, 32;
    %jmp T_0.4;
T_0.1 ;
    %load/vec4 v0x130e16590_0;
    %load/vec4 v0x130e06430_0;
    %parti/s 1, 25, 6;
    %replicate 6;
    %load/vec4 v0x130e06430_0;
    %concat/vec4; draw_concat_vec4
    %add;
    %store/vec4 v0x130e16650_0, 0, 32;
    %jmp T_0.4;
T_0.2 ;
    %load/vec4 v0x130e16590_0;
    %load/vec4 v0x130e06430_0;
    %parti/s 1, 25, 6;
    %replicate 6;
    %load/vec4 v0x130e06430_0;
    %concat/vec4; draw_concat_vec4
    %add;
    %store/vec4 v0x130e16650_0, 0, 32;
    %jmp T_0.4;
T_0.4 ;
    %pop/vec4 1;
    %jmp T_0;
    .thread T_0, $push;
# The file index is used to find the file name in the following table.
:file_names 3;
    "N/A";
    "<interactive>";
    "/Users/fanyuchen/Desktop/la/cpu/stage_ex/pc_branch.v";
